<?xml version="1.0" encoding="UTF-8"?>
<coverage generated="1756684941941" clover="3.2.0">
  <project timestamp="1756684941941" name="All files">
    <metrics statements="573" coveredstatements="0" conditionals="192" coveredconditionals="0" methods="116" coveredmethods="0" elements="881" coveredelements="0" complexity="0" loc="573" ncloc="573" packages="1" files="5" classes="5"/>
    <file name="config.js" path="/workspace/config.js">
      <metrics statements="4" coveredstatements="0" conditionals="4" coveredconditionals="0" methods="0" coveredmethods="0"/>
      <line num="4" count="0" type="stmt"/>
      <line num="34" count="0" type="cond" truecount="0" falsecount="4"/>
      <line num="35" count="0" type="stmt"/>
      <line num="37" count="0" type="stmt"/>
    </file>
    <file name="script.js" path="/workspace/script.js">
      <metrics statements="509" coveredstatements="0" conditionals="170" coveredconditionals="0" methods="102" coveredmethods="0"/>
      <line num="2" count="0" type="stmt"/>
      <line num="135" count="0" type="stmt"/>
      <line num="136" count="0" type="cond" truecount="0" falsecount="2"/>
      <line num="137" count="0" type="cond" truecount="0" falsecount="2"/>
      <line num="138" count="0" type="stmt"/>
      <line num="141" count="0" type="stmt"/>
      <line num="144" count="0" type="cond" truecount="0" falsecount="2"/>
      <line num="145" count="0" type="stmt"/>
      <line num="146" count="0" type="cond" truecount="0" falsecount="2"/>
      <line num="147" count="0" type="stmt"/>
      <line num="148" count="0" type="cond" truecount="0" falsecount="2"/>
      <line num="149" count="0" type="stmt"/>
      <line num="151" count="0" type="stmt"/>
      <line num="154" count="0" type="stmt"/>
      <line num="155" count="0" type="stmt"/>
      <line num="160" count="0" type="stmt"/>
      <line num="165" count="0" type="cond" truecount="0" falsecount="2"/>
      <line num="166" count="0" type="stmt"/>
      <line num="167" count="0" type="stmt"/>
      <line num="170" count="0" type="stmt"/>
      <line num="173" count="0" type="stmt"/>
      <line num="174" count="0" type="stmt"/>
      <line num="175" count="0" type="cond" truecount="0" falsecount="2"/>
      <line num="176" count="0" type="stmt"/>
      <line num="181" count="0" type="cond" truecount="0" falsecount="4"/>
      <line num="182" count="0" type="stmt"/>
      <line num="186" count="0" type="stmt"/>
      <line num="187" count="0" type="stmt"/>
      <line num="189" count="0" type="cond" truecount="0" falsecount="4"/>
      <line num="190" count="0" type="cond" truecount="0" falsecount="4"/>
      <line num="191" count="0" type="stmt"/>
      <line num="193" count="0" type="stmt"/>
      <line num="197" count="0" type="stmt"/>
      <line num="202" count="0" type="stmt"/>
      <line num="207" count="0" type="stmt"/>
      <line num="208" count="0" type="cond" truecount="0" falsecount="2"/>
      <line num="209" count="0" type="stmt"/>
      <line num="210" count="0" type="stmt"/>
      <line num="212" count="0" type="cond" truecount="0" falsecount="5"/>
      <line num="213" count="0" type="stmt"/>
      <line num="215" count="0" type="cond" truecount="0" falsecount="5"/>
      <line num="216" count="0" type="stmt"/>
      <line num="222" count="0" type="stmt"/>
      <line num="224" count="0" type="stmt"/>
      <line num="225" count="0" type="stmt"/>
      <line num="226" count="0" type="stmt"/>
      <line num="227" count="0" type="stmt"/>
      <line num="231" count="0" type="stmt"/>
      <line num="233" count="0" type="stmt"/>
      <line num="234" count="0" type="stmt"/>
      <line num="236" count="0" type="stmt"/>
      <line num="237" count="0" type="stmt"/>
      <line num="239" count="0" type="stmt"/>
      <line num="240" count="0" type="stmt"/>
      <line num="242" count="0" type="stmt"/>
      <line num="243" count="0" type="stmt"/>
      <line num="244" count="0" type="stmt"/>
      <line num="247" count="0" type="stmt"/>
      <line num="248" count="0" type="cond" truecount="0" falsecount="2"/>
      <line num="249" count="0" type="stmt"/>
      <line num="252" count="0" type="stmt"/>
      <line num="253" count="0" type="cond" truecount="0" falsecount="2"/>
      <line num="254" count="0" type="stmt"/>
      <line num="257" count="0" type="stmt"/>
      <line num="258" count="0" type="cond" truecount="0" falsecount="2"/>
      <line num="259" count="0" type="stmt"/>
      <line num="262" count="0" type="stmt"/>
      <line num="263" count="0" type="cond" truecount="0" falsecount="2"/>
      <line num="264" count="0" type="stmt"/>
      <line num="267" count="0" type="stmt"/>
      <line num="268" count="0" type="cond" truecount="0" falsecount="2"/>
      <line num="269" count="0" type="stmt"/>
      <line num="272" count="0" type="stmt"/>
      <line num="273" count="0" type="cond" truecount="0" falsecount="2"/>
      <line num="274" count="0" type="stmt"/>
      <line num="278" count="0" type="stmt"/>
      <line num="279" count="0" type="stmt"/>
      <line num="282" count="0" type="stmt"/>
      <line num="283" count="0" type="stmt"/>
      <line num="286" count="0" type="stmt"/>
      <line num="287" count="0" type="stmt"/>
      <line num="289" count="0" type="stmt"/>
      <line num="291" count="0" type="stmt"/>
      <line num="297" count="0" type="stmt"/>
      <line num="298" count="0" type="stmt"/>
      <line num="300" count="0" type="cond" truecount="0" falsecount="4"/>
      <line num="301" count="0" type="stmt"/>
      <line num="302" count="0" type="stmt"/>
      <line num="303" count="0" type="stmt"/>
      <line num="307" count="0" type="stmt"/>
      <line num="308" count="0" type="stmt"/>
      <line num="309" count="0" type="stmt"/>
      <line num="310" count="0" type="stmt"/>
      <line num="315" count="0" type="stmt"/>
      <line num="316" count="0" type="cond" truecount="0" falsecount="4"/>
      <line num="317" count="0" type="stmt"/>
      <line num="318" count="0" type="stmt"/>
      <line num="327" count="0" type="stmt"/>
      <line num="328" count="0" type="stmt"/>
      <line num="329" count="0" type="stmt"/>
      <line num="331" count="0" type="stmt"/>
      <line num="332" count="0" type="stmt"/>
      <line num="334" count="0" type="cond" truecount="0" falsecount="2"/>
      <line num="336" count="0" type="cond" truecount="0" falsecount="2"/>
      <line num="339" count="0" type="stmt"/>
      <line num="342" count="0" type="stmt"/>
      <line num="348" count="0" type="stmt"/>
      <line num="357" count="0" type="stmt"/>
      <line num="358" count="0" type="stmt"/>
      <line num="362" count="0" type="stmt"/>
      <line num="363" count="0" type="cond" truecount="0" falsecount="2"/>
      <line num="364" count="0" type="stmt"/>
      <line num="370" count="0" type="stmt"/>
      <line num="371" count="0" type="stmt"/>
      <line num="373" count="0" type="stmt"/>
      <line num="374" count="0" type="stmt"/>
      <line num="376" count="0" type="stmt"/>
      <line num="377" count="0" type="stmt"/>
      <line num="378" count="0" type="stmt"/>
      <line num="379" count="0" type="stmt"/>
      <line num="381" count="0" type="cond" truecount="0" falsecount="4"/>
      <line num="382" count="0" type="stmt"/>
      <line num="383" count="0" type="stmt"/>
      <line num="384" count="0" type="cond" truecount="0" falsecount="2"/>
      <line num="385" count="0" type="stmt"/>
      <line num="395" count="0" type="stmt"/>
      <line num="396" count="0" type="stmt"/>
      <line num="398" count="0" type="cond" truecount="0" falsecount="2"/>
      <line num="402" count="0" type="stmt"/>
      <line num="405" count="0" type="stmt"/>
      <line num="406" count="0" type="stmt"/>
      <line num="408" count="0" type="cond" truecount="0" falsecount="2"/>
      <line num="409" count="0" type="stmt"/>
      <line num="410" count="0" type="stmt"/>
      <line num="413" count="0" type="stmt"/>
      <line num="414" count="0" type="stmt"/>
      <line num="418" count="0" type="stmt"/>
      <line num="419" count="0" type="stmt"/>
      <line num="420" count="0" type="stmt"/>
      <line num="421" count="0" type="stmt"/>
      <line num="422" count="0" type="stmt"/>
      <line num="423" count="0" type="stmt"/>
      <line num="428" count="0" type="stmt"/>
      <line num="430" count="0" type="cond" truecount="0" falsecount="2"/>
      <line num="431" count="0" type="stmt"/>
      <line num="432" count="0" type="stmt"/>
      <line num="433" count="0" type="stmt"/>
      <line num="438" count="0" type="stmt"/>
      <line num="439" count="0" type="cond" truecount="0" falsecount="2"/>
      <line num="440" count="0" type="cond" truecount="0" falsecount="2"/>
      <line num="444" count="0" type="stmt"/>
      <line num="445" count="0" type="cond" truecount="0" falsecount="2"/>
      <line num="446" count="0" type="cond" truecount="0" falsecount="2"/>
      <line num="449" count="0" type="stmt"/>
      <line num="451" count="0" type="stmt"/>
      <line num="459" count="0" type="stmt"/>
      <line num="460" count="0" type="stmt"/>
      <line num="461" count="0" type="stmt"/>
      <line num="465" count="0" type="cond" truecount="0" falsecount="2"/>
      <line num="466" count="0" type="stmt"/>
      <line num="467" count="0" type="stmt"/>
      <line num="470" count="0" type="cond" truecount="0" falsecount="2"/>
      <line num="471" count="0" type="stmt"/>
      <line num="476" count="0" type="stmt"/>
      <line num="478" count="0" type="stmt"/>
      <line num="479" count="0" type="stmt"/>
      <line num="482" count="0" type="stmt"/>
      <line num="483" count="0" type="stmt"/>
      <line num="484" count="0" type="stmt"/>
      <line num="485" count="0" type="stmt"/>
      <line num="487" count="0" type="stmt"/>
      <line num="489" count="0" type="stmt"/>
      <line num="492" count="0" type="stmt"/>
      <line num="495" count="0" type="stmt"/>
      <line num="498" count="0" type="stmt"/>
      <line num="499" count="0" type="stmt"/>
      <line num="502" count="0" type="stmt"/>
      <line num="503" count="0" type="stmt"/>
      <line num="509" count="0" type="stmt"/>
      <line num="510" count="0" type="stmt"/>
      <line num="511" count="0" type="stmt"/>
      <line num="512" count="0" type="stmt"/>
      <line num="518" count="0" type="cond" truecount="0" falsecount="2"/>
      <line num="519" count="0" type="stmt"/>
      <line num="524" count="0" type="cond" truecount="0" falsecount="2"/>
      <line num="526" count="0" type="stmt"/>
      <line num="527" count="0" type="cond" truecount="0" falsecount="2"/>
      <line num="528" count="0" type="stmt"/>
      <line num="529" count="0" type="stmt"/>
      <line num="534" count="0" type="stmt"/>
      <line num="535" count="0" type="cond" truecount="0" falsecount="2"/>
      <line num="536" count="0" type="stmt"/>
      <line num="541" count="0" type="stmt"/>
      <line num="542" count="0" type="cond" truecount="0" falsecount="4"/>
      <line num="543" count="0" type="stmt"/>
      <line num="547" count="0" type="stmt"/>
      <line num="550" count="0" type="stmt"/>
      <line num="554" count="0" type="cond" truecount="0" falsecount="2"/>
      <line num="555" count="0" type="stmt"/>
      <line num="561" count="0" type="cond" truecount="0" falsecount="2"/>
      <line num="562" count="0" type="stmt"/>
      <line num="564" count="0" type="cond" truecount="0" falsecount="2"/>
      <line num="565" count="0" type="stmt"/>
      <line num="574" count="0" type="stmt"/>
      <line num="575" count="0" type="cond" truecount="0" falsecount="2"/>
      <line num="576" count="0" type="stmt"/>
      <line num="577" count="0" type="stmt"/>
      <line num="580" count="0" type="stmt"/>
      <line num="581" count="0" type="cond" truecount="0" falsecount="2"/>
      <line num="582" count="0" type="stmt"/>
      <line num="583" count="0" type="stmt"/>
      <line num="586" count="0" type="stmt"/>
      <line num="587" count="0" type="stmt"/>
      <line num="588" count="0" type="stmt"/>
      <line num="589" count="0" type="stmt"/>
      <line num="590" count="0" type="stmt"/>
      <line num="592" count="0" type="stmt"/>
      <line num="593" count="0" type="stmt"/>
      <line num="594" count="0" type="stmt"/>
      <line num="595" count="0" type="stmt"/>
      <line num="596" count="0" type="stmt"/>
      <line num="599" count="0" type="stmt"/>
      <line num="600" count="0" type="stmt"/>
      <line num="601" count="0" type="stmt"/>
      <line num="602" count="0" type="stmt"/>
      <line num="604" count="0" type="stmt"/>
      <line num="609" count="0" type="stmt"/>
      <line num="610" count="0" type="stmt"/>
      <line num="614" count="0" type="stmt"/>
      <line num="615" count="0" type="stmt"/>
      <line num="619" count="0" type="stmt"/>
      <line num="621" count="0" type="stmt"/>
      <line num="622" count="0" type="stmt"/>
      <line num="635" count="0" type="stmt"/>
      <line num="641" count="0" type="stmt"/>
      <line num="656" count="0" type="stmt"/>
      <line num="657" count="0" type="stmt"/>
      <line num="660" count="0" type="stmt"/>
      <line num="666" count="0" type="cond" truecount="0" falsecount="2"/>
      <line num="667" count="0" type="stmt"/>
      <line num="668" count="0" type="stmt"/>
      <line num="674" count="0" type="stmt"/>
      <line num="675" count="0" type="stmt"/>
      <line num="678" count="0" type="stmt"/>
      <line num="681" count="0" type="stmt"/>
      <line num="683" count="0" type="stmt"/>
      <line num="687" count="0" type="stmt"/>
      <line num="688" count="0" type="stmt"/>
      <line num="690" count="0" type="stmt"/>
      <line num="691" count="0" type="cond" truecount="0" falsecount="2"/>
      <line num="692" count="0" type="stmt"/>
      <line num="693" count="0" type="stmt"/>
      <line num="695" count="0" type="stmt"/>
      <line num="696" count="0" type="stmt"/>
      <line num="699" count="0" type="stmt"/>
      <line num="705" count="0" type="stmt"/>
      <line num="707" count="0" type="stmt"/>
      <line num="708" count="0" type="cond" truecount="0" falsecount="2"/>
      <line num="710" count="0" type="stmt"/>
      <line num="713" count="0" type="stmt"/>
      <line num="717" count="0" type="stmt"/>
      <line num="718" count="0" type="stmt"/>
      <line num="719" count="0" type="stmt"/>
      <line num="721" count="0" type="stmt"/>
      <line num="722" count="0" type="stmt"/>
      <line num="723" count="0" type="stmt"/>
      <line num="724" count="0" type="stmt"/>
      <line num="727" count="0" type="stmt"/>
      <line num="728" count="0" type="stmt"/>
      <line num="729" count="0" type="stmt"/>
      <line num="730" count="0" type="stmt"/>
      <line num="733" count="0" type="cond" truecount="0" falsecount="2"/>
      <line num="734" count="0" type="stmt"/>
      <line num="735" count="0" type="stmt"/>
      <line num="736" count="0" type="stmt"/>
      <line num="742" count="0" type="stmt"/>
      <line num="743" count="0" type="stmt"/>
      <line num="744" count="0" type="stmt"/>
      <line num="747" count="0" type="stmt"/>
      <line num="748" count="0" type="stmt"/>
      <line num="749" count="0" type="cond" truecount="0" falsecount="2"/>
      <line num="752" count="0" type="cond" truecount="0" falsecount="2"/>
      <line num="753" count="0" type="stmt"/>
      <line num="754" count="0" type="stmt"/>
      <line num="755" count="0" type="stmt"/>
      <line num="760" count="0" type="stmt"/>
      <line num="761" count="0" type="stmt"/>
      <line num="762" count="0" type="stmt"/>
      <line num="765" count="0" type="stmt"/>
      <line num="766" count="0" type="stmt"/>
      <line num="767" count="0" type="cond" truecount="0" falsecount="2"/>
      <line num="770" count="0" type="cond" truecount="0" falsecount="2"/>
      <line num="774" count="0" type="stmt"/>
      <line num="775" count="0" type="stmt"/>
      <line num="777" count="0" type="cond" truecount="0" falsecount="4"/>
      <line num="778" count="0" type="stmt"/>
      <line num="779" count="0" type="stmt"/>
      <line num="782" count="0" type="stmt"/>
      <line num="783" count="0" type="stmt"/>
      <line num="784" count="0" type="stmt"/>
      <line num="791" count="0" type="stmt"/>
      <line num="792" count="0" type="stmt"/>
      <line num="801" count="0" type="stmt"/>
      <line num="806" count="0" type="cond" truecount="0" falsecount="2"/>
      <line num="808" count="0" type="stmt"/>
      <line num="809" count="0" type="stmt"/>
      <line num="810" count="0" type="stmt"/>
      <line num="811" count="0" type="stmt"/>
      <line num="813" count="0" type="stmt"/>
      <line num="814" count="0" type="stmt"/>
      <line num="815" count="0" type="stmt"/>
      <line num="816" count="0" type="stmt"/>
      <line num="817" count="0" type="stmt"/>
      <line num="818" count="0" type="stmt"/>
      <line num="820" count="0" type="stmt"/>
      <line num="825" count="0" type="stmt"/>
      <line num="826" count="0" type="cond" truecount="0" falsecount="2"/>
      <line num="827" count="0" type="stmt"/>
      <line num="829" count="0" type="cond" truecount="0" falsecount="2"/>
      <line num="830" count="0" type="stmt"/>
      <line num="831" count="0" type="stmt"/>
      <line num="840" count="0" type="stmt"/>
      <line num="841" count="0" type="stmt"/>
      <line num="842" count="0" type="stmt"/>
      <line num="843" count="0" type="stmt"/>
      <line num="844" count="0" type="stmt"/>
      <line num="846" count="0" type="stmt"/>
      <line num="847" count="0" type="stmt"/>
      <line num="848" count="0" type="stmt"/>
      <line num="849" count="0" type="stmt"/>
      <line num="851" count="0" type="stmt"/>
      <line num="852" count="0" type="stmt"/>
      <line num="853" count="0" type="stmt"/>
      <line num="858" count="0" type="stmt"/>
      <line num="859" count="0" type="stmt"/>
      <line num="863" count="0" type="stmt"/>
      <line num="864" count="0" type="stmt"/>
      <line num="868" count="0" type="stmt"/>
      <line num="870" count="0" type="stmt"/>
      <line num="871" count="0" type="stmt"/>
      <line num="886" count="0" type="stmt"/>
      <line num="893" count="0" type="stmt"/>
      <line num="897" count="0" type="stmt"/>
      <line num="899" count="0" type="stmt"/>
      <line num="901" count="0" type="stmt"/>
      <line num="902" count="0" type="stmt"/>
      <line num="905" count="0" type="stmt"/>
      <line num="906" count="0" type="stmt"/>
      <line num="907" count="0" type="stmt"/>
      <line num="909" count="0" type="cond" truecount="0" falsecount="2"/>
      <line num="910" count="0" type="stmt"/>
      <line num="911" count="0" type="stmt"/>
      <line num="915" count="0" type="cond" truecount="0" falsecount="4"/>
      <line num="916" count="0" type="cond" truecount="0" falsecount="4"/>
      <line num="919" count="0" type="stmt"/>
      <line num="920" count="0" type="cond" truecount="0" falsecount="2"/>
      <line num="921" count="0" type="stmt"/>
      <line num="922" count="0" type="stmt"/>
      <line num="923" count="0" type="stmt"/>
      <line num="924" count="0" type="stmt"/>
      <line num="928" count="0" type="stmt"/>
      <line num="929" count="0" type="stmt"/>
      <line num="932" count="0" type="stmt"/>
      <line num="936" count="0" type="stmt"/>
      <line num="937" count="0" type="stmt"/>
      <line num="939" count="0" type="stmt"/>
      <line num="940" count="0" type="stmt"/>
      <line num="941" count="0" type="stmt"/>
      <line num="942" count="0" type="stmt"/>
      <line num="945" count="0" type="stmt"/>
      <line num="946" count="0" type="stmt"/>
      <line num="947" count="0" type="stmt"/>
      <line num="948" count="0" type="stmt"/>
      <line num="950" count="0" type="stmt"/>
      <line num="953" count="0" type="stmt"/>
      <line num="961" count="0" type="stmt"/>
      <line num="962" count="0" type="stmt"/>
      <line num="963" count="0" type="stmt"/>
      <line num="964" count="0" type="stmt"/>
      <line num="966" count="0" type="cond" truecount="0" falsecount="2"/>
      <line num="967" count="0" type="stmt"/>
      <line num="972" count="0" type="stmt"/>
      <line num="973" count="0" type="stmt"/>
      <line num="974" count="0" type="stmt"/>
      <line num="978" count="0" type="stmt"/>
      <line num="982" count="0" type="cond" truecount="0" falsecount="2"/>
      <line num="984" count="0" type="stmt"/>
      <line num="985" count="0" type="stmt"/>
      <line num="988" count="0" type="stmt"/>
      <line num="989" count="0" type="stmt"/>
      <line num="993" count="0" type="stmt"/>
      <line num="994" count="0" type="stmt"/>
      <line num="999" count="0" type="stmt"/>
      <line num="1014" count="0" type="stmt"/>
      <line num="1015" count="0" type="stmt"/>
      <line num="1018" count="0" type="stmt"/>
      <line num="1022" count="0" type="stmt"/>
      <line num="1024" count="0" type="stmt"/>
      <line num="1025" count="0" type="stmt"/>
      <line num="1026" count="0" type="stmt"/>
      <line num="1035" count="0" type="stmt"/>
      <line num="1036" count="0" type="cond" truecount="0" falsecount="2"/>
      <line num="1038" count="0" type="stmt"/>
      <line num="1039" count="0" type="stmt"/>
      <line num="1040" count="0" type="stmt"/>
      <line num="1041" count="0" type="stmt"/>
      <line num="1042" count="0" type="stmt"/>
      <line num="1044" count="0" type="stmt"/>
      <line num="1059" count="0" type="stmt"/>
      <line num="1074" count="0" type="stmt"/>
      <line num="1075" count="0" type="stmt"/>
      <line num="1079" count="0" type="stmt"/>
      <line num="1080" count="0" type="stmt"/>
      <line num="1084" count="0" type="stmt"/>
      <line num="1085" count="0" type="stmt"/>
      <line num="1086" count="0" type="stmt"/>
      <line num="1087" count="0" type="stmt"/>
      <line num="1089" count="0" type="cond" truecount="0" falsecount="4"/>
      <line num="1090" count="0" type="stmt"/>
      <line num="1091" count="0" type="stmt"/>
      <line num="1092" count="0" type="stmt"/>
      <line num="1094" count="0" type="stmt"/>
      <line num="1099" count="0" type="stmt"/>
      <line num="1100" count="0" type="stmt"/>
      <line num="1101" count="0" type="stmt"/>
      <line num="1102" count="0" type="stmt"/>
      <line num="1104" count="0" type="cond" truecount="0" falsecount="4"/>
      <line num="1105" count="0" type="stmt"/>
      <line num="1107" count="0" type="stmt"/>
      <line num="1112" count="0" type="stmt"/>
      <line num="1113" count="0" type="stmt"/>
      <line num="1114" count="0" type="stmt"/>
      <line num="1118" count="0" type="cond" truecount="0" falsecount="2"/>
      <line num="1120" count="0" type="stmt"/>
      <line num="1121" count="0" type="stmt"/>
      <line num="1123" count="0" type="stmt"/>
      <line num="1124" count="0" type="stmt"/>
      <line num="1125" count="0" type="stmt"/>
      <line num="1126" count="0" type="stmt"/>
      <line num="1130" count="0" type="stmt"/>
      <line num="1133" count="0" type="stmt"/>
      <line num="1134" count="0" type="stmt"/>
      <line num="1135" count="0" type="stmt"/>
      <line num="1136" count="0" type="stmt"/>
      <line num="1137" count="0" type="stmt"/>
      <line num="1140" count="0" type="stmt"/>
      <line num="1141" count="0" type="stmt"/>
      <line num="1142" count="0" type="stmt"/>
      <line num="1143" count="0" type="stmt"/>
      <line num="1144" count="0" type="stmt"/>
      <line num="1147" count="0" type="stmt"/>
      <line num="1148" count="0" type="stmt"/>
      <line num="1149" count="0" type="stmt"/>
      <line num="1150" count="0" type="stmt"/>
      <line num="1153" count="0" type="cond" truecount="0" falsecount="2"/>
      <line num="1154" count="0" type="stmt"/>
      <line num="1155" count="0" type="stmt"/>
      <line num="1156" count="0" type="stmt"/>
      <line num="1157" count="0" type="stmt"/>
      <line num="1159" count="0" type="stmt"/>
      <line num="1160" count="0" type="stmt"/>
      <line num="1161" count="0" type="stmt"/>
      <line num="1162" count="0" type="stmt"/>
      <line num="1163" count="0" type="stmt"/>
      <line num="1167" count="0" type="cond" truecount="0" falsecount="2"/>
      <line num="1168" count="0" type="stmt"/>
      <line num="1169" count="0" type="stmt"/>
      <line num="1170" count="0" type="stmt"/>
      <line num="1171" count="0" type="stmt"/>
      <line num="1174" count="0" type="stmt"/>
      <line num="1175" count="0" type="stmt"/>
      <line num="1176" count="0" type="stmt"/>
      <line num="1180" count="0" type="stmt"/>
      <line num="1181" count="0" type="stmt"/>
      <line num="1183" count="0" type="stmt"/>
      <line num="1184" count="0" type="stmt"/>
      <line num="1185" count="0" type="stmt"/>
      <line num="1186" count="0" type="stmt"/>
      <line num="1187" count="0" type="stmt"/>
      <line num="1188" count="0" type="stmt"/>
      <line num="1190" count="0" type="stmt"/>
      <line num="1191" count="0" type="stmt"/>
      <line num="1192" count="0" type="stmt"/>
      <line num="1193" count="0" type="stmt"/>
      <line num="1201" count="0" type="stmt"/>
      <line num="1202" count="0" type="stmt"/>
      <line num="1205" count="0" type="stmt"/>
      <line num="1206" count="0" type="stmt"/>
      <line num="1207" count="0" type="stmt"/>
      <line num="1211" count="0" type="stmt"/>
      <line num="1214" count="0" type="stmt"/>
      <line num="1215" count="0" type="cond" truecount="0" falsecount="2"/>
      <line num="1216" count="0" type="stmt"/>
      <line num="1224" count="0" type="stmt"/>
      <line num="1225" count="0" type="stmt"/>
      <line num="1226" count="0" type="stmt"/>
      <line num="1227" count="0" type="stmt"/>
      <line num="1231" count="0" type="stmt"/>
      <line num="1232" count="0" type="stmt"/>
      <line num="1233" count="0" type="stmt"/>
      <line num="1234" count="0" type="stmt"/>
      <line num="1235" count="0" type="stmt"/>
      <line num="1236" count="0" type="stmt"/>
      <line num="1237" count="0" type="stmt"/>
      <line num="1239" count="0" type="stmt"/>
      <line num="1240" count="0" type="stmt"/>
      <line num="1245" count="0" type="stmt"/>
      <line num="1246" count="0" type="stmt"/>
      <line num="1247" count="0" type="stmt"/>
    </file>
    <file name="server.js" path="/workspace/server.js">
      <metrics statements="38" coveredstatements="0" conditionals="12" coveredconditionals="0" methods="5" coveredmethods="0"/>
      <line num="1" count="0" type="stmt"/>
      <line num="2" count="0" type="stmt"/>
      <line num="3" count="0" type="stmt"/>
      <line num="6" count="0" type="stmt"/>
      <line num="22" count="0" type="stmt"/>
      <line num="23" count="0" type="stmt"/>
      <line num="24" count="0" type="stmt"/>
      <line num="27" count="0" type="cond" truecount="0" falsecount="2"/>
      <line num="28" count="0" type="stmt"/>
      <line num="32" count="0" type="stmt"/>
      <line num="33" count="0" type="cond" truecount="0" falsecount="2"/>
      <line num="34" count="0" type="stmt"/>
      <line num="35" count="0" type="stmt"/>
      <line num="36" count="0" type="stmt"/>
      <line num="40" count="0" type="stmt"/>
      <line num="41" count="0" type="cond" truecount="0" falsecount="2"/>
      <line num="44" count="0" type="stmt"/>
      <line num="45" count="0" type="cond" truecount="0" falsecount="2"/>
      <line num="46" count="0" type="cond" truecount="0" falsecount="2"/>
      <line num="48" count="0" type="stmt"/>
      <line num="49" count="0" type="stmt"/>
      <line num="52" count="0" type="stmt"/>
      <line num="53" count="0" type="stmt"/>
      <line num="54" count="0" type="stmt"/>
      <line num="58" count="0" type="stmt"/>
      <line num="59" count="0" type="stmt"/>
      <line num="63" count="0" type="stmt"/>
      <line num="64" count="0" type="stmt"/>
      <line num="65" count="0" type="stmt"/>
      <line num="69" count="0" type="cond" truecount="0" falsecount="2"/>
      <line num="70" count="0" type="stmt"/>
      <line num="71" count="0" type="stmt"/>
      <line num="72" count="0" type="stmt"/>
      <line num="76" count="0" type="stmt"/>
      <line num="77" count="0" type="stmt"/>
      <line num="78" count="0" type="stmt"/>
      <line num="79" count="0" type="stmt"/>
      <line num="80" count="0" type="stmt"/>
    </file>
    <file name="sw.js" path="/workspace/sw.js">
      <metrics statements="21" coveredstatements="0" conditionals="6" coveredconditionals="0" methods="9" coveredmethods="0"/>
      <line num="1" count="0" type="stmt"/>
      <line num="2" count="0" type="stmt"/>
      <line num="12" count="0" type="stmt"/>
      <line num="13" count="0" type="stmt"/>
      <line num="16" count="0" type="stmt"/>
      <line num="17" count="0" type="stmt"/>
      <line num="23" count="0" type="stmt"/>
      <line num="24" count="0" type="stmt"/>
      <line num="28" count="0" type="cond" truecount="0" falsecount="2"/>
      <line num="29" count="0" type="stmt"/>
      <line num="31" count="0" type="stmt"/>
      <line num="38" count="0" type="stmt"/>
      <line num="39" count="0" type="stmt"/>
      <line num="40" count="0" type="stmt"/>
      <line num="42" count="0" type="stmt"/>
      <line num="44" count="0" type="cond" truecount="0" falsecount="2"/>
      <line num="45" count="0" type="stmt"/>
      <line num="54" count="0" type="stmt"/>
      <line num="55" count="0" type="cond" truecount="0" falsecount="2"/>
      <line num="56" count="0" type="stmt"/>
      <line num="62" count="0" type="stmt"/>
    </file>
    <file name="translations.js" path="/workspace/translations.js">
      <metrics statements="1" coveredstatements="0" conditionals="0" coveredconditionals="0" methods="0" coveredmethods="0"/>
      <line num="2" count="0" type="stmt"/>
    </file>
  </project>
</coverage>
