{"/workspace/config.js": {"path":"/workspace/config.js","statementMap":{"0":{"start":{"line":4,"column":15},"end":{"line":31,"column":1}},"1":{"start":{"line":34,"column":0},"end":{"line":38,"column":1}},"2":{"start":{"line":35,"column":4},"end":{"line":35,"column":28}},"3":{"start":{"line":37,"column":4},"end":{"line":37,"column":27}}},"fnMap":{},"branchMap":{"0":{"loc":{"start":{"line":34,"column":0},"end":{"line":38,"column":1}},"type":"if","locations":[{"start":{"line":34,"column":0},"end":{"line":38,"column":1}},{"start":{"line":36,"column":7},"end":{"line":38,"column":1}}],"line":34},"1":{"loc":{"start":{"line":34,"column":4},"end":{"line":34,"column":51}},"type":"binary-expr","locations":[{"start":{"line":34,"column":4},"end":{"line":34,"column":33}},{"start":{"line":34,"column":37},"end":{"line":34,"column":51}}],"line":34}},"s":{"0":0,"1":0,"2":0,"3":0},"f":{},"b":{"0":[0,0],"1":[0,0]}}
,"/workspace/script.js": {"path":"/workspace/script.js","statementMap":{"0":{"start":{"line":2,"column":21},"end":{"line":131,"column":1}},"1":{"start":{"line":135,"column":4},"end":{"line":156,"column":5}},"2":{"start":{"line":136,"column":28},"end":{"line":136,"column":72}},"3":{"start":{"line":137,"column":8},"end":{"line":139,"column":9}},"4":{"start":{"line":138,"column":12},"end":{"line":138,"column":24}},"5":{"start":{"line":141,"column":21},"end":{"line":141,"column":60}},"6":{"start":{"line":144,"column":8},"end":{"line":152,"column":9}},"7":{"start":{"line":145,"column":12},"end":{"line":145,"column":24}},"8":{"start":{"line":146,"column":15},"end":{"line":152,"column":9}},"9":{"start":{"line":147,"column":12},"end":{"line":147,"column":24}},"10":{"start":{"line":148,"column":15},"end":{"line":152,"column":9}},"11":{"start":{"line":149,"column":12},"end":{"line":149,"column":24}},"12":{"start":{"line":151,"column":12},"end":{"line":151,"column":24}},"13":{"start":{"line":154,"column":8},"end":{"line":154,"column":65}},"14":{"start":{"line":155,"column":8},"end":{"line":155,"column":20}},"15":{"start":{"line":160,"column":18},"end":{"line":160,"column":41}},"16":{"start":{"line":165,"column":4},"end":{"line":168,"column":5}},"17":{"start":{"line":166,"column":8},"end":{"line":166,"column":82}},"18":{"start":{"line":167,"column":8},"end":{"line":167,"column":20}},"19":{"start":{"line":170,"column":4},"end":{"line":170,"column":23}},"20":{"start":{"line":173,"column":4},"end":{"line":178,"column":7}},"21":{"start":{"line":174,"column":8},"end":{"line":174,"column":39}},"22":{"start":{"line":175,"column":8},"end":{"line":177,"column":9}},"23":{"start":{"line":176,"column":12},"end":{"line":176,"column":40}},"24":{"start":{"line":181,"column":4},"end":{"line":183,"column":5}},"25":{"start":{"line":182,"column":8},"end":{"line":182,"column":58}},"26":{"start":{"line":186,"column":4},"end":{"line":199,"column":7}},"27":{"start":{"line":187,"column":20},"end":{"line":187,"column":58}},"28":{"start":{"line":189,"column":8},"end":{"line":198,"column":9}},"29":{"start":{"line":190,"column":12},"end":{"line":194,"column":13}},"30":{"start":{"line":191,"column":16},"end":{"line":191,"column":62}},"31":{"start":{"line":193,"column":16},"end":{"line":193,"column":62}},"32":{"start":{"line":197,"column":12},"end":{"line":197,"column":87}},"33":{"start":{"line":202,"column":4},"end":{"line":202,"column":26}},"34":{"start":{"line":207,"column":22},"end":{"line":207,"column":59}},"35":{"start":{"line":208,"column":4},"end":{"line":218,"column":5}},"36":{"start":{"line":209,"column":22},"end":{"line":209,"column":61}},"37":{"start":{"line":210,"column":21},"end":{"line":210,"column":59}},"38":{"start":{"line":212,"column":8},"end":{"line":214,"column":9}},"39":{"start":{"line":213,"column":12},"end":{"line":213,"column":67}},"40":{"start":{"line":215,"column":8},"end":{"line":217,"column":9}},"41":{"start":{"line":216,"column":12},"end":{"line":216,"column":66}},"42":{"start":{"line":222,"column":0},"end":{"line":293,"column":3}},"43":{"start":{"line":224,"column":4},"end":{"line":229,"column":7}},"44":{"start":{"line":225,"column":8},"end":{"line":228,"column":11}},"45":{"start":{"line":226,"column":25},"end":{"line":226,"column":55}},"46":{"start":{"line":227,"column":12},"end":{"line":227,"column":33}},"47":{"start":{"line":231,"column":4},"end":{"line":231,"column":52}},"48":{"start":{"line":233,"column":4},"end":{"line":233,"column":32}},"49":{"start":{"line":234,"column":4},"end":{"line":234,"column":51}},"50":{"start":{"line":236,"column":4},"end":{"line":236,"column":56}},"51":{"start":{"line":237,"column":4},"end":{"line":237,"column":53}},"52":{"start":{"line":239,"column":4},"end":{"line":292,"column":5}},"53":{"start":{"line":240,"column":8},"end":{"line":240,"column":54}},"54":{"start":{"line":242,"column":8},"end":{"line":242,"column":48}},"55":{"start":{"line":243,"column":8},"end":{"line":243,"column":24}},"56":{"start":{"line":244,"column":8},"end":{"line":244,"column":47}},"57":{"start":{"line":247,"column":8},"end":{"line":247,"column":51}},"58":{"start":{"line":248,"column":8},"end":{"line":250,"column":9}},"59":{"start":{"line":249,"column":12},"end":{"line":249,"column":30}},"60":{"start":{"line":252,"column":8},"end":{"line":252,"column":47}},"61":{"start":{"line":253,"column":8},"end":{"line":255,"column":9}},"62":{"start":{"line":254,"column":12},"end":{"line":254,"column":26}},"63":{"start":{"line":257,"column":8},"end":{"line":257,"column":54}},"64":{"start":{"line":258,"column":8},"end":{"line":260,"column":9}},"65":{"start":{"line":259,"column":12},"end":{"line":259,"column":33}},"66":{"start":{"line":262,"column":8},"end":{"line":262,"column":50}},"67":{"start":{"line":263,"column":8},"end":{"line":265,"column":9}},"68":{"start":{"line":264,"column":12},"end":{"line":264,"column":52}},"69":{"start":{"line":267,"column":8},"end":{"line":267,"column":51}},"70":{"start":{"line":268,"column":8},"end":{"line":270,"column":9}},"71":{"start":{"line":269,"column":12},"end":{"line":269,"column":30}},"72":{"start":{"line":272,"column":8},"end":{"line":272,"column":55}},"73":{"start":{"line":273,"column":8},"end":{"line":275,"column":9}},"74":{"start":{"line":274,"column":12},"end":{"line":274,"column":34}},"75":{"start":{"line":278,"column":8},"end":{"line":278,"column":57}},"76":{"start":{"line":279,"column":8},"end":{"line":279,"column":31}},"77":{"start":{"line":282,"column":8},"end":{"line":282,"column":56}},"78":{"start":{"line":283,"column":8},"end":{"line":283,"column":30}},"79":{"start":{"line":286,"column":8},"end":{"line":286,"column":50}},"80":{"start":{"line":287,"column":8},"end":{"line":287,"column":24}},"81":{"start":{"line":289,"column":8},"end":{"line":289,"column":51}},"82":{"start":{"line":291,"column":8},"end":{"line":291,"column":71}},"83":{"start":{"line":297,"column":22},"end":{"line":297,"column":59}},"84":{"start":{"line":298,"column":20},"end":{"line":298,"column":55}},"85":{"start":{"line":300,"column":4},"end":{"line":321,"column":5}},"86":{"start":{"line":301,"column":8},"end":{"line":304,"column":11}},"87":{"start":{"line":302,"column":12},"end":{"line":302,"column":44}},"88":{"start":{"line":303,"column":12},"end":{"line":303,"column":47}},"89":{"start":{"line":307,"column":8},"end":{"line":312,"column":11}},"90":{"start":{"line":308,"column":12},"end":{"line":311,"column":15}},"91":{"start":{"line":309,"column":16},"end":{"line":309,"column":53}},"92":{"start":{"line":310,"column":16},"end":{"line":310,"column":51}},"93":{"start":{"line":315,"column":8},"end":{"line":320,"column":11}},"94":{"start":{"line":316,"column":12},"end":{"line":319,"column":13}},"95":{"start":{"line":317,"column":16},"end":{"line":317,"column":53}},"96":{"start":{"line":318,"column":16},"end":{"line":318,"column":51}},"97":{"start":{"line":327,"column":4},"end":{"line":351,"column":7}},"98":{"start":{"line":328,"column":8},"end":{"line":350,"column":11}},"99":{"start":{"line":329,"column":12},"end":{"line":329,"column":31}},"100":{"start":{"line":331,"column":29},"end":{"line":331,"column":54}},"101":{"start":{"line":332,"column":34},"end":{"line":332,"column":66}},"102":{"start":{"line":334,"column":12},"end":{"line":349,"column":13}},"103":{"start":{"line":336,"column":37},"end":{"line":336,"column":90}},"104":{"start":{"line":339,"column":39},"end":{"line":339,"column":82}},"105":{"start":{"line":342,"column":16},"end":{"line":345,"column":19}},"106":{"start":{"line":348,"column":16},"end":{"line":348,"column":46}},"107":{"start":{"line":357,"column":4},"end":{"line":359,"column":7}},"108":{"start":{"line":358,"column":8},"end":{"line":358,"column":40}},"109":{"start":{"line":362,"column":23},"end":{"line":362,"column":80}},"110":{"start":{"line":363,"column":4},"end":{"line":365,"column":5}},"111":{"start":{"line":364,"column":8},"end":{"line":364,"column":43}},"112":{"start":{"line":370,"column":21},"end":{"line":370,"column":61}},"113":{"start":{"line":371,"column":21},"end":{"line":371,"column":72}},"114":{"start":{"line":373,"column":4},"end":{"line":390,"column":7}},"115":{"start":{"line":374,"column":26},"end":{"line":374,"column":46}},"116":{"start":{"line":376,"column":8},"end":{"line":389,"column":11}},"117":{"start":{"line":377,"column":31},"end":{"line":377,"column":48}},"118":{"start":{"line":378,"column":34},"end":{"line":378,"column":54}},"119":{"start":{"line":379,"column":30},"end":{"line":379,"column":56}},"120":{"start":{"line":381,"column":12},"end":{"line":388,"column":13}},"121":{"start":{"line":382,"column":16},"end":{"line":387,"column":19}},"122":{"start":{"line":383,"column":20},"end":{"line":383,"column":52}},"123":{"start":{"line":384,"column":20},"end":{"line":386,"column":21}},"124":{"start":{"line":385,"column":24},"end":{"line":385,"column":53}},"125":{"start":{"line":395,"column":22},"end":{"line":395,"column":59}},"126":{"start":{"line":396,"column":4},"end":{"line":396,"column":48}},"127":{"start":{"line":398,"column":4},"end":{"line":452,"column":5}},"128":{"start":{"line":402,"column":8},"end":{"line":402,"column":66}},"129":{"start":{"line":405,"column":8},"end":{"line":415,"column":11}},"130":{"start":{"line":406,"column":12},"end":{"line":406,"column":56}},"131":{"start":{"line":408,"column":12},"end":{"line":411,"column":13}},"132":{"start":{"line":409,"column":16},"end":{"line":409,"column":42}},"133":{"start":{"line":410,"column":16},"end":{"line":410,"column":35}},"134":{"start":{"line":413,"column":12},"end":{"line":413,"column":42}},"135":{"start":{"line":414,"column":12},"end":{"line":414,"column":66}},"136":{"start":{"line":418,"column":8},"end":{"line":425,"column":11}},"137":{"start":{"line":419,"column":12},"end":{"line":419,"column":60}},"138":{"start":{"line":420,"column":12},"end":{"line":424,"column":21}},"139":{"start":{"line":421,"column":16},"end":{"line":421,"column":67}},"140":{"start":{"line":422,"column":16},"end":{"line":422,"column":49}},"141":{"start":{"line":423,"column":16},"end":{"line":423,"column":72}},"142":{"start":{"line":428,"column":8},"end":{"line":435,"column":17}},"143":{"start":{"line":430,"column":12},"end":{"line":434,"column":13}},"144":{"start":{"line":431,"column":16},"end":{"line":431,"column":68}},"145":{"start":{"line":432,"column":16},"end":{"line":432,"column":54}},"146":{"start":{"line":433,"column":16},"end":{"line":433,"column":80}},"147":{"start":{"line":438,"column":8},"end":{"line":441,"column":11}},"148":{"start":{"line":439,"column":12},"end":{"line":439,"column":60}},"149":{"start":{"line":439,"column":31},"end":{"line":439,"column":60}},"150":{"start":{"line":440,"column":12},"end":{"line":440,"column":55}},"151":{"start":{"line":440,"column":29},"end":{"line":440,"column":55}},"152":{"start":{"line":444,"column":8},"end":{"line":447,"column":11}},"153":{"start":{"line":445,"column":12},"end":{"line":445,"column":60}},"154":{"start":{"line":445,"column":31},"end":{"line":445,"column":60}},"155":{"start":{"line":446,"column":12},"end":{"line":446,"column":55}},"156":{"start":{"line":446,"column":29},"end":{"line":446,"column":55}},"157":{"start":{"line":449,"column":8},"end":{"line":449,"column":58}},"158":{"start":{"line":451,"column":8},"end":{"line":451,"column":47}},"159":{"start":{"line":459,"column":8},"end":{"line":459,"column":59}},"160":{"start":{"line":460,"column":8},"end":{"line":460,"column":61}},"161":{"start":{"line":461,"column":8},"end":{"line":461,"column":20}},"162":{"start":{"line":465,"column":8},"end":{"line":468,"column":9}},"163":{"start":{"line":466,"column":12},"end":{"line":466,"column":61}},"164":{"start":{"line":467,"column":12},"end":{"line":467,"column":68}},"165":{"start":{"line":470,"column":8},"end":{"line":472,"column":9}},"166":{"start":{"line":471,"column":12},"end":{"line":471,"column":35}},"167":{"start":{"line":476,"column":8},"end":{"line":476,"column":27}},"168":{"start":{"line":478,"column":25},"end":{"line":478,"column":48}},"169":{"start":{"line":479,"column":21},"end":{"line":479,"column":49}},"170":{"start":{"line":482,"column":26},"end":{"line":482,"column":74}},"171":{"start":{"line":483,"column":29},"end":{"line":483,"column":50}},"172":{"start":{"line":484,"column":8},"end":{"line":484,"column":50}},"173":{"start":{"line":485,"column":8},"end":{"line":485,"column":34}},"174":{"start":{"line":487,"column":8},"end":{"line":504,"column":9}},"175":{"start":{"line":489,"column":12},"end":{"line":489,"column":45}},"176":{"start":{"line":492,"column":12},"end":{"line":492,"column":29}},"177":{"start":{"line":495,"column":12},"end":{"line":495,"column":30}},"178":{"start":{"line":498,"column":12},"end":{"line":498,"column":59}},"179":{"start":{"line":499,"column":12},"end":{"line":499,"column":58}},"180":{"start":{"line":502,"column":12},"end":{"line":502,"column":49}},"181":{"start":{"line":503,"column":12},"end":{"line":503,"column":39}},"182":{"start":{"line":509,"column":8},"end":{"line":514,"column":11}},"183":{"start":{"line":510,"column":12},"end":{"line":513,"column":21}},"184":{"start":{"line":511,"column":16},"end":{"line":511,"column":58}},"185":{"start":{"line":512,"column":16},"end":{"line":512,"column":43}},"186":{"start":{"line":518,"column":8},"end":{"line":520,"column":9}},"187":{"start":{"line":519,"column":12},"end":{"line":519,"column":47}},"188":{"start":{"line":524,"column":8},"end":{"line":524,"column":32}},"189":{"start":{"line":524,"column":25},"end":{"line":524,"column":32}},"190":{"start":{"line":526,"column":25},"end":{"line":526,"column":59}},"191":{"start":{"line":527,"column":8},"end":{"line":531,"column":9}},"192":{"start":{"line":528,"column":12},"end":{"line":530,"column":15}},"193":{"start":{"line":529,"column":16},"end":{"line":529,"column":33}},"194":{"start":{"line":534,"column":8},"end":{"line":538,"column":11}},"195":{"start":{"line":535,"column":12},"end":{"line":537,"column":13}},"196":{"start":{"line":536,"column":16},"end":{"line":536,"column":33}},"197":{"start":{"line":541,"column":29},"end":{"line":545,"column":9}},"198":{"start":{"line":542,"column":12},"end":{"line":544,"column":13}},"199":{"start":{"line":543,"column":16},"end":{"line":543,"column":33}},"200":{"start":{"line":547,"column":8},"end":{"line":547,"column":59}},"201":{"start":{"line":550,"column":8},"end":{"line":550,"column":42}},"202":{"start":{"line":554,"column":8},"end":{"line":556,"column":9}},"203":{"start":{"line":555,"column":12},"end":{"line":555,"column":46}},"204":{"start":{"line":561,"column":8},"end":{"line":563,"column":9}},"205":{"start":{"line":562,"column":12},"end":{"line":562,"column":72}},"206":{"start":{"line":564,"column":8},"end":{"line":566,"column":9}},"207":{"start":{"line":565,"column":12},"end":{"line":565,"column":71}},"208":{"start":{"line":574,"column":8},"end":{"line":574,"column":57}},"209":{"start":{"line":575,"column":8},"end":{"line":578,"column":9}},"210":{"start":{"line":576,"column":12},"end":{"line":576,"column":53}},"211":{"start":{"line":577,"column":12},"end":{"line":577,"column":19}},"212":{"start":{"line":580,"column":8},"end":{"line":580,"column":48}},"213":{"start":{"line":581,"column":8},"end":{"line":584,"column":9}},"214":{"start":{"line":582,"column":12},"end":{"line":582,"column":73}},"215":{"start":{"line":583,"column":12},"end":{"line":583,"column":19}},"216":{"start":{"line":586,"column":8},"end":{"line":586,"column":24}},"217":{"start":{"line":587,"column":8},"end":{"line":587,"column":33}},"218":{"start":{"line":588,"column":8},"end":{"line":588,"column":31}},"219":{"start":{"line":589,"column":8},"end":{"line":589,"column":33}},"220":{"start":{"line":590,"column":8},"end":{"line":590,"column":52}},"221":{"start":{"line":592,"column":8},"end":{"line":605,"column":9}},"222":{"start":{"line":593,"column":12},"end":{"line":593,"column":24}},"223":{"start":{"line":594,"column":12},"end":{"line":594,"column":31}},"224":{"start":{"line":595,"column":12},"end":{"line":595,"column":40}},"225":{"start":{"line":596,"column":12},"end":{"line":596,"column":27}},"226":{"start":{"line":599,"column":12},"end":{"line":599,"column":59}},"227":{"start":{"line":600,"column":12},"end":{"line":600,"column":67}},"228":{"start":{"line":601,"column":12},"end":{"line":601,"column":68}},"229":{"start":{"line":602,"column":12},"end":{"line":602,"column":76}},"230":{"start":{"line":604,"column":12},"end":{"line":604,"column":64}},"231":{"start":{"line":609,"column":8},"end":{"line":609,"column":22}},"232":{"start":{"line":610,"column":8},"end":{"line":610,"column":63}},"233":{"start":{"line":610,"column":48},"end":{"line":610,"column":61}},"234":{"start":{"line":614,"column":8},"end":{"line":614,"column":52}},"235":{"start":{"line":615,"column":8},"end":{"line":615,"column":54}},"236":{"start":{"line":619,"column":26},"end":{"line":619,"column":29}},"237":{"start":{"line":621,"column":8},"end":{"line":631,"column":9}},"238":{"start":{"line":621,"column":21},"end":{"line":621,"column":22}},"239":{"start":{"line":622,"column":12},"end":{"line":630,"column":15}},"240":{"start":{"line":635,"column":35},"end":{"line":639,"column":9}},"241":{"start":{"line":641,"column":28},"end":{"line":654,"column":9}},"242":{"start":{"line":656,"column":8},"end":{"line":662,"column":9}},"243":{"start":{"line":656,"column":21},"end":{"line":656,"column":22}},"244":{"start":{"line":657,"column":12},"end":{"line":661,"column":15}},"245":{"start":{"line":660,"column":49},"end":{"line":660,"column":73}},"246":{"start":{"line":666,"column":8},"end":{"line":669,"column":9}},"247":{"start":{"line":667,"column":12},"end":{"line":667,"column":34}},"248":{"start":{"line":668,"column":12},"end":{"line":668,"column":24}},"249":{"start":{"line":674,"column":8},"end":{"line":674,"column":51}},"250":{"start":{"line":675,"column":8},"end":{"line":675,"column":71}},"251":{"start":{"line":678,"column":8},"end":{"line":678,"column":34}},"252":{"start":{"line":681,"column":8},"end":{"line":681,"column":25}},"253":{"start":{"line":683,"column":8},"end":{"line":683,"column":49}},"254":{"start":{"line":683,"column":36},"end":{"line":683,"column":47}},"255":{"start":{"line":687,"column":8},"end":{"line":687,"column":58}},"256":{"start":{"line":688,"column":8},"end":{"line":688,"column":31}},"257":{"start":{"line":690,"column":8},"end":{"line":701,"column":11}},"258":{"start":{"line":691,"column":12},"end":{"line":700,"column":13}},"259":{"start":{"line":692,"column":16},"end":{"line":692,"column":37}},"260":{"start":{"line":693,"column":16},"end":{"line":693,"column":84}},"261":{"start":{"line":695,"column":16},"end":{"line":697,"column":17}},"262":{"start":{"line":695,"column":29},"end":{"line":695,"column":30}},"263":{"start":{"line":696,"column":20},"end":{"line":696,"column":88}},"264":{"start":{"line":699,"column":16},"end":{"line":699,"column":34}},"265":{"start":{"line":705,"column":8},"end":{"line":738,"column":11}},"266":{"start":{"line":707,"column":12},"end":{"line":707,"column":49}},"267":{"start":{"line":708,"column":12},"end":{"line":708,"column":57}},"268":{"start":{"line":708,"column":37},"end":{"line":708,"column":57}},"269":{"start":{"line":710,"column":26},"end":{"line":710,"column":83}},"270":{"start":{"line":713,"column":29},"end":{"line":716,"column":13}},"271":{"start":{"line":717,"column":12},"end":{"line":717,"column":70}},"272":{"start":{"line":718,"column":12},"end":{"line":718,"column":78}},"273":{"start":{"line":719,"column":12},"end":{"line":719,"column":63}},"274":{"start":{"line":721,"column":12},"end":{"line":721,"column":42}},"275":{"start":{"line":722,"column":12},"end":{"line":722,"column":33}},"276":{"start":{"line":723,"column":12},"end":{"line":723,"column":74}},"277":{"start":{"line":724,"column":12},"end":{"line":724,"column":28}},"278":{"start":{"line":727,"column":12},"end":{"line":727,"column":71}},"279":{"start":{"line":728,"column":12},"end":{"line":728,"column":33}},"280":{"start":{"line":729,"column":12},"end":{"line":729,"column":70}},"281":{"start":{"line":730,"column":12},"end":{"line":730,"column":28}},"282":{"start":{"line":733,"column":12},"end":{"line":737,"column":13}},"283":{"start":{"line":734,"column":16},"end":{"line":734,"column":75}},"284":{"start":{"line":735,"column":16},"end":{"line":735,"column":39}},"285":{"start":{"line":736,"column":16},"end":{"line":736,"column":34}},"286":{"start":{"line":742,"column":21},"end":{"line":742,"column":56}},"287":{"start":{"line":743,"column":18},"end":{"line":743,"column":39}},"288":{"start":{"line":744,"column":18},"end":{"line":744,"column":38}},"289":{"start":{"line":747,"column":28},"end":{"line":750,"column":10}},"290":{"start":{"line":748,"column":29},"end":{"line":748,"column":77}},"291":{"start":{"line":749,"column":12},"end":{"line":749,"column":66}},"292":{"start":{"line":752,"column":8},"end":{"line":756,"column":9}},"293":{"start":{"line":753,"column":12},"end":{"line":753,"column":44}},"294":{"start":{"line":754,"column":12},"end":{"line":754,"column":52}},"295":{"start":{"line":755,"column":12},"end":{"line":755,"column":41}},"296":{"start":{"line":760,"column":21},"end":{"line":760,"column":56}},"297":{"start":{"line":761,"column":18},"end":{"line":761,"column":39}},"298":{"start":{"line":762,"column":18},"end":{"line":762,"column":38}},"299":{"start":{"line":765,"column":28},"end":{"line":768,"column":10}},"300":{"start":{"line":766,"column":29},"end":{"line":766,"column":77}},"301":{"start":{"line":767,"column":12},"end":{"line":767,"column":66}},"302":{"start":{"line":770,"column":8},"end":{"line":770,"column":71}},"303":{"start":{"line":774,"column":21},"end":{"line":774,"column":65}},"304":{"start":{"line":775,"column":30},"end":{"line":775,"column":69}},"305":{"start":{"line":777,"column":8},"end":{"line":786,"column":9}},"306":{"start":{"line":778,"column":12},"end":{"line":778,"column":87}},"307":{"start":{"line":779,"column":12},"end":{"line":779,"column":99}},"308":{"start":{"line":782,"column":12},"end":{"line":782,"column":42}},"309":{"start":{"line":783,"column":12},"end":{"line":785,"column":19}},"310":{"start":{"line":784,"column":16},"end":{"line":784,"column":61}},"311":{"start":{"line":791,"column":8},"end":{"line":802,"column":9}},"312":{"start":{"line":791,"column":21},"end":{"line":791,"column":22}},"313":{"start":{"line":792,"column":29},"end":{"line":799,"column":13}},"314":{"start":{"line":801,"column":12},"end":{"line":801,"column":43}},"315":{"start":{"line":806,"column":8},"end":{"line":806,"column":39}},"316":{"start":{"line":806,"column":32},"end":{"line":806,"column":39}},"317":{"start":{"line":808,"column":8},"end":{"line":808,"column":34}},"318":{"start":{"line":809,"column":8},"end":{"line":809,"column":34}},"319":{"start":{"line":810,"column":8},"end":{"line":810,"column":27}},"320":{"start":{"line":811,"column":8},"end":{"line":811,"column":24}},"321":{"start":{"line":813,"column":8},"end":{"line":813,"column":44}},"322":{"start":{"line":814,"column":8},"end":{"line":814,"column":50}},"323":{"start":{"line":815,"column":8},"end":{"line":815,"column":29}},"324":{"start":{"line":816,"column":8},"end":{"line":816,"column":64}},"325":{"start":{"line":817,"column":8},"end":{"line":817,"column":24}},"326":{"start":{"line":818,"column":8},"end":{"line":818,"column":33}},"327":{"start":{"line":820,"column":8},"end":{"line":820,"column":68}},"328":{"start":{"line":820,"column":36},"end":{"line":820,"column":66}},"329":{"start":{"line":825,"column":8},"end":{"line":825,"column":31}},"330":{"start":{"line":826,"column":8},"end":{"line":828,"column":9}},"331":{"start":{"line":827,"column":12},"end":{"line":827,"column":69}},"332":{"start":{"line":829,"column":8},"end":{"line":832,"column":9}},"333":{"start":{"line":830,"column":12},"end":{"line":830,"column":71}},"334":{"start":{"line":831,"column":12},"end":{"line":831,"column":79}},"335":{"start":{"line":840,"column":8},"end":{"line":840,"column":55}},"336":{"start":{"line":841,"column":8},"end":{"line":841,"column":50}},"337":{"start":{"line":842,"column":8},"end":{"line":842,"column":48}},"338":{"start":{"line":843,"column":8},"end":{"line":843,"column":28}},"339":{"start":{"line":844,"column":8},"end":{"line":844,"column":36}},"340":{"start":{"line":846,"column":8},"end":{"line":846,"column":47}},"341":{"start":{"line":847,"column":8},"end":{"line":847,"column":20}},"342":{"start":{"line":848,"column":8},"end":{"line":848,"column":31}},"343":{"start":{"line":849,"column":8},"end":{"line":849,"column":23}},"344":{"start":{"line":851,"column":8},"end":{"line":854,"column":11}},"345":{"start":{"line":852,"column":12},"end":{"line":852,"column":37}},"346":{"start":{"line":853,"column":12},"end":{"line":853,"column":37}},"347":{"start":{"line":858,"column":8},"end":{"line":858,"column":22}},"348":{"start":{"line":859,"column":8},"end":{"line":859,"column":63}},"349":{"start":{"line":859,"column":48},"end":{"line":859,"column":61}},"350":{"start":{"line":863,"column":8},"end":{"line":863,"column":46}},"351":{"start":{"line":864,"column":8},"end":{"line":864,"column":48}},"352":{"start":{"line":868,"column":30},"end":{"line":868,"column":32}},"353":{"start":{"line":870,"column":8},"end":{"line":882,"column":9}},"354":{"start":{"line":870,"column":21},"end":{"line":870,"column":22}},"355":{"start":{"line":871,"column":12},"end":{"line":881,"column":15}},"356":{"start":{"line":886,"column":23},"end":{"line":892,"column":9}},"357":{"start":{"line":893,"column":8},"end":{"line":893,"column":65}},"358":{"start":{"line":897,"column":8},"end":{"line":897,"column":72}},"359":{"start":{"line":899,"column":8},"end":{"line":951,"column":11}},"360":{"start":{"line":901,"column":12},"end":{"line":901,"column":38}},"361":{"start":{"line":902,"column":12},"end":{"line":902,"column":38}},"362":{"start":{"line":905,"column":23},"end":{"line":905,"column":48}},"363":{"start":{"line":906,"column":23},"end":{"line":906,"column":48}},"364":{"start":{"line":907,"column":29},"end":{"line":907,"column":57}},"365":{"start":{"line":909,"column":12},"end":{"line":912,"column":13}},"366":{"start":{"line":910,"column":16},"end":{"line":910,"column":43}},"367":{"start":{"line":911,"column":16},"end":{"line":911,"column":43}},"368":{"start":{"line":915,"column":12},"end":{"line":915,"column":84}},"369":{"start":{"line":915,"column":66},"end":{"line":915,"column":84}},"370":{"start":{"line":916,"column":12},"end":{"line":916,"column":85}},"371":{"start":{"line":916,"column":67},"end":{"line":916,"column":85}},"372":{"start":{"line":919,"column":12},"end":{"line":919,"column":28}},"373":{"start":{"line":920,"column":12},"end":{"line":925,"column":13}},"374":{"start":{"line":921,"column":16},"end":{"line":921,"column":63}},"375":{"start":{"line":922,"column":16},"end":{"line":922,"column":64}},"376":{"start":{"line":923,"column":16},"end":{"line":923,"column":49}},"377":{"start":{"line":924,"column":16},"end":{"line":924,"column":55}},"378":{"start":{"line":928,"column":26},"end":{"line":928,"column":58}},"379":{"start":{"line":929,"column":12},"end":{"line":929,"column":41}},"380":{"start":{"line":932,"column":29},"end":{"line":935,"column":13}},"381":{"start":{"line":936,"column":12},"end":{"line":936,"column":53}},"382":{"start":{"line":937,"column":12},"end":{"line":937,"column":63}},"383":{"start":{"line":939,"column":12},"end":{"line":939,"column":42}},"384":{"start":{"line":940,"column":12},"end":{"line":940,"column":33}},"385":{"start":{"line":941,"column":12},"end":{"line":941,"column":84}},"386":{"start":{"line":942,"column":12},"end":{"line":942,"column":28}},"387":{"start":{"line":945,"column":12},"end":{"line":945,"column":48}},"388":{"start":{"line":946,"column":12},"end":{"line":946,"column":33}},"389":{"start":{"line":947,"column":12},"end":{"line":947,"column":80}},"390":{"start":{"line":948,"column":12},"end":{"line":948,"column":28}},"391":{"start":{"line":950,"column":12},"end":{"line":950,"column":37}},"392":{"start":{"line":953,"column":8},"end":{"line":953,"column":52}},"393":{"start":{"line":953,"column":36},"end":{"line":953,"column":50}},"394":{"start":{"line":961,"column":8},"end":{"line":961,"column":57}},"395":{"start":{"line":962,"column":8},"end":{"line":962,"column":61}},"396":{"start":{"line":963,"column":8},"end":{"line":963,"column":63}},"397":{"start":{"line":964,"column":8},"end":{"line":964,"column":33}},"398":{"start":{"line":966,"column":8},"end":{"line":968,"column":9}},"399":{"start":{"line":967,"column":12},"end":{"line":967,"column":24}},"400":{"start":{"line":972,"column":22},"end":{"line":972,"column":63}},"401":{"start":{"line":973,"column":8},"end":{"line":975,"column":11}},"402":{"start":{"line":974,"column":12},"end":{"line":974,"column":79}},"403":{"start":{"line":974,"column":49},"end":{"line":974,"column":77}},"404":{"start":{"line":978,"column":8},"end":{"line":978,"column":28}},"405":{"start":{"line":982,"column":8},"end":{"line":982,"column":38}},"406":{"start":{"line":982,"column":31},"end":{"line":982,"column":38}},"407":{"start":{"line":984,"column":8},"end":{"line":984,"column":33}},"408":{"start":{"line":985,"column":8},"end":{"line":985,"column":39}},"409":{"start":{"line":988,"column":8},"end":{"line":990,"column":16}},"410":{"start":{"line":989,"column":12},"end":{"line":989,"column":71}},"411":{"start":{"line":993,"column":8},"end":{"line":995,"column":17}},"412":{"start":{"line":994,"column":12},"end":{"line":994,"column":35}},"413":{"start":{"line":999,"column":28},"end":{"line":1012,"column":9}},"414":{"start":{"line":1014,"column":8},"end":{"line":1014,"column":75}},"415":{"start":{"line":1015,"column":8},"end":{"line":1015,"column":44}},"416":{"start":{"line":1018,"column":8},"end":{"line":1018,"column":76}},"417":{"start":{"line":1022,"column":22},"end":{"line":1022,"column":63}},"418":{"start":{"line":1024,"column":8},"end":{"line":1027,"column":11}},"419":{"start":{"line":1025,"column":12},"end":{"line":1025,"column":58}},"420":{"start":{"line":1026,"column":12},"end":{"line":1026,"column":43}},"421":{"start":{"line":1035,"column":8},"end":{"line":1035,"column":61}},"422":{"start":{"line":1036,"column":8},"end":{"line":1036,"column":33}},"423":{"start":{"line":1036,"column":26},"end":{"line":1036,"column":33}},"424":{"start":{"line":1038,"column":8},"end":{"line":1038,"column":48}},"425":{"start":{"line":1039,"column":8},"end":{"line":1039,"column":45}},"426":{"start":{"line":1040,"column":8},"end":{"line":1040,"column":46}},"427":{"start":{"line":1041,"column":8},"end":{"line":1041,"column":26}},"428":{"start":{"line":1042,"column":8},"end":{"line":1042,"column":33}},"429":{"start":{"line":1044,"column":8},"end":{"line":1057,"column":10}},"430":{"start":{"line":1059,"column":8},"end":{"line":1072,"column":10}},"431":{"start":{"line":1074,"column":8},"end":{"line":1074,"column":20}},"432":{"start":{"line":1075,"column":8},"end":{"line":1075,"column":23}},"433":{"start":{"line":1079,"column":8},"end":{"line":1079,"column":74}},"434":{"start":{"line":1079,"column":53},"end":{"line":1079,"column":72}},"435":{"start":{"line":1080,"column":8},"end":{"line":1080,"column":82}},"436":{"start":{"line":1080,"column":57},"end":{"line":1080,"column":80}},"437":{"start":{"line":1084,"column":21},"end":{"line":1084,"column":56}},"438":{"start":{"line":1085,"column":18},"end":{"line":1085,"column":54}},"439":{"start":{"line":1086,"column":18},"end":{"line":1086,"column":53}},"440":{"start":{"line":1087,"column":25},"end":{"line":1087,"column":49}},"441":{"start":{"line":1089,"column":8},"end":{"line":1095,"column":9}},"442":{"start":{"line":1090,"column":26},"end":{"line":1090,"column":58}},"443":{"start":{"line":1091,"column":36},"end":{"line":1091,"column":55}},"444":{"start":{"line":1092,"column":30},"end":{"line":1092,"column":62}},"445":{"start":{"line":1094,"column":12},"end":{"line":1094,"column":39}},"446":{"start":{"line":1099,"column":21},"end":{"line":1099,"column":56}},"447":{"start":{"line":1100,"column":18},"end":{"line":1100,"column":54}},"448":{"start":{"line":1101,"column":18},"end":{"line":1101,"column":53}},"449":{"start":{"line":1102,"column":25},"end":{"line":1102,"column":49}},"450":{"start":{"line":1104,"column":8},"end":{"line":1108,"column":9}},"451":{"start":{"line":1105,"column":12},"end":{"line":1105,"column":49}},"452":{"start":{"line":1107,"column":12},"end":{"line":1107,"column":49}},"453":{"start":{"line":1112,"column":8},"end":{"line":1112,"column":34}},"454":{"start":{"line":1113,"column":8},"end":{"line":1113,"column":32}},"455":{"start":{"line":1114,"column":8},"end":{"line":1114,"column":23}},"456":{"start":{"line":1118,"column":8},"end":{"line":1118,"column":47}},"457":{"start":{"line":1118,"column":40},"end":{"line":1118,"column":47}},"458":{"start":{"line":1120,"column":21},"end":{"line":1120,"column":56}},"459":{"start":{"line":1121,"column":27},"end":{"line":1121,"column":62}},"460":{"start":{"line":1123,"column":8},"end":{"line":1123,"column":74}},"461":{"start":{"line":1124,"column":8},"end":{"line":1124,"column":70}},"462":{"start":{"line":1125,"column":8},"end":{"line":1125,"column":77}},"463":{"start":{"line":1126,"column":8},"end":{"line":1126,"column":72}},"464":{"start":{"line":1130,"column":8},"end":{"line":1130,"column":72}},"465":{"start":{"line":1133,"column":8},"end":{"line":1133,"column":29}},"466":{"start":{"line":1134,"column":8},"end":{"line":1134,"column":78}},"467":{"start":{"line":1135,"column":8},"end":{"line":1135,"column":57}},"468":{"start":{"line":1136,"column":8},"end":{"line":1136,"column":31}},"469":{"start":{"line":1137,"column":8},"end":{"line":1137,"column":26}},"470":{"start":{"line":1140,"column":8},"end":{"line":1140,"column":29}},"471":{"start":{"line":1141,"column":8},"end":{"line":1141,"column":84}},"472":{"start":{"line":1142,"column":8},"end":{"line":1142,"column":57}},"473":{"start":{"line":1143,"column":8},"end":{"line":1143,"column":31}},"474":{"start":{"line":1144,"column":8},"end":{"line":1144,"column":26}},"475":{"start":{"line":1147,"column":8},"end":{"line":1177,"column":11}},"476":{"start":{"line":1148,"column":26},"end":{"line":1148,"column":54}},"477":{"start":{"line":1149,"column":22},"end":{"line":1149,"column":74}},"478":{"start":{"line":1150,"column":22},"end":{"line":1150,"column":74}},"479":{"start":{"line":1153,"column":12},"end":{"line":1164,"column":13}},"480":{"start":{"line":1154,"column":16},"end":{"line":1154,"column":37}},"481":{"start":{"line":1155,"column":16},"end":{"line":1155,"column":55}},"482":{"start":{"line":1156,"column":16},"end":{"line":1156,"column":63}},"483":{"start":{"line":1157,"column":16},"end":{"line":1157,"column":32}},"484":{"start":{"line":1159,"column":16},"end":{"line":1159,"column":37}},"485":{"start":{"line":1160,"column":16},"end":{"line":1160,"column":55}},"486":{"start":{"line":1161,"column":16},"end":{"line":1161,"column":65}},"487":{"start":{"line":1162,"column":16},"end":{"line":1162,"column":39}},"488":{"start":{"line":1163,"column":16},"end":{"line":1163,"column":34}},"489":{"start":{"line":1167,"column":12},"end":{"line":1167,"column":102}},"490":{"start":{"line":1168,"column":12},"end":{"line":1168,"column":41}},"491":{"start":{"line":1169,"column":12},"end":{"line":1169,"column":42}},"492":{"start":{"line":1170,"column":12},"end":{"line":1170,"column":45}},"493":{"start":{"line":1171,"column":12},"end":{"line":1171,"column":49}},"494":{"start":{"line":1174,"column":12},"end":{"line":1174,"column":60}},"495":{"start":{"line":1175,"column":12},"end":{"line":1175,"column":41}},"496":{"start":{"line":1176,"column":12},"end":{"line":1176,"column":52}},"497":{"start":{"line":1180,"column":8},"end":{"line":1180,"column":57}},"498":{"start":{"line":1181,"column":8},"end":{"line":1181,"column":31}},"499":{"start":{"line":1183,"column":8},"end":{"line":1194,"column":9}},"500":{"start":{"line":1183,"column":21},"end":{"line":1183,"column":22}},"501":{"start":{"line":1184,"column":26},"end":{"line":1184,"column":50}},"502":{"start":{"line":1185,"column":23},"end":{"line":1185,"column":75}},"503":{"start":{"line":1186,"column":23},"end":{"line":1186,"column":75}},"504":{"start":{"line":1187,"column":23},"end":{"line":1187,"column":67}},"505":{"start":{"line":1188,"column":23},"end":{"line":1188,"column":67}},"506":{"start":{"line":1190,"column":12},"end":{"line":1190,"column":33}},"507":{"start":{"line":1191,"column":12},"end":{"line":1191,"column":36}},"508":{"start":{"line":1192,"column":12},"end":{"line":1192,"column":36}},"509":{"start":{"line":1193,"column":12},"end":{"line":1193,"column":30}},"510":{"start":{"line":1201,"column":18},"end":{"line":1201,"column":58}},"511":{"start":{"line":1202,"column":19},"end":{"line":1202,"column":57}},"512":{"start":{"line":1205,"column":4},"end":{"line":1208,"column":7}},"513":{"start":{"line":1206,"column":8},"end":{"line":1206,"column":42}},"514":{"start":{"line":1207,"column":8},"end":{"line":1207,"column":70}},"515":{"start":{"line":1211,"column":4},"end":{"line":1211,"column":34}},"516":{"start":{"line":1214,"column":26},"end":{"line":1214,"column":46}},"517":{"start":{"line":1215,"column":4},"end":{"line":1217,"column":5}},"518":{"start":{"line":1216,"column":8},"end":{"line":1216,"column":42}},"519":{"start":{"line":1224,"column":8},"end":{"line":1224,"column":79}},"520":{"start":{"line":1225,"column":8},"end":{"line":1225,"column":27}},"521":{"start":{"line":1226,"column":8},"end":{"line":1226,"column":29}},"522":{"start":{"line":1227,"column":8},"end":{"line":1227,"column":23}},"523":{"start":{"line":1231,"column":8},"end":{"line":1241,"column":9}},"524":{"start":{"line":1231,"column":21},"end":{"line":1231,"column":22}},"525":{"start":{"line":1232,"column":27},"end":{"line":1232,"column":56}},"526":{"start":{"line":1233,"column":12},"end":{"line":1233,"column":49}},"527":{"start":{"line":1234,"column":12},"end":{"line":1234,"column":95}},"528":{"start":{"line":1235,"column":12},"end":{"line":1235,"column":59}},"529":{"start":{"line":1236,"column":12},"end":{"line":1236,"column":67}},"530":{"start":{"line":1237,"column":12},"end":{"line":1237,"column":69}},"531":{"start":{"line":1239,"column":12},"end":{"line":1239,"column":46}},"532":{"start":{"line":1240,"column":12},"end":{"line":1240,"column":39}},"533":{"start":{"line":1245,"column":8},"end":{"line":1248,"column":11}},"534":{"start":{"line":1246,"column":12},"end":{"line":1246,"column":98}},"535":{"start":{"line":1247,"column":12},"end":{"line":1247,"column":60}}},"fnMap":{"0":{"name":"detectBrowserLanguage","decl":{"start":{"line":134,"column":9},"end":{"line":134,"column":30}},"loc":{"start":{"line":134,"column":33},"end":{"line":157,"column":1}},"line":134},"1":{"name":"changeLanguage","decl":{"start":{"line":163,"column":9},"end":{"line":163,"column":23}},"loc":{"start":{"line":163,"column":30},"end":{"line":203,"column":1}},"line":163},"2":{"name":"(anonymous_2)","decl":{"start":{"line":173,"column":51},"end":{"line":173,"column":52}},"loc":{"start":{"line":173,"column":58},"end":{"line":178,"column":5}},"line":173},"3":{"name":"(anonymous_3)","decl":{"start":{"line":186,"column":58},"end":{"line":186,"column":59}},"loc":{"start":{"line":186,"column":69},"end":{"line":199,"column":5}},"line":186},"4":{"name":"updateMottoCard","decl":{"start":{"line":206,"column":9},"end":{"line":206,"column":24}},"loc":{"start":{"line":206,"column":31},"end":{"line":219,"column":1}},"line":206},"5":{"name":"(anonymous_5)","decl":{"start":{"line":222,"column":46},"end":{"line":222,"column":47}},"loc":{"start":{"line":222,"column":57},"end":{"line":293,"column":1}},"line":222},"6":{"name":"(anonymous_6)","decl":{"start":{"line":224,"column":51},"end":{"line":224,"column":52}},"loc":{"start":{"line":224,"column":58},"end":{"line":229,"column":5}},"line":224},"7":{"name":"(anonymous_7)","decl":{"start":{"line":225,"column":38},"end":{"line":225,"column":39}},"loc":{"start":{"line":225,"column":49},"end":{"line":228,"column":9}},"line":225},"8":{"name":"initMobileNavigation","decl":{"start":{"line":296,"column":9},"end":{"line":296,"column":29}},"loc":{"start":{"line":296,"column":32},"end":{"line":322,"column":1}},"line":296},"9":{"name":"(anonymous_9)","decl":{"start":{"line":301,"column":44},"end":{"line":301,"column":45}},"loc":{"start":{"line":301,"column":55},"end":{"line":304,"column":9}},"line":301},"10":{"name":"(anonymous_10)","decl":{"start":{"line":307,"column":46},"end":{"line":307,"column":47}},"loc":{"start":{"line":307,"column":54},"end":{"line":312,"column":9}},"line":307},"11":{"name":"(anonymous_11)","decl":{"start":{"line":308,"column":43},"end":{"line":308,"column":44}},"loc":{"start":{"line":308,"column":49},"end":{"line":311,"column":13}},"line":308},"12":{"name":"(anonymous_12)","decl":{"start":{"line":315,"column":43},"end":{"line":315,"column":44}},"loc":{"start":{"line":315,"column":50},"end":{"line":320,"column":9}},"line":315},"13":{"name":"initSmoothScrolling","decl":{"start":{"line":325,"column":9},"end":{"line":325,"column":28}},"loc":{"start":{"line":325,"column":31},"end":{"line":352,"column":1}},"line":325},"14":{"name":"(anonymous_14)","decl":{"start":{"line":327,"column":54},"end":{"line":327,"column":55}},"loc":{"start":{"line":327,"column":64},"end":{"line":351,"column":5}},"line":327},"15":{"name":"(anonymous_15)","decl":{"start":{"line":328,"column":41},"end":{"line":328,"column":42}},"loc":{"start":{"line":328,"column":54},"end":{"line":350,"column":9}},"line":328},"16":{"name":"updateActiveNavLink","decl":{"start":{"line":355,"column":9},"end":{"line":355,"column":28}},"loc":{"start":{"line":355,"column":39},"end":{"line":366,"column":1}},"line":355},"17":{"name":"(anonymous_17)","decl":{"start":{"line":357,"column":53},"end":{"line":357,"column":54}},"loc":{"start":{"line":357,"column":61},"end":{"line":359,"column":5}},"line":357},"18":{"name":"initScrollSpy","decl":{"start":{"line":369,"column":9},"end":{"line":369,"column":22}},"loc":{"start":{"line":369,"column":25},"end":{"line":391,"column":1}},"line":369},"19":{"name":"(anonymous_19)","decl":{"start":{"line":373,"column":38},"end":{"line":373,"column":39}},"loc":{"start":{"line":373,"column":44},"end":{"line":390,"column":5}},"line":373},"20":{"name":"(anonymous_20)","decl":{"start":{"line":376,"column":25},"end":{"line":376,"column":26}},"loc":{"start":{"line":376,"column":36},"end":{"line":389,"column":9}},"line":376},"21":{"name":"(anonymous_21)","decl":{"start":{"line":382,"column":33},"end":{"line":382,"column":34}},"loc":{"start":{"line":382,"column":41},"end":{"line":387,"column":17}},"line":382},"22":{"name":"initMottoCard","decl":{"start":{"line":394,"column":9},"end":{"line":394,"column":22}},"loc":{"start":{"line":394,"column":25},"end":{"line":453,"column":1}},"line":394},"23":{"name":"(anonymous_23)","decl":{"start":{"line":405,"column":49},"end":{"line":405,"column":50}},"loc":{"start":{"line":405,"column":60},"end":{"line":415,"column":9}},"line":405},"24":{"name":"(anonymous_24)","decl":{"start":{"line":418,"column":49},"end":{"line":418,"column":50}},"loc":{"start":{"line":418,"column":60},"end":{"line":425,"column":9}},"line":418},"25":{"name":"(anonymous_25)","decl":{"start":{"line":420,"column":37},"end":{"line":420,"column":38}},"loc":{"start":{"line":420,"column":43},"end":{"line":424,"column":13}},"line":420},"26":{"name":"(anonymous_26)","decl":{"start":{"line":428,"column":36},"end":{"line":428,"column":37}},"loc":{"start":{"line":428,"column":42},"end":{"line":435,"column":9}},"line":428},"27":{"name":"(anonymous_27)","decl":{"start":{"line":438,"column":45},"end":{"line":438,"column":46}},"loc":{"start":{"line":438,"column":51},"end":{"line":441,"column":9}},"line":438},"28":{"name":"(anonymous_28)","decl":{"start":{"line":444,"column":48},"end":{"line":444,"column":49}},"loc":{"start":{"line":444,"column":54},"end":{"line":447,"column":9}},"line":444},"29":{"name":"(anonymous_29)","decl":{"start":{"line":458,"column":4},"end":{"line":458,"column":5}},"loc":{"start":{"line":458,"column":18},"end":{"line":462,"column":5}},"line":458},"30":{"name":"(anonymous_30)","decl":{"start":{"line":464,"column":4},"end":{"line":464,"column":5}},"loc":{"start":{"line":464,"column":11},"end":{"line":473,"column":5}},"line":464},"31":{"name":"(anonymous_31)","decl":{"start":{"line":475,"column":4},"end":{"line":475,"column":5}},"loc":{"start":{"line":475,"column":26},"end":{"line":505,"column":5}},"line":475},"32":{"name":"(anonymous_32)","decl":{"start":{"line":507,"column":4},"end":{"line":507,"column":5}},"loc":{"start":{"line":507,"column":32},"end":{"line":515,"column":5}},"line":507},"33":{"name":"(anonymous_33)","decl":{"start":{"line":509,"column":27},"end":{"line":509,"column":28}},"loc":{"start":{"line":509,"column":40},"end":{"line":514,"column":9}},"line":509},"34":{"name":"(anonymous_34)","decl":{"start":{"line":510,"column":23},"end":{"line":510,"column":24}},"loc":{"start":{"line":510,"column":29},"end":{"line":513,"column":13}},"line":510},"35":{"name":"(anonymous_35)","decl":{"start":{"line":517,"column":4},"end":{"line":517,"column":5}},"loc":{"start":{"line":517,"column":16},"end":{"line":521,"column":5}},"line":517},"36":{"name":"(anonymous_36)","decl":{"start":{"line":523,"column":4},"end":{"line":523,"column":5}},"loc":{"start":{"line":523,"column":22},"end":{"line":551,"column":5}},"line":523},"37":{"name":"(anonymous_37)","decl":{"start":{"line":528,"column":47},"end":{"line":528,"column":48}},"loc":{"start":{"line":528,"column":53},"end":{"line":530,"column":13}},"line":528},"38":{"name":"(anonymous_38)","decl":{"start":{"line":534,"column":45},"end":{"line":534,"column":46}},"loc":{"start":{"line":534,"column":52},"end":{"line":538,"column":9}},"line":534},"39":{"name":"(anonymous_39)","decl":{"start":{"line":541,"column":29},"end":{"line":541,"column":30}},"loc":{"start":{"line":541,"column":36},"end":{"line":545,"column":9}},"line":541},"40":{"name":"(anonymous_40)","decl":{"start":{"line":553,"column":4},"end":{"line":553,"column":5}},"loc":{"start":{"line":553,"column":16},"end":{"line":557,"column":5}},"line":553},"41":{"name":"(anonymous_41)","decl":{"start":{"line":560,"column":4},"end":{"line":560,"column":5}},"loc":{"start":{"line":560,"column":14},"end":{"line":567,"column":5}},"line":560},"42":{"name":"(anonymous_42)","decl":{"start":{"line":573,"column":4},"end":{"line":573,"column":5}},"loc":{"start":{"line":573,"column":18},"end":{"line":606,"column":5}},"line":573},"43":{"name":"(anonymous_43)","decl":{"start":{"line":608,"column":4},"end":{"line":608,"column":5}},"loc":{"start":{"line":608,"column":11},"end":{"line":611,"column":5}},"line":608},"44":{"name":"(anonymous_44)","decl":{"start":{"line":610,"column":42},"end":{"line":610,"column":43}},"loc":{"start":{"line":610,"column":48},"end":{"line":610,"column":61}},"line":610},"45":{"name":"(anonymous_45)","decl":{"start":{"line":613,"column":4},"end":{"line":613,"column":5}},"loc":{"start":{"line":613,"column":13},"end":{"line":616,"column":5}},"line":613},"46":{"name":"(anonymous_46)","decl":{"start":{"line":618,"column":4},"end":{"line":618,"column":5}},"loc":{"start":{"line":618,"column":18},"end":{"line":632,"column":5}},"line":618},"47":{"name":"(anonymous_47)","decl":{"start":{"line":634,"column":4},"end":{"line":634,"column":5}},"loc":{"start":{"line":634,"column":27},"end":{"line":663,"column":5}},"line":634},"48":{"name":"(anonymous_48)","decl":{"start":{"line":660,"column":41},"end":{"line":660,"column":42}},"loc":{"start":{"line":660,"column":49},"end":{"line":660,"column":73}},"line":660},"49":{"name":"(anonymous_49)","decl":{"start":{"line":665,"column":4},"end":{"line":665,"column":5}},"loc":{"start":{"line":665,"column":14},"end":{"line":670,"column":5}},"line":665},"50":{"name":"(anonymous_50)","decl":{"start":{"line":672,"column":4},"end":{"line":672,"column":5}},"loc":{"start":{"line":672,"column":11},"end":{"line":684,"column":5}},"line":672},"51":{"name":"(anonymous_51)","decl":{"start":{"line":683,"column":30},"end":{"line":683,"column":31}},"loc":{"start":{"line":683,"column":36},"end":{"line":683,"column":47}},"line":683},"52":{"name":"(anonymous_52)","decl":{"start":{"line":686,"column":4},"end":{"line":686,"column":5}},"loc":{"start":{"line":686,"column":25},"end":{"line":702,"column":5}},"line":686},"53":{"name":"(anonymous_53)","decl":{"start":{"line":690,"column":36},"end":{"line":690,"column":37}},"loc":{"start":{"line":690,"column":53},"end":{"line":701,"column":9}},"line":690},"54":{"name":"(anonymous_54)","decl":{"start":{"line":704,"column":4},"end":{"line":704,"column":5}},"loc":{"start":{"line":704,"column":16},"end":{"line":739,"column":5}},"line":704},"55":{"name":"(anonymous_55)","decl":{"start":{"line":705,"column":27},"end":{"line":705,"column":28}},"loc":{"start":{"line":705,"column":44},"end":{"line":738,"column":9}},"line":705},"56":{"name":"(anonymous_56)","decl":{"start":{"line":741,"column":4},"end":{"line":741,"column":5}},"loc":{"start":{"line":741,"column":19},"end":{"line":757,"column":5}},"line":741},"57":{"name":"(anonymous_57)","decl":{"start":{"line":747,"column":44},"end":{"line":747,"column":45}},"loc":{"start":{"line":747,"column":52},"end":{"line":750,"column":9}},"line":747},"58":{"name":"(anonymous_58)","decl":{"start":{"line":759,"column":4},"end":{"line":759,"column":5}},"loc":{"start":{"line":759,"column":23},"end":{"line":771,"column":5}},"line":759},"59":{"name":"(anonymous_59)","decl":{"start":{"line":765,"column":44},"end":{"line":765,"column":45}},"loc":{"start":{"line":765,"column":52},"end":{"line":768,"column":9}},"line":765},"60":{"name":"(anonymous_60)","decl":{"start":{"line":773,"column":4},"end":{"line":773,"column":5}},"loc":{"start":{"line":773,"column":32},"end":{"line":787,"column":5}},"line":773},"61":{"name":"(anonymous_61)","decl":{"start":{"line":783,"column":23},"end":{"line":783,"column":24}},"loc":{"start":{"line":783,"column":29},"end":{"line":785,"column":13}},"line":783},"62":{"name":"(anonymous_62)","decl":{"start":{"line":789,"column":4},"end":{"line":789,"column":5}},"loc":{"start":{"line":789,"column":28},"end":{"line":803,"column":5}},"line":789},"63":{"name":"(anonymous_63)","decl":{"start":{"line":805,"column":4},"end":{"line":805,"column":5}},"loc":{"start":{"line":805,"column":30},"end":{"line":821,"column":5}},"line":805},"64":{"name":"(anonymous_64)","decl":{"start":{"line":820,"column":30},"end":{"line":820,"column":31}},"loc":{"start":{"line":820,"column":36},"end":{"line":820,"column":66}},"line":820},"65":{"name":"(anonymous_65)","decl":{"start":{"line":824,"column":4},"end":{"line":824,"column":5}},"loc":{"start":{"line":824,"column":14},"end":{"line":833,"column":5}},"line":824},"66":{"name":"(anonymous_66)","decl":{"start":{"line":839,"column":4},"end":{"line":839,"column":5}},"loc":{"start":{"line":839,"column":18},"end":{"line":855,"column":5}},"line":839},"67":{"name":"(anonymous_67)","decl":{"start":{"line":851,"column":47},"end":{"line":851,"column":48}},"loc":{"start":{"line":851,"column":54},"end":{"line":854,"column":9}},"line":851},"68":{"name":"(anonymous_68)","decl":{"start":{"line":857,"column":4},"end":{"line":857,"column":5}},"loc":{"start":{"line":857,"column":11},"end":{"line":860,"column":5}},"line":857},"69":{"name":"(anonymous_69)","decl":{"start":{"line":859,"column":42},"end":{"line":859,"column":43}},"loc":{"start":{"line":859,"column":48},"end":{"line":859,"column":61}},"line":859},"70":{"name":"(anonymous_70)","decl":{"start":{"line":862,"column":4},"end":{"line":862,"column":5}},"loc":{"start":{"line":862,"column":13},"end":{"line":865,"column":5}},"line":862},"71":{"name":"(anonymous_71)","decl":{"start":{"line":867,"column":4},"end":{"line":867,"column":5}},"loc":{"start":{"line":867,"column":22},"end":{"line":883,"column":5}},"line":867},"72":{"name":"(anonymous_72)","decl":{"start":{"line":885,"column":4},"end":{"line":885,"column":5}},"loc":{"start":{"line":885,"column":21},"end":{"line":894,"column":5}},"line":885},"73":{"name":"(anonymous_73)","decl":{"start":{"line":896,"column":4},"end":{"line":896,"column":5}},"loc":{"start":{"line":896,"column":14},"end":{"line":954,"column":5}},"line":896},"74":{"name":"(anonymous_74)","decl":{"start":{"line":899,"column":31},"end":{"line":899,"column":32}},"loc":{"start":{"line":899,"column":52},"end":{"line":951,"column":9}},"line":899},"75":{"name":"(anonymous_75)","decl":{"start":{"line":953,"column":30},"end":{"line":953,"column":31}},"loc":{"start":{"line":953,"column":36},"end":{"line":953,"column":50}},"line":953},"76":{"name":"(anonymous_76)","decl":{"start":{"line":960,"column":4},"end":{"line":960,"column":5}},"loc":{"start":{"line":960,"column":18},"end":{"line":969,"column":5}},"line":960},"77":{"name":"(anonymous_77)","decl":{"start":{"line":971,"column":4},"end":{"line":971,"column":5}},"loc":{"start":{"line":971,"column":11},"end":{"line":979,"column":5}},"line":971},"78":{"name":"(anonymous_78)","decl":{"start":{"line":973,"column":22},"end":{"line":973,"column":23}},"loc":{"start":{"line":973,"column":39},"end":{"line":975,"column":9}},"line":973},"79":{"name":"(anonymous_79)","decl":{"start":{"line":974,"column":43},"end":{"line":974,"column":44}},"loc":{"start":{"line":974,"column":49},"end":{"line":974,"column":77}},"line":974},"80":{"name":"(anonymous_80)","decl":{"start":{"line":981,"column":4},"end":{"line":981,"column":5}},"loc":{"start":{"line":981,"column":28},"end":{"line":996,"column":5}},"line":981},"81":{"name":"(anonymous_81)","decl":{"start":{"line":988,"column":19},"end":{"line":988,"column":20}},"loc":{"start":{"line":988,"column":25},"end":{"line":990,"column":9}},"line":988},"82":{"name":"(anonymous_82)","decl":{"start":{"line":993,"column":19},"end":{"line":993,"column":20}},"loc":{"start":{"line":993,"column":25},"end":{"line":995,"column":9}},"line":993},"83":{"name":"(anonymous_83)","decl":{"start":{"line":998,"column":4},"end":{"line":998,"column":5}},"loc":{"start":{"line":998,"column":22},"end":{"line":1019,"column":5}},"line":998},"84":{"name":"(anonymous_84)","decl":{"start":{"line":1021,"column":4},"end":{"line":1021,"column":5}},"loc":{"start":{"line":1021,"column":19},"end":{"line":1028,"column":5}},"line":1021},"85":{"name":"(anonymous_85)","decl":{"start":{"line":1024,"column":22},"end":{"line":1024,"column":23}},"loc":{"start":{"line":1024,"column":39},"end":{"line":1027,"column":9}},"line":1024},"86":{"name":"(anonymous_86)","decl":{"start":{"line":1034,"column":4},"end":{"line":1034,"column":5}},"loc":{"start":{"line":1034,"column":18},"end":{"line":1076,"column":5}},"line":1034},"87":{"name":"(anonymous_87)","decl":{"start":{"line":1078,"column":4},"end":{"line":1078,"column":5}},"loc":{"start":{"line":1078,"column":11},"end":{"line":1081,"column":5}},"line":1078},"88":{"name":"(anonymous_88)","decl":{"start":{"line":1079,"column":46},"end":{"line":1079,"column":47}},"loc":{"start":{"line":1079,"column":53},"end":{"line":1079,"column":72}},"line":1079},"89":{"name":"(anonymous_89)","decl":{"start":{"line":1080,"column":50},"end":{"line":1080,"column":51}},"loc":{"start":{"line":1080,"column":57},"end":{"line":1080,"column":80}},"line":1080},"90":{"name":"(anonymous_90)","decl":{"start":{"line":1083,"column":4},"end":{"line":1083,"column":5}},"loc":{"start":{"line":1083,"column":19},"end":{"line":1096,"column":5}},"line":1083},"91":{"name":"(anonymous_91)","decl":{"start":{"line":1098,"column":4},"end":{"line":1098,"column":5}},"loc":{"start":{"line":1098,"column":23},"end":{"line":1109,"column":5}},"line":1098},"92":{"name":"(anonymous_92)","decl":{"start":{"line":1111,"column":4},"end":{"line":1111,"column":5}},"loc":{"start":{"line":1111,"column":22},"end":{"line":1115,"column":5}},"line":1111},"93":{"name":"(anonymous_93)","decl":{"start":{"line":1117,"column":4},"end":{"line":1117,"column":5}},"loc":{"start":{"line":1117,"column":23},"end":{"line":1127,"column":5}},"line":1117},"94":{"name":"(anonymous_94)","decl":{"start":{"line":1129,"column":4},"end":{"line":1129,"column":5}},"loc":{"start":{"line":1129,"column":14},"end":{"line":1195,"column":5}},"line":1129},"95":{"name":"(anonymous_95)","decl":{"start":{"line":1147,"column":33},"end":{"line":1147,"column":34}},"loc":{"start":{"line":1147,"column":50},"end":{"line":1177,"column":9}},"line":1147},"96":{"name":"shuffleTarot","decl":{"start":{"line":1200,"column":9},"end":{"line":1200,"column":21}},"loc":{"start":{"line":1200,"column":24},"end":{"line":1218,"column":1}},"line":1200},"97":{"name":"(anonymous_97)","decl":{"start":{"line":1205,"column":18},"end":{"line":1205,"column":19}},"loc":{"start":{"line":1205,"column":26},"end":{"line":1208,"column":5}},"line":1205},"98":{"name":"(anonymous_98)","decl":{"start":{"line":1223,"column":4},"end":{"line":1223,"column":5}},"loc":{"start":{"line":1223,"column":18},"end":{"line":1228,"column":5}},"line":1223},"99":{"name":"(anonymous_99)","decl":{"start":{"line":1230,"column":4},"end":{"line":1230,"column":5}},"loc":{"start":{"line":1230,"column":20},"end":{"line":1242,"column":5}},"line":1230},"100":{"name":"(anonymous_100)","decl":{"start":{"line":1244,"column":4},"end":{"line":1244,"column":5}},"loc":{"start":{"line":1244,"column":14},"end":{"line":1249,"column":5}},"line":1244},"101":{"name":"(anonymous_101)","decl":{"start":{"line":1245,"column":30},"end":{"line":1245,"column":31}},"loc":{"start":{"line":1245,"column":49},"end":{"line":1248,"column":9}},"line":1245}},"branchMap":{"0":{"loc":{"start":{"line":136,"column":28},"end":{"line":136,"column":72}},"type":"binary-expr","locations":[{"start":{"line":136,"column":28},"end":{"line":136,"column":46}},{"start":{"line":136,"column":50},"end":{"line":136,"column":72}}],"line":136},"1":{"loc":{"start":{"line":137,"column":8},"end":{"line":139,"column":9}},"type":"if","locations":[{"start":{"line":137,"column":8},"end":{"line":139,"column":9}},{"start":{},"end":{}}],"line":137},"2":{"loc":{"start":{"line":144,"column":8},"end":{"line":152,"column":9}},"type":"if","locations":[{"start":{"line":144,"column":8},"end":{"line":152,"column":9}},{"start":{"line":146,"column":15},"end":{"line":152,"column":9}}],"line":144},"3":{"loc":{"start":{"line":146,"column":15},"end":{"line":152,"column":9}},"type":"if","locations":[{"start":{"line":146,"column":15},"end":{"line":152,"column":9}},{"start":{"line":148,"column":15},"end":{"line":152,"column":9}}],"line":146},"4":{"loc":{"start":{"line":148,"column":15},"end":{"line":152,"column":9}},"type":"if","locations":[{"start":{"line":148,"column":15},"end":{"line":152,"column":9}},{"start":{"line":150,"column":15},"end":{"line":152,"column":9}}],"line":148},"5":{"loc":{"start":{"line":165,"column":4},"end":{"line":168,"column":5}},"type":"if","locations":[{"start":{"line":165,"column":4},"end":{"line":168,"column":5}},{"start":{},"end":{}}],"line":165},"6":{"loc":{"start":{"line":175,"column":8},"end":{"line":177,"column":9}},"type":"if","locations":[{"start":{"line":175,"column":8},"end":{"line":177,"column":9}},{"start":{},"end":{}}],"line":175},"7":{"loc":{"start":{"line":181,"column":4},"end":{"line":183,"column":5}},"type":"if","locations":[{"start":{"line":181,"column":4},"end":{"line":183,"column":5}},{"start":{},"end":{}}],"line":181},"8":{"loc":{"start":{"line":181,"column":8},"end":{"line":181,"column":62}},"type":"binary-expr","locations":[{"start":{"line":181,"column":8},"end":{"line":181,"column":26}},{"start":{"line":181,"column":30},"end":{"line":181,"column":62}}],"line":181},"9":{"loc":{"start":{"line":189,"column":8},"end":{"line":198,"column":9}},"type":"if","locations":[{"start":{"line":189,"column":8},"end":{"line":198,"column":9}},{"start":{"line":195,"column":15},"end":{"line":198,"column":9}}],"line":189},"10":{"loc":{"start":{"line":189,"column":12},"end":{"line":189,"column":57}},"type":"binary-expr","locations":[{"start":{"line":189,"column":12},"end":{"line":189,"column":30}},{"start":{"line":189,"column":34},"end":{"line":189,"column":57}}],"line":189},"11":{"loc":{"start":{"line":190,"column":12},"end":{"line":194,"column":13}},"type":"if","locations":[{"start":{"line":190,"column":12},"end":{"line":194,"column":13}},{"start":{"line":192,"column":19},"end":{"line":194,"column":13}}],"line":190},"12":{"loc":{"start":{"line":190,"column":16},"end":{"line":190,"column":77}},"type":"binary-expr","locations":[{"start":{"line":190,"column":16},"end":{"line":190,"column":43}},{"start":{"line":190,"column":47},"end":{"line":190,"column":77}}],"line":190},"13":{"loc":{"start":{"line":208,"column":4},"end":{"line":218,"column":5}},"type":"if","locations":[{"start":{"line":208,"column":4},"end":{"line":218,"column":5}},{"start":{},"end":{}}],"line":208},"14":{"loc":{"start":{"line":212,"column":8},"end":{"line":214,"column":9}},"type":"if","locations":[{"start":{"line":212,"column":8},"end":{"line":214,"column":9}},{"start":{},"end":{}}],"line":212},"15":{"loc":{"start":{"line":212,"column":12},"end":{"line":212,"column":77}},"type":"binary-expr","locations":[{"start":{"line":212,"column":12},"end":{"line":212,"column":17}},{"start":{"line":212,"column":21},"end":{"line":212,"column":39}},{"start":{"line":212,"column":43},"end":{"line":212,"column":77}}],"line":212},"16":{"loc":{"start":{"line":215,"column":8},"end":{"line":217,"column":9}},"type":"if","locations":[{"start":{"line":215,"column":8},"end":{"line":217,"column":9}},{"start":{},"end":{}}],"line":215},"17":{"loc":{"start":{"line":215,"column":12},"end":{"line":215,"column":76}},"type":"binary-expr","locations":[{"start":{"line":215,"column":12},"end":{"line":215,"column":16}},{"start":{"line":215,"column":20},"end":{"line":215,"column":38}},{"start":{"line":215,"column":42},"end":{"line":215,"column":76}}],"line":215},"18":{"loc":{"start":{"line":248,"column":8},"end":{"line":250,"column":9}},"type":"if","locations":[{"start":{"line":248,"column":8},"end":{"line":250,"column":9}},{"start":{},"end":{}}],"line":248},"19":{"loc":{"start":{"line":253,"column":8},"end":{"line":255,"column":9}},"type":"if","locations":[{"start":{"line":253,"column":8},"end":{"line":255,"column":9}},{"start":{},"end":{}}],"line":253},"20":{"loc":{"start":{"line":258,"column":8},"end":{"line":260,"column":9}},"type":"if","locations":[{"start":{"line":258,"column":8},"end":{"line":260,"column":9}},{"start":{},"end":{}}],"line":258},"21":{"loc":{"start":{"line":263,"column":8},"end":{"line":265,"column":9}},"type":"if","locations":[{"start":{"line":263,"column":8},"end":{"line":265,"column":9}},{"start":{},"end":{}}],"line":263},"22":{"loc":{"start":{"line":268,"column":8},"end":{"line":270,"column":9}},"type":"if","locations":[{"start":{"line":268,"column":8},"end":{"line":270,"column":9}},{"start":{},"end":{}}],"line":268},"23":{"loc":{"start":{"line":273,"column":8},"end":{"line":275,"column":9}},"type":"if","locations":[{"start":{"line":273,"column":8},"end":{"line":275,"column":9}},{"start":{},"end":{}}],"line":273},"24":{"loc":{"start":{"line":300,"column":4},"end":{"line":321,"column":5}},"type":"if","locations":[{"start":{"line":300,"column":4},"end":{"line":321,"column":5}},{"start":{},"end":{}}],"line":300},"25":{"loc":{"start":{"line":300,"column":8},"end":{"line":300,"column":28}},"type":"binary-expr","locations":[{"start":{"line":300,"column":8},"end":{"line":300,"column":17}},{"start":{"line":300,"column":21},"end":{"line":300,"column":28}}],"line":300},"26":{"loc":{"start":{"line":316,"column":12},"end":{"line":319,"column":13}},"type":"if","locations":[{"start":{"line":316,"column":12},"end":{"line":319,"column":13}},{"start":{},"end":{}}],"line":316},"27":{"loc":{"start":{"line":316,"column":16},"end":{"line":316,"column":76}},"type":"binary-expr","locations":[{"start":{"line":316,"column":16},"end":{"line":316,"column":45}},{"start":{"line":316,"column":49},"end":{"line":316,"column":76}}],"line":316},"28":{"loc":{"start":{"line":334,"column":12},"end":{"line":349,"column":13}},"type":"if","locations":[{"start":{"line":334,"column":12},"end":{"line":349,"column":13}},{"start":{},"end":{}}],"line":334},"29":{"loc":{"start":{"line":336,"column":37},"end":{"line":336,"column":90}},"type":"binary-expr","locations":[{"start":{"line":336,"column":37},"end":{"line":336,"column":84}},{"start":{"line":336,"column":88},"end":{"line":336,"column":90}}],"line":336},"30":{"loc":{"start":{"line":363,"column":4},"end":{"line":365,"column":5}},"type":"if","locations":[{"start":{"line":363,"column":4},"end":{"line":365,"column":5}},{"start":{},"end":{}}],"line":363},"31":{"loc":{"start":{"line":381,"column":12},"end":{"line":388,"column":13}},"type":"if","locations":[{"start":{"line":381,"column":12},"end":{"line":388,"column":13}},{"start":{},"end":{}}],"line":381},"32":{"loc":{"start":{"line":381,"column":16},"end":{"line":381,"column":81}},"type":"binary-expr","locations":[{"start":{"line":381,"column":16},"end":{"line":381,"column":39}},{"start":{"line":381,"column":43},"end":{"line":381,"column":81}}],"line":381},"33":{"loc":{"start":{"line":384,"column":20},"end":{"line":386,"column":21}},"type":"if","locations":[{"start":{"line":384,"column":20},"end":{"line":386,"column":21}},{"start":{},"end":{}}],"line":384},"34":{"loc":{"start":{"line":398,"column":4},"end":{"line":452,"column":5}},"type":"if","locations":[{"start":{"line":398,"column":4},"end":{"line":452,"column":5}},{"start":{"line":450,"column":11},"end":{"line":452,"column":5}}],"line":398},"35":{"loc":{"start":{"line":408,"column":12},"end":{"line":411,"column":13}},"type":"if","locations":[{"start":{"line":408,"column":12},"end":{"line":411,"column":13}},{"start":{},"end":{}}],"line":408},"36":{"loc":{"start":{"line":430,"column":12},"end":{"line":434,"column":13}},"type":"if","locations":[{"start":{"line":430,"column":12},"end":{"line":434,"column":13}},{"start":{},"end":{}}],"line":430},"37":{"loc":{"start":{"line":439,"column":12},"end":{"line":439,"column":60}},"type":"if","locations":[{"start":{"line":439,"column":12},"end":{"line":439,"column":60}},{"start":{},"end":{}}],"line":439},"38":{"loc":{"start":{"line":440,"column":12},"end":{"line":440,"column":55}},"type":"if","locations":[{"start":{"line":440,"column":12},"end":{"line":440,"column":55}},{"start":{},"end":{}}],"line":440},"39":{"loc":{"start":{"line":445,"column":12},"end":{"line":445,"column":60}},"type":"if","locations":[{"start":{"line":445,"column":12},"end":{"line":445,"column":60}},{"start":{},"end":{}}],"line":445},"40":{"loc":{"start":{"line":446,"column":12},"end":{"line":446,"column":55}},"type":"if","locations":[{"start":{"line":446,"column":12},"end":{"line":446,"column":55}},{"start":{},"end":{}}],"line":446},"41":{"loc":{"start":{"line":465,"column":8},"end":{"line":468,"column":9}},"type":"if","locations":[{"start":{"line":465,"column":8},"end":{"line":468,"column":9}},{"start":{},"end":{}}],"line":465},"42":{"loc":{"start":{"line":470,"column":8},"end":{"line":472,"column":9}},"type":"if","locations":[{"start":{"line":470,"column":8},"end":{"line":472,"column":9}},{"start":{},"end":{}}],"line":470},"43":{"loc":{"start":{"line":518,"column":8},"end":{"line":520,"column":9}},"type":"if","locations":[{"start":{"line":518,"column":8},"end":{"line":520,"column":9}},{"start":{},"end":{}}],"line":518},"44":{"loc":{"start":{"line":524,"column":8},"end":{"line":524,"column":32}},"type":"if","locations":[{"start":{"line":524,"column":8},"end":{"line":524,"column":32}},{"start":{},"end":{}}],"line":524},"45":{"loc":{"start":{"line":527,"column":8},"end":{"line":531,"column":9}},"type":"if","locations":[{"start":{"line":527,"column":8},"end":{"line":531,"column":9}},{"start":{},"end":{}}],"line":527},"46":{"loc":{"start":{"line":535,"column":12},"end":{"line":537,"column":13}},"type":"if","locations":[{"start":{"line":535,"column":12},"end":{"line":537,"column":13}},{"start":{},"end":{}}],"line":535},"47":{"loc":{"start":{"line":542,"column":12},"end":{"line":544,"column":13}},"type":"if","locations":[{"start":{"line":542,"column":12},"end":{"line":544,"column":13}},{"start":{},"end":{}}],"line":542},"48":{"loc":{"start":{"line":542,"column":16},"end":{"line":542,"column":74}},"type":"binary-expr","locations":[{"start":{"line":542,"column":16},"end":{"line":542,"column":34}},{"start":{"line":542,"column":38},"end":{"line":542,"column":74}}],"line":542},"49":{"loc":{"start":{"line":554,"column":8},"end":{"line":556,"column":9}},"type":"if","locations":[{"start":{"line":554,"column":8},"end":{"line":556,"column":9}},{"start":{},"end":{}}],"line":554},"50":{"loc":{"start":{"line":561,"column":8},"end":{"line":563,"column":9}},"type":"if","locations":[{"start":{"line":561,"column":8},"end":{"line":563,"column":9}},{"start":{},"end":{}}],"line":561},"51":{"loc":{"start":{"line":564,"column":8},"end":{"line":566,"column":9}},"type":"if","locations":[{"start":{"line":564,"column":8},"end":{"line":566,"column":9}},{"start":{},"end":{}}],"line":564},"52":{"loc":{"start":{"line":575,"column":8},"end":{"line":578,"column":9}},"type":"if","locations":[{"start":{"line":575,"column":8},"end":{"line":578,"column":9}},{"start":{},"end":{}}],"line":575},"53":{"loc":{"start":{"line":581,"column":8},"end":{"line":584,"column":9}},"type":"if","locations":[{"start":{"line":581,"column":8},"end":{"line":584,"column":9}},{"start":{},"end":{}}],"line":581},"54":{"loc":{"start":{"line":666,"column":8},"end":{"line":669,"column":9}},"type":"if","locations":[{"start":{"line":666,"column":8},"end":{"line":669,"column":9}},{"start":{},"end":{}}],"line":666},"55":{"loc":{"start":{"line":691,"column":12},"end":{"line":700,"column":13}},"type":"if","locations":[{"start":{"line":691,"column":12},"end":{"line":700,"column":13}},{"start":{},"end":{}}],"line":691},"56":{"loc":{"start":{"line":708,"column":12},"end":{"line":708,"column":57}},"type":"if","locations":[{"start":{"line":708,"column":12},"end":{"line":708,"column":57}},{"start":{},"end":{}}],"line":708},"57":{"loc":{"start":{"line":733,"column":12},"end":{"line":737,"column":13}},"type":"if","locations":[{"start":{"line":733,"column":12},"end":{"line":737,"column":13}},{"start":{},"end":{}}],"line":733},"58":{"loc":{"start":{"line":749,"column":19},"end":{"line":749,"column":65}},"type":"binary-expr","locations":[{"start":{"line":749,"column":19},"end":{"line":749,"column":45}},{"start":{"line":749,"column":49},"end":{"line":749,"column":65}}],"line":749},"59":{"loc":{"start":{"line":752,"column":8},"end":{"line":756,"column":9}},"type":"if","locations":[{"start":{"line":752,"column":8},"end":{"line":756,"column":9}},{"start":{},"end":{}}],"line":752},"60":{"loc":{"start":{"line":767,"column":19},"end":{"line":767,"column":65}},"type":"binary-expr","locations":[{"start":{"line":767,"column":19},"end":{"line":767,"column":45}},{"start":{"line":767,"column":49},"end":{"line":767,"column":65}}],"line":767},"61":{"loc":{"start":{"line":770,"column":35},"end":{"line":770,"column":70}},"type":"cond-expr","locations":[{"start":{"line":770,"column":49},"end":{"line":770,"column":58}},{"start":{"line":770,"column":61},"end":{"line":770,"column":70}}],"line":770},"62":{"loc":{"start":{"line":777,"column":8},"end":{"line":786,"column":9}},"type":"if","locations":[{"start":{"line":777,"column":8},"end":{"line":786,"column":9}},{"start":{},"end":{}}],"line":777},"63":{"loc":{"start":{"line":777,"column":12},"end":{"line":777,"column":33}},"type":"binary-expr","locations":[{"start":{"line":777,"column":12},"end":{"line":777,"column":16}},{"start":{"line":777,"column":20},"end":{"line":777,"column":33}}],"line":777},"64":{"loc":{"start":{"line":806,"column":8},"end":{"line":806,"column":39}},"type":"if","locations":[{"start":{"line":806,"column":8},"end":{"line":806,"column":39}},{"start":{},"end":{}}],"line":806},"65":{"loc":{"start":{"line":826,"column":8},"end":{"line":828,"column":9}},"type":"if","locations":[{"start":{"line":826,"column":8},"end":{"line":828,"column":9}},{"start":{},"end":{}}],"line":826},"66":{"loc":{"start":{"line":829,"column":8},"end":{"line":832,"column":9}},"type":"if","locations":[{"start":{"line":829,"column":8},"end":{"line":832,"column":9}},{"start":{},"end":{}}],"line":829},"67":{"loc":{"start":{"line":909,"column":12},"end":{"line":912,"column":13}},"type":"if","locations":[{"start":{"line":909,"column":12},"end":{"line":912,"column":13}},{"start":{},"end":{}}],"line":909},"68":{"loc":{"start":{"line":915,"column":12},"end":{"line":915,"column":84}},"type":"if","locations":[{"start":{"line":915,"column":12},"end":{"line":915,"column":84}},{"start":{},"end":{}}],"line":915},"69":{"loc":{"start":{"line":915,"column":16},"end":{"line":915,"column":64}},"type":"binary-expr","locations":[{"start":{"line":915,"column":16},"end":{"line":915,"column":30}},{"start":{"line":915,"column":34},"end":{"line":915,"column":64}}],"line":915},"70":{"loc":{"start":{"line":916,"column":12},"end":{"line":916,"column":85}},"type":"if","locations":[{"start":{"line":916,"column":12},"end":{"line":916,"column":85}},{"start":{},"end":{}}],"line":916},"71":{"loc":{"start":{"line":916,"column":16},"end":{"line":916,"column":65}},"type":"binary-expr","locations":[{"start":{"line":916,"column":16},"end":{"line":916,"column":30}},{"start":{"line":916,"column":34},"end":{"line":916,"column":65}}],"line":916},"72":{"loc":{"start":{"line":920,"column":12},"end":{"line":925,"column":13}},"type":"if","locations":[{"start":{"line":920,"column":12},"end":{"line":925,"column":13}},{"start":{},"end":{}}],"line":920},"73":{"loc":{"start":{"line":966,"column":8},"end":{"line":968,"column":9}},"type":"if","locations":[{"start":{"line":966,"column":8},"end":{"line":968,"column":9}},{"start":{},"end":{}}],"line":966},"74":{"loc":{"start":{"line":982,"column":8},"end":{"line":982,"column":38}},"type":"if","locations":[{"start":{"line":982,"column":8},"end":{"line":982,"column":38}},{"start":{},"end":{}}],"line":982},"75":{"loc":{"start":{"line":1036,"column":8},"end":{"line":1036,"column":33}},"type":"if","locations":[{"start":{"line":1036,"column":8},"end":{"line":1036,"column":33}},{"start":{},"end":{}}],"line":1036},"76":{"loc":{"start":{"line":1089,"column":8},"end":{"line":1095,"column":9}},"type":"if","locations":[{"start":{"line":1089,"column":8},"end":{"line":1095,"column":9}},{"start":{},"end":{}}],"line":1089},"77":{"loc":{"start":{"line":1089,"column":12},"end":{"line":1089,"column":68}},"type":"binary-expr","locations":[{"start":{"line":1089,"column":12},"end":{"line":1089,"column":35}},{"start":{"line":1089,"column":39},"end":{"line":1089,"column":68}}],"line":1089},"78":{"loc":{"start":{"line":1104,"column":8},"end":{"line":1108,"column":9}},"type":"if","locations":[{"start":{"line":1104,"column":8},"end":{"line":1108,"column":9}},{"start":{"line":1106,"column":15},"end":{"line":1108,"column":9}}],"line":1104},"79":{"loc":{"start":{"line":1104,"column":12},"end":{"line":1104,"column":68}},"type":"binary-expr","locations":[{"start":{"line":1104,"column":12},"end":{"line":1104,"column":35}},{"start":{"line":1104,"column":39},"end":{"line":1104,"column":68}}],"line":1104},"80":{"loc":{"start":{"line":1118,"column":8},"end":{"line":1118,"column":47}},"type":"if","locations":[{"start":{"line":1118,"column":8},"end":{"line":1118,"column":47}},{"start":{},"end":{}}],"line":1118},"81":{"loc":{"start":{"line":1153,"column":12},"end":{"line":1164,"column":13}},"type":"if","locations":[{"start":{"line":1153,"column":12},"end":{"line":1164,"column":13}},{"start":{},"end":{}}],"line":1153},"82":{"loc":{"start":{"line":1167,"column":33},"end":{"line":1167,"column":101}},"type":"cond-expr","locations":[{"start":{"line":1167,"column":63},"end":{"line":1167,"column":72}},{"start":{"line":1167,"column":75},"end":{"line":1167,"column":101}}],"line":1167},"83":{"loc":{"start":{"line":1215,"column":4},"end":{"line":1217,"column":5}},"type":"if","locations":[{"start":{"line":1215,"column":4},"end":{"line":1217,"column":5}},{"start":{},"end":{}}],"line":1215}},"s":{"0":0,"1":0,"2":0,"3":0,"4":0,"5":0,"6":0,"7":0,"8":0,"9":0,"10":0,"11":0,"12":0,"13":0,"14":0,"15":0,"16":0,"17":0,"18":0,"19":0,"20":0,"21":0,"22":0,"23":0,"24":0,"25":0,"26":0,"27":0,"28":0,"29":0,"30":0,"31":0,"32":0,"33":0,"34":0,"35":0,"36":0,"37":0,"38":0,"39":0,"40":0,"41":0,"42":0,"43":0,"44":0,"45":0,"46":0,"47":0,"48":0,"49":0,"50":0,"51":0,"52":0,"53":0,"54":0,"55":0,"56":0,"57":0,"58":0,"59":0,"60":0,"61":0,"62":0,"63":0,"64":0,"65":0,"66":0,"67":0,"68":0,"69":0,"70":0,"71":0,"72":0,"73":0,"74":0,"75":0,"76":0,"77":0,"78":0,"79":0,"80":0,"81":0,"82":0,"83":0,"84":0,"85":0,"86":0,"87":0,"88":0,"89":0,"90":0,"91":0,"92":0,"93":0,"94":0,"95":0,"96":0,"97":0,"98":0,"99":0,"100":0,"101":0,"102":0,"103":0,"104":0,"105":0,"106":0,"107":0,"108":0,"109":0,"110":0,"111":0,"112":0,"113":0,"114":0,"115":0,"116":0,"117":0,"118":0,"119":0,"120":0,"121":0,"122":0,"123":0,"124":0,"125":0,"126":0,"127":0,"128":0,"129":0,"130":0,"131":0,"132":0,"133":0,"134":0,"135":0,"136":0,"137":0,"138":0,"139":0,"140":0,"141":0,"142":0,"143":0,"144":0,"145":0,"146":0,"147":0,"148":0,"149":0,"150":0,"151":0,"152":0,"153":0,"154":0,"155":0,"156":0,"157":0,"158":0,"159":0,"160":0,"161":0,"162":0,"163":0,"164":0,"165":0,"166":0,"167":0,"168":0,"169":0,"170":0,"171":0,"172":0,"173":0,"174":0,"175":0,"176":0,"177":0,"178":0,"179":0,"180":0,"181":0,"182":0,"183":0,"184":0,"185":0,"186":0,"187":0,"188":0,"189":0,"190":0,"191":0,"192":0,"193":0,"194":0,"195":0,"196":0,"197":0,"198":0,"199":0,"200":0,"201":0,"202":0,"203":0,"204":0,"205":0,"206":0,"207":0,"208":0,"209":0,"210":0,"211":0,"212":0,"213":0,"214":0,"215":0,"216":0,"217":0,"218":0,"219":0,"220":0,"221":0,"222":0,"223":0,"224":0,"225":0,"226":0,"227":0,"228":0,"229":0,"230":0,"231":0,"232":0,"233":0,"234":0,"235":0,"236":0,"237":0,"238":0,"239":0,"240":0,"241":0,"242":0,"243":0,"244":0,"245":0,"246":0,"247":0,"248":0,"249":0,"250":0,"251":0,"252":0,"253":0,"254":0,"255":0,"256":0,"257":0,"258":0,"259":0,"260":0,"261":0,"262":0,"263":0,"264":0,"265":0,"266":0,"267":0,"268":0,"269":0,"270":0,"271":0,"272":0,"273":0,"274":0,"275":0,"276":0,"277":0,"278":0,"279":0,"280":0,"281":0,"282":0,"283":0,"284":0,"285":0,"286":0,"287":0,"288":0,"289":0,"290":0,"291":0,"292":0,"293":0,"294":0,"295":0,"296":0,"297":0,"298":0,"299":0,"300":0,"301":0,"302":0,"303":0,"304":0,"305":0,"306":0,"307":0,"308":0,"309":0,"310":0,"311":0,"312":0,"313":0,"314":0,"315":0,"316":0,"317":0,"318":0,"319":0,"320":0,"321":0,"322":0,"323":0,"324":0,"325":0,"326":0,"327":0,"328":0,"329":0,"330":0,"331":0,"332":0,"333":0,"334":0,"335":0,"336":0,"337":0,"338":0,"339":0,"340":0,"341":0,"342":0,"343":0,"344":0,"345":0,"346":0,"347":0,"348":0,"349":0,"350":0,"351":0,"352":0,"353":0,"354":0,"355":0,"356":0,"357":0,"358":0,"359":0,"360":0,"361":0,"362":0,"363":0,"364":0,"365":0,"366":0,"367":0,"368":0,"369":0,"370":0,"371":0,"372":0,"373":0,"374":0,"375":0,"376":0,"377":0,"378":0,"379":0,"380":0,"381":0,"382":0,"383":0,"384":0,"385":0,"386":0,"387":0,"388":0,"389":0,"390":0,"391":0,"392":0,"393":0,"394":0,"395":0,"396":0,"397":0,"398":0,"399":0,"400":0,"401":0,"402":0,"403":0,"404":0,"405":0,"406":0,"407":0,"408":0,"409":0,"410":0,"411":0,"412":0,"413":0,"414":0,"415":0,"416":0,"417":0,"418":0,"419":0,"420":0,"421":0,"422":0,"423":0,"424":0,"425":0,"426":0,"427":0,"428":0,"429":0,"430":0,"431":0,"432":0,"433":0,"434":0,"435":0,"436":0,"437":0,"438":0,"439":0,"440":0,"441":0,"442":0,"443":0,"444":0,"445":0,"446":0,"447":0,"448":0,"449":0,"450":0,"451":0,"452":0,"453":0,"454":0,"455":0,"456":0,"457":0,"458":0,"459":0,"460":0,"461":0,"462":0,"463":0,"464":0,"465":0,"466":0,"467":0,"468":0,"469":0,"470":0,"471":0,"472":0,"473":0,"474":0,"475":0,"476":0,"477":0,"478":0,"479":0,"480":0,"481":0,"482":0,"483":0,"484":0,"485":0,"486":0,"487":0,"488":0,"489":0,"490":0,"491":0,"492":0,"493":0,"494":0,"495":0,"496":0,"497":0,"498":0,"499":0,"500":0,"501":0,"502":0,"503":0,"504":0,"505":0,"506":0,"507":0,"508":0,"509":0,"510":0,"511":0,"512":0,"513":0,"514":0,"515":0,"516":0,"517":0,"518":0,"519":0,"520":0,"521":0,"522":0,"523":0,"524":0,"525":0,"526":0,"527":0,"528":0,"529":0,"530":0,"531":0,"532":0,"533":0,"534":0,"535":0},"f":{"0":0,"1":0,"2":0,"3":0,"4":0,"5":0,"6":0,"7":0,"8":0,"9":0,"10":0,"11":0,"12":0,"13":0,"14":0,"15":0,"16":0,"17":0,"18":0,"19":0,"20":0,"21":0,"22":0,"23":0,"24":0,"25":0,"26":0,"27":0,"28":0,"29":0,"30":0,"31":0,"32":0,"33":0,"34":0,"35":0,"36":0,"37":0,"38":0,"39":0,"40":0,"41":0,"42":0,"43":0,"44":0,"45":0,"46":0,"47":0,"48":0,"49":0,"50":0,"51":0,"52":0,"53":0,"54":0,"55":0,"56":0,"57":0,"58":0,"59":0,"60":0,"61":0,"62":0,"63":0,"64":0,"65":0,"66":0,"67":0,"68":0,"69":0,"70":0,"71":0,"72":0,"73":0,"74":0,"75":0,"76":0,"77":0,"78":0,"79":0,"80":0,"81":0,"82":0,"83":0,"84":0,"85":0,"86":0,"87":0,"88":0,"89":0,"90":0,"91":0,"92":0,"93":0,"94":0,"95":0,"96":0,"97":0,"98":0,"99":0,"100":0,"101":0},"b":{"0":[0,0],"1":[0,0],"2":[0,0],"3":[0,0],"4":[0,0],"5":[0,0],"6":[0,0],"7":[0,0],"8":[0,0],"9":[0,0],"10":[0,0],"11":[0,0],"12":[0,0],"13":[0,0],"14":[0,0],"15":[0,0,0],"16":[0,0],"17":[0,0,0],"18":[0,0],"19":[0,0],"20":[0,0],"21":[0,0],"22":[0,0],"23":[0,0],"24":[0,0],"25":[0,0],"26":[0,0],"27":[0,0],"28":[0,0],"29":[0,0],"30":[0,0],"31":[0,0],"32":[0,0],"33":[0,0],"34":[0,0],"35":[0,0],"36":[0,0],"37":[0,0],"38":[0,0],"39":[0,0],"40":[0,0],"41":[0,0],"42":[0,0],"43":[0,0],"44":[0,0],"45":[0,0],"46":[0,0],"47":[0,0],"48":[0,0],"49":[0,0],"50":[0,0],"51":[0,0],"52":[0,0],"53":[0,0],"54":[0,0],"55":[0,0],"56":[0,0],"57":[0,0],"58":[0,0],"59":[0,0],"60":[0,0],"61":[0,0],"62":[0,0],"63":[0,0],"64":[0,0],"65":[0,0],"66":[0,0],"67":[0,0],"68":[0,0],"69":[0,0],"70":[0,0],"71":[0,0],"72":[0,0],"73":[0,0],"74":[0,0],"75":[0,0],"76":[0,0],"77":[0,0],"78":[0,0],"79":[0,0],"80":[0,0],"81":[0,0],"82":[0,0],"83":[0,0]}}
,"/workspace/server.js": {"path":"/workspace/server.js","statementMap":{"0":{"start":{"line":1,"column":13},"end":{"line":1,"column":28}},"1":{"start":{"line":2,"column":11},"end":{"line":2,"column":24}},"2":{"start":{"line":3,"column":13},"end":{"line":3,"column":28}},"3":{"start":{"line":6,"column":18},"end":{"line":20,"column":1}},"4":{"start":{"line":22,"column":15},"end":{"line":67,"column":2}},"5":{"start":{"line":23,"column":4},"end":{"line":66,"column":5}},"6":{"start":{"line":24,"column":23},"end":{"line":24,"column":36}},"7":{"start":{"line":27,"column":8},"end":{"line":29,"column":9}},"8":{"start":{"line":28,"column":12},"end":{"line":28,"column":38}},"9":{"start":{"line":32,"column":31},"end":{"line":32,"column":55}},"10":{"start":{"line":33,"column":8},"end":{"line":37,"column":9}},"11":{"start":{"line":34,"column":12},"end":{"line":34,"column":31}},"12":{"start":{"line":35,"column":12},"end":{"line":35,"column":33}},"13":{"start":{"line":36,"column":12},"end":{"line":36,"column":19}},"14":{"start":{"line":40,"column":24},"end":{"line":40,"column":46}},"15":{"start":{"line":41,"column":26},"end":{"line":41,"column":74}},"16":{"start":{"line":44,"column":8},"end":{"line":61,"column":11}},"17":{"start":{"line":45,"column":12},"end":{"line":60,"column":13}},"18":{"start":{"line":46,"column":16},"end":{"line":55,"column":17}},"19":{"start":{"line":48,"column":20},"end":{"line":48,"column":73}},"20":{"start":{"line":49,"column":20},"end":{"line":49,"column":46}},"21":{"start":{"line":52,"column":20},"end":{"line":52,"column":56}},"22":{"start":{"line":53,"column":20},"end":{"line":53,"column":73}},"23":{"start":{"line":54,"column":20},"end":{"line":54,"column":57}},"24":{"start":{"line":58,"column":16},"end":{"line":58,"column":68}},"25":{"start":{"line":59,"column":16},"end":{"line":59,"column":42}},"26":{"start":{"line":63,"column":8},"end":{"line":63,"column":46}},"27":{"start":{"line":64,"column":8},"end":{"line":64,"column":61}},"28":{"start":{"line":65,"column":8},"end":{"line":65,"column":41}},"29":{"start":{"line":69,"column":13},"end":{"line":69,"column":37}},"30":{"start":{"line":70,"column":0},"end":{"line":73,"column":3}},"31":{"start":{"line":71,"column":4},"end":{"line":71,"column":63}},"32":{"start":{"line":72,"column":4},"end":{"line":72,"column":51}},"33":{"start":{"line":76,"column":0},"end":{"line":82,"column":3}},"34":{"start":{"line":77,"column":4},"end":{"line":77,"column":66}},"35":{"start":{"line":78,"column":4},"end":{"line":81,"column":7}},"36":{"start":{"line":79,"column":8},"end":{"line":79,"column":37}},"37":{"start":{"line":80,"column":8},"end":{"line":80,"column":24}}},"fnMap":{"0":{"name":"(anonymous_0)","decl":{"start":{"line":22,"column":33},"end":{"line":22,"column":34}},"loc":{"start":{"line":22,"column":47},"end":{"line":67,"column":1}},"line":22},"1":{"name":"(anonymous_1)","decl":{"start":{"line":44,"column":30},"end":{"line":44,"column":31}},"loc":{"start":{"line":44,"column":48},"end":{"line":61,"column":9}},"line":44},"2":{"name":"(anonymous_2)","decl":{"start":{"line":70,"column":20},"end":{"line":70,"column":21}},"loc":{"start":{"line":70,"column":26},"end":{"line":73,"column":1}},"line":70},"3":{"name":"(anonymous_3)","decl":{"start":{"line":76,"column":21},"end":{"line":76,"column":22}},"loc":{"start":{"line":76,"column":27},"end":{"line":82,"column":1}},"line":76},"4":{"name":"(anonymous_4)","decl":{"start":{"line":78,"column":17},"end":{"line":78,"column":18}},"loc":{"start":{"line":78,"column":23},"end":{"line":81,"column":5}},"line":78}},"branchMap":{"0":{"loc":{"start":{"line":27,"column":8},"end":{"line":29,"column":9}},"type":"if","locations":[{"start":{"line":27,"column":8},"end":{"line":29,"column":9}},{"start":{},"end":{}}],"line":27},"1":{"loc":{"start":{"line":33,"column":8},"end":{"line":37,"column":9}},"type":"if","locations":[{"start":{"line":33,"column":8},"end":{"line":37,"column":9}},{"start":{},"end":{}}],"line":33},"2":{"loc":{"start":{"line":41,"column":26},"end":{"line":41,"column":74}},"type":"binary-expr","locations":[{"start":{"line":41,"column":26},"end":{"line":41,"column":44}},{"start":{"line":41,"column":48},"end":{"line":41,"column":74}}],"line":41},"3":{"loc":{"start":{"line":45,"column":12},"end":{"line":60,"column":13}},"type":"if","locations":[{"start":{"line":45,"column":12},"end":{"line":60,"column":13}},{"start":{"line":56,"column":19},"end":{"line":60,"column":13}}],"line":45},"4":{"loc":{"start":{"line":46,"column":16},"end":{"line":55,"column":17}},"type":"if","locations":[{"start":{"line":46,"column":16},"end":{"line":55,"column":17}},{"start":{"line":50,"column":23},"end":{"line":55,"column":17}}],"line":46},"5":{"loc":{"start":{"line":69,"column":13},"end":{"line":69,"column":37}},"type":"binary-expr","locations":[{"start":{"line":69,"column":13},"end":{"line":69,"column":29}},{"start":{"line":69,"column":33},"end":{"line":69,"column":37}}],"line":69}},"s":{"0":0,"1":0,"2":0,"3":0,"4":0,"5":0,"6":0,"7":0,"8":0,"9":0,"10":0,"11":0,"12":0,"13":0,"14":0,"15":0,"16":0,"17":0,"18":0,"19":0,"20":0,"21":0,"22":0,"23":0,"24":0,"25":0,"26":0,"27":0,"28":0,"29":0,"30":0,"31":0,"32":0,"33":0,"34":0,"35":0,"36":0,"37":0},"f":{"0":0,"1":0,"2":0,"3":0,"4":0},"b":{"0":[0,0],"1":[0,0],"2":[0,0],"3":[0,0],"4":[0,0],"5":[0,0]}}
,"/workspace/sw.js": {"path":"/workspace/sw.js","statementMap":{"0":{"start":{"line":1,"column":19},"end":{"line":1,"column":39}},"1":{"start":{"line":2,"column":20},"end":{"line":9,"column":1}},"2":{"start":{"line":12,"column":0},"end":{"line":20,"column":3}},"3":{"start":{"line":13,"column":4},"end":{"line":19,"column":6}},"4":{"start":{"line":16,"column":16},"end":{"line":16,"column":44}},"5":{"start":{"line":17,"column":16},"end":{"line":17,"column":49}},"6":{"start":{"line":23,"column":0},"end":{"line":35,"column":3}},"7":{"start":{"line":24,"column":4},"end":{"line":34,"column":6}},"8":{"start":{"line":28,"column":16},"end":{"line":30,"column":17}},"9":{"start":{"line":29,"column":20},"end":{"line":29,"column":36}},"10":{"start":{"line":31,"column":16},"end":{"line":31,"column":44}},"11":{"start":{"line":38,"column":0},"end":{"line":51,"column":3}},"12":{"start":{"line":39,"column":27},"end":{"line":39,"column":39}},"13":{"start":{"line":40,"column":4},"end":{"line":50,"column":6}},"14":{"start":{"line":42,"column":12},"end":{"line":48,"column":14}},"15":{"start":{"line":44,"column":20},"end":{"line":46,"column":21}},"16":{"start":{"line":45,"column":24},"end":{"line":45,"column":56}},"17":{"start":{"line":54,"column":0},"end":{"line":58,"column":3}},"18":{"start":{"line":55,"column":4},"end":{"line":57,"column":5}},"19":{"start":{"line":56,"column":8},"end":{"line":56,"column":44}},"20":{"start":{"line":62,"column":4},"end":{"line":67,"column":7}}},"fnMap":{"0":{"name":"(anonymous_0)","decl":{"start":{"line":12,"column":33},"end":{"line":12,"column":34}},"loc":{"start":{"line":12,"column":42},"end":{"line":20,"column":1}},"line":12},"1":{"name":"(anonymous_1)","decl":{"start":{"line":15,"column":18},"end":{"line":15,"column":19}},"loc":{"start":{"line":15,"column":27},"end":{"line":18,"column":13}},"line":15},"2":{"name":"(anonymous_2)","decl":{"start":{"line":23,"column":31},"end":{"line":23,"column":32}},"loc":{"start":{"line":23,"column":40},"end":{"line":35,"column":1}},"line":23},"3":{"name":"(anonymous_3)","decl":{"start":{"line":26,"column":18},"end":{"line":26,"column":19}},"loc":{"start":{"line":26,"column":30},"end":{"line":32,"column":13}},"line":26},"4":{"name":"(anonymous_4)","decl":{"start":{"line":38,"column":34},"end":{"line":38,"column":35}},"loc":{"start":{"line":38,"column":43},"end":{"line":51,"column":1}},"line":38},"5":{"name":"(anonymous_5)","decl":{"start":{"line":41,"column":27},"end":{"line":41,"column":28}},"loc":{"start":{"line":41,"column":41},"end":{"line":49,"column":9}},"line":41},"6":{"name":"(anonymous_6)","decl":{"start":{"line":43,"column":31},"end":{"line":43,"column":32}},"loc":{"start":{"line":43,"column":44},"end":{"line":47,"column":17}},"line":43},"7":{"name":"(anonymous_7)","decl":{"start":{"line":54,"column":30},"end":{"line":54,"column":31}},"loc":{"start":{"line":54,"column":39},"end":{"line":58,"column":1}},"line":54},"8":{"name":"doBackgroundSync","decl":{"start":{"line":60,"column":9},"end":{"line":60,"column":25}},"loc":{"start":{"line":60,"column":28},"end":{"line":68,"column":1}},"line":60}},"branchMap":{"0":{"loc":{"start":{"line":28,"column":16},"end":{"line":30,"column":17}},"type":"if","locations":[{"start":{"line":28,"column":16},"end":{"line":30,"column":17}},{"start":{},"end":{}}],"line":28},"1":{"loc":{"start":{"line":44,"column":20},"end":{"line":46,"column":21}},"type":"if","locations":[{"start":{"line":44,"column":20},"end":{"line":46,"column":21}},{"start":{},"end":{}}],"line":44},"2":{"loc":{"start":{"line":55,"column":4},"end":{"line":57,"column":5}},"type":"if","locations":[{"start":{"line":55,"column":4},"end":{"line":57,"column":5}},{"start":{},"end":{}}],"line":55}},"s":{"0":0,"1":0,"2":0,"3":0,"4":0,"5":0,"6":0,"7":0,"8":0,"9":0,"10":0,"11":0,"12":0,"13":0,"14":0,"15":0,"16":0,"17":0,"18":0,"19":0,"20":0},"f":{"0":0,"1":0,"2":0,"3":0,"4":0,"5":0,"6":0,"7":0,"8":0},"b":{"0":[0,0],"1":[0,0],"2":[0,0]}}
,"/workspace/translations.js": {"path":"/workspace/translations.js","statementMap":{"0":{"start":{"line":2,"column":28},"end":{"line":334,"column":1}}},"fnMap":{},"branchMap":{},"s":{"0":0},"f":{},"b":{}}
}
