{"C:\\Users\\User\\Desktop\\Новая папка (2)\\config.js": {"path":"C:\\Users\\User\\Desktop\\Новая папка (2)\\config.js","statementMap":{"0":{"start":{"line":4,"column":15},"end":{"line":31,"column":1}},"1":{"start":{"line":34,"column":0},"end":{"line":38,"column":1}},"2":{"start":{"line":35,"column":4},"end":{"line":35,"column":28}},"3":{"start":{"line":37,"column":4},"end":{"line":37,"column":27}}},"fnMap":{},"branchMap":{"0":{"loc":{"start":{"line":34,"column":0},"end":{"line":38,"column":1}},"type":"if","locations":[{"start":{"line":34,"column":0},"end":{"line":38,"column":1}},{"start":{"line":36,"column":7},"end":{"line":38,"column":1}}],"line":34},"1":{"loc":{"start":{"line":34,"column":4},"end":{"line":34,"column":51}},"type":"binary-expr","locations":[{"start":{"line":34,"column":4},"end":{"line":34,"column":33}},{"start":{"line":34,"column":37},"end":{"line":34,"column":51}}],"line":34}},"s":{"0":0,"1":0,"2":0,"3":0},"f":{},"b":{"0":[0,0],"1":[0,0]}}
,"C:\\Users\\User\\Desktop\\Новая папка (2)\\script.js": {"path":"C:\\Users\\User\\Desktop\\Новая папка (2)\\script.js","statementMap":{"0":{"start":{"line":2,"column":21},"end":{"line":207,"column":1}},"1":{"start":{"line":210,"column":18},"end":{"line":210,"column":22}},"2":{"start":{"line":214,"column":4},"end":{"line":214,"column":47}},"3":{"start":{"line":215,"column":4},"end":{"line":215,"column":23}},"4":{"start":{"line":218,"column":4},"end":{"line":223,"column":7}},"5":{"start":{"line":219,"column":8},"end":{"line":219,"column":39}},"6":{"start":{"line":220,"column":8},"end":{"line":222,"column":9}},"7":{"start":{"line":221,"column":12},"end":{"line":221,"column":40}},"8":{"start":{"line":226,"column":4},"end":{"line":226,"column":54}},"9":{"start":{"line":229,"column":4},"end":{"line":238,"column":7}},"10":{"start":{"line":230,"column":20},"end":{"line":230,"column":58}},"11":{"start":{"line":231,"column":8},"end":{"line":237,"column":9}},"12":{"start":{"line":232,"column":12},"end":{"line":236,"column":13}},"13":{"start":{"line":233,"column":16},"end":{"line":233,"column":62}},"14":{"start":{"line":235,"column":16},"end":{"line":235,"column":62}},"15":{"start":{"line":240,"column":4},"end":{"line":240,"column":59}},"16":{"start":{"line":244,"column":0},"end":{"line":259,"column":3}},"17":{"start":{"line":245,"column":4},"end":{"line":245,"column":64}},"18":{"start":{"line":248,"column":4},"end":{"line":254,"column":7}},"19":{"start":{"line":249,"column":8},"end":{"line":253,"column":11}},"20":{"start":{"line":250,"column":25},"end":{"line":250,"column":55}},"21":{"start":{"line":251,"column":12},"end":{"line":251,"column":58}},"22":{"start":{"line":252,"column":12},"end":{"line":252,"column":33}},"23":{"start":{"line":257,"column":4},"end":{"line":257,"column":25}},"24":{"start":{"line":258,"column":4},"end":{"line":258,"column":47}},"25":{"start":{"line":264,"column":8},"end":{"line":264,"column":59}},"26":{"start":{"line":265,"column":8},"end":{"line":265,"column":61}},"27":{"start":{"line":266,"column":8},"end":{"line":266,"column":20}},"28":{"start":{"line":270,"column":8},"end":{"line":272,"column":9}},"29":{"start":{"line":271,"column":12},"end":{"line":271,"column":78}},"30":{"start":{"line":271,"column":56},"end":{"line":271,"column":76}},"31":{"start":{"line":274,"column":8},"end":{"line":276,"column":9}},"32":{"start":{"line":275,"column":12},"end":{"line":275,"column":35}},"33":{"start":{"line":280,"column":8},"end":{"line":280,"column":27}},"34":{"start":{"line":282,"column":25},"end":{"line":282,"column":48}},"35":{"start":{"line":283,"column":21},"end":{"line":283,"column":49}},"36":{"start":{"line":286,"column":26},"end":{"line":286,"column":74}},"37":{"start":{"line":287,"column":29},"end":{"line":287,"column":50}},"38":{"start":{"line":288,"column":8},"end":{"line":288,"column":50}},"39":{"start":{"line":289,"column":8},"end":{"line":289,"column":34}},"40":{"start":{"line":291,"column":8},"end":{"line":308,"column":9}},"41":{"start":{"line":293,"column":12},"end":{"line":293,"column":45}},"42":{"start":{"line":296,"column":12},"end":{"line":296,"column":29}},"43":{"start":{"line":299,"column":12},"end":{"line":299,"column":30}},"44":{"start":{"line":302,"column":12},"end":{"line":302,"column":59}},"45":{"start":{"line":303,"column":12},"end":{"line":303,"column":58}},"46":{"start":{"line":306,"column":12},"end":{"line":306,"column":49}},"47":{"start":{"line":307,"column":12},"end":{"line":307,"column":39}},"48":{"start":{"line":313,"column":8},"end":{"line":318,"column":11}},"49":{"start":{"line":314,"column":12},"end":{"line":317,"column":21}},"50":{"start":{"line":315,"column":16},"end":{"line":315,"column":58}},"51":{"start":{"line":316,"column":16},"end":{"line":316,"column":43}},"52":{"start":{"line":322,"column":8},"end":{"line":324,"column":9}},"53":{"start":{"line":323,"column":12},"end":{"line":323,"column":47}},"54":{"start":{"line":328,"column":25},"end":{"line":328,"column":59}},"55":{"start":{"line":329,"column":8},"end":{"line":333,"column":9}},"56":{"start":{"line":330,"column":12},"end":{"line":332,"column":15}},"57":{"start":{"line":331,"column":16},"end":{"line":331,"column":50}},"58":{"start":{"line":336,"column":8},"end":{"line":340,"column":11}},"59":{"start":{"line":337,"column":12},"end":{"line":339,"column":13}},"60":{"start":{"line":338,"column":16},"end":{"line":338,"column":50}},"61":{"start":{"line":343,"column":8},"end":{"line":347,"column":11}},"62":{"start":{"line":344,"column":12},"end":{"line":346,"column":13}},"63":{"start":{"line":345,"column":16},"end":{"line":345,"column":50}},"64":{"start":{"line":354,"column":8},"end":{"line":354,"column":57}},"65":{"start":{"line":355,"column":8},"end":{"line":355,"column":33}},"66":{"start":{"line":355,"column":26},"end":{"line":355,"column":33}},"67":{"start":{"line":357,"column":8},"end":{"line":357,"column":48}},"68":{"start":{"line":358,"column":8},"end":{"line":358,"column":24}},"69":{"start":{"line":359,"column":8},"end":{"line":359,"column":33}},"70":{"start":{"line":360,"column":8},"end":{"line":360,"column":31}},"71":{"start":{"line":361,"column":8},"end":{"line":361,"column":33}},"72":{"start":{"line":363,"column":8},"end":{"line":363,"column":20}},"73":{"start":{"line":364,"column":8},"end":{"line":364,"column":27}},"74":{"start":{"line":365,"column":8},"end":{"line":365,"column":36}},"75":{"start":{"line":366,"column":8},"end":{"line":366,"column":23}},"76":{"start":{"line":369,"column":8},"end":{"line":369,"column":74}},"77":{"start":{"line":369,"column":53},"end":{"line":369,"column":72}},"78":{"start":{"line":370,"column":8},"end":{"line":370,"column":82}},"79":{"start":{"line":370,"column":57},"end":{"line":370,"column":80}},"80":{"start":{"line":374,"column":8},"end":{"line":374,"column":22}},"81":{"start":{"line":375,"column":8},"end":{"line":375,"column":63}},"82":{"start":{"line":375,"column":48},"end":{"line":375,"column":61}},"83":{"start":{"line":379,"column":8},"end":{"line":379,"column":52}},"84":{"start":{"line":380,"column":8},"end":{"line":380,"column":54}},"85":{"start":{"line":384,"column":26},"end":{"line":384,"column":29}},"86":{"start":{"line":386,"column":8},"end":{"line":396,"column":9}},"87":{"start":{"line":386,"column":21},"end":{"line":386,"column":22}},"88":{"start":{"line":387,"column":12},"end":{"line":395,"column":15}},"89":{"start":{"line":400,"column":35},"end":{"line":404,"column":9}},"90":{"start":{"line":406,"column":28},"end":{"line":419,"column":9}},"91":{"start":{"line":421,"column":8},"end":{"line":427,"column":9}},"92":{"start":{"line":421,"column":21},"end":{"line":421,"column":22}},"93":{"start":{"line":422,"column":12},"end":{"line":426,"column":15}},"94":{"start":{"line":425,"column":49},"end":{"line":425,"column":73}},"95":{"start":{"line":431,"column":8},"end":{"line":434,"column":9}},"96":{"start":{"line":432,"column":12},"end":{"line":432,"column":34}},"97":{"start":{"line":433,"column":12},"end":{"line":433,"column":24}},"98":{"start":{"line":439,"column":8},"end":{"line":439,"column":51}},"99":{"start":{"line":440,"column":8},"end":{"line":440,"column":71}},"100":{"start":{"line":443,"column":8},"end":{"line":443,"column":34}},"101":{"start":{"line":446,"column":8},"end":{"line":446,"column":25}},"102":{"start":{"line":448,"column":8},"end":{"line":448,"column":49}},"103":{"start":{"line":448,"column":36},"end":{"line":448,"column":47}},"104":{"start":{"line":452,"column":8},"end":{"line":452,"column":58}},"105":{"start":{"line":453,"column":8},"end":{"line":453,"column":31}},"106":{"start":{"line":455,"column":8},"end":{"line":466,"column":11}},"107":{"start":{"line":456,"column":12},"end":{"line":465,"column":13}},"108":{"start":{"line":457,"column":16},"end":{"line":457,"column":37}},"109":{"start":{"line":458,"column":16},"end":{"line":458,"column":84}},"110":{"start":{"line":460,"column":16},"end":{"line":462,"column":17}},"111":{"start":{"line":460,"column":29},"end":{"line":460,"column":30}},"112":{"start":{"line":461,"column":20},"end":{"line":461,"column":88}},"113":{"start":{"line":464,"column":16},"end":{"line":464,"column":34}},"114":{"start":{"line":470,"column":8},"end":{"line":503,"column":11}},"115":{"start":{"line":472,"column":12},"end":{"line":472,"column":49}},"116":{"start":{"line":473,"column":12},"end":{"line":473,"column":57}},"117":{"start":{"line":473,"column":37},"end":{"line":473,"column":57}},"118":{"start":{"line":475,"column":26},"end":{"line":475,"column":83}},"119":{"start":{"line":478,"column":29},"end":{"line":481,"column":13}},"120":{"start":{"line":482,"column":12},"end":{"line":482,"column":70}},"121":{"start":{"line":483,"column":12},"end":{"line":483,"column":78}},"122":{"start":{"line":484,"column":12},"end":{"line":484,"column":63}},"123":{"start":{"line":486,"column":12},"end":{"line":486,"column":42}},"124":{"start":{"line":487,"column":12},"end":{"line":487,"column":33}},"125":{"start":{"line":488,"column":12},"end":{"line":488,"column":74}},"126":{"start":{"line":489,"column":12},"end":{"line":489,"column":28}},"127":{"start":{"line":492,"column":12},"end":{"line":492,"column":71}},"128":{"start":{"line":493,"column":12},"end":{"line":493,"column":33}},"129":{"start":{"line":494,"column":12},"end":{"line":494,"column":70}},"130":{"start":{"line":495,"column":12},"end":{"line":495,"column":28}},"131":{"start":{"line":498,"column":12},"end":{"line":502,"column":13}},"132":{"start":{"line":499,"column":16},"end":{"line":499,"column":75}},"133":{"start":{"line":500,"column":16},"end":{"line":500,"column":39}},"134":{"start":{"line":501,"column":16},"end":{"line":501,"column":34}},"135":{"start":{"line":507,"column":21},"end":{"line":507,"column":56}},"136":{"start":{"line":508,"column":18},"end":{"line":508,"column":39}},"137":{"start":{"line":509,"column":18},"end":{"line":509,"column":38}},"138":{"start":{"line":512,"column":28},"end":{"line":515,"column":10}},"139":{"start":{"line":513,"column":29},"end":{"line":513,"column":77}},"140":{"start":{"line":514,"column":12},"end":{"line":514,"column":66}},"141":{"start":{"line":517,"column":8},"end":{"line":521,"column":9}},"142":{"start":{"line":518,"column":12},"end":{"line":518,"column":44}},"143":{"start":{"line":519,"column":12},"end":{"line":519,"column":52}},"144":{"start":{"line":520,"column":12},"end":{"line":520,"column":41}},"145":{"start":{"line":525,"column":21},"end":{"line":525,"column":56}},"146":{"start":{"line":526,"column":18},"end":{"line":526,"column":39}},"147":{"start":{"line":527,"column":18},"end":{"line":527,"column":38}},"148":{"start":{"line":530,"column":28},"end":{"line":533,"column":10}},"149":{"start":{"line":531,"column":29},"end":{"line":531,"column":77}},"150":{"start":{"line":532,"column":12},"end":{"line":532,"column":66}},"151":{"start":{"line":535,"column":8},"end":{"line":535,"column":71}},"152":{"start":{"line":539,"column":21},"end":{"line":539,"column":65}},"153":{"start":{"line":540,"column":30},"end":{"line":540,"column":69}},"154":{"start":{"line":542,"column":8},"end":{"line":551,"column":9}},"155":{"start":{"line":543,"column":12},"end":{"line":543,"column":87}},"156":{"start":{"line":544,"column":12},"end":{"line":544,"column":99}},"157":{"start":{"line":547,"column":12},"end":{"line":547,"column":42}},"158":{"start":{"line":548,"column":12},"end":{"line":550,"column":19}},"159":{"start":{"line":549,"column":16},"end":{"line":549,"column":61}},"160":{"start":{"line":556,"column":8},"end":{"line":567,"column":9}},"161":{"start":{"line":556,"column":21},"end":{"line":556,"column":22}},"162":{"start":{"line":557,"column":29},"end":{"line":564,"column":13}},"163":{"start":{"line":566,"column":12},"end":{"line":566,"column":43}},"164":{"start":{"line":571,"column":8},"end":{"line":571,"column":39}},"165":{"start":{"line":571,"column":32},"end":{"line":571,"column":39}},"166":{"start":{"line":573,"column":8},"end":{"line":573,"column":34}},"167":{"start":{"line":574,"column":8},"end":{"line":574,"column":34}},"168":{"start":{"line":575,"column":8},"end":{"line":575,"column":27}},"169":{"start":{"line":576,"column":8},"end":{"line":576,"column":24}},"170":{"start":{"line":578,"column":8},"end":{"line":578,"column":44}},"171":{"start":{"line":579,"column":8},"end":{"line":579,"column":50}},"172":{"start":{"line":580,"column":8},"end":{"line":580,"column":29}},"173":{"start":{"line":581,"column":8},"end":{"line":581,"column":64}},"174":{"start":{"line":582,"column":8},"end":{"line":582,"column":24}},"175":{"start":{"line":583,"column":8},"end":{"line":583,"column":33}},"176":{"start":{"line":585,"column":8},"end":{"line":585,"column":68}},"177":{"start":{"line":585,"column":36},"end":{"line":585,"column":66}},"178":{"start":{"line":592,"column":8},"end":{"line":592,"column":55}},"179":{"start":{"line":593,"column":8},"end":{"line":593,"column":50}},"180":{"start":{"line":594,"column":8},"end":{"line":594,"column":48}},"181":{"start":{"line":595,"column":8},"end":{"line":595,"column":28}},"182":{"start":{"line":596,"column":8},"end":{"line":596,"column":36}},"183":{"start":{"line":598,"column":8},"end":{"line":598,"column":47}},"184":{"start":{"line":599,"column":8},"end":{"line":599,"column":20}},"185":{"start":{"line":600,"column":8},"end":{"line":600,"column":31}},"186":{"start":{"line":601,"column":8},"end":{"line":601,"column":23}},"187":{"start":{"line":603,"column":8},"end":{"line":606,"column":11}},"188":{"start":{"line":604,"column":12},"end":{"line":604,"column":37}},"189":{"start":{"line":605,"column":12},"end":{"line":605,"column":37}},"190":{"start":{"line":610,"column":8},"end":{"line":610,"column":22}},"191":{"start":{"line":611,"column":8},"end":{"line":611,"column":63}},"192":{"start":{"line":611,"column":48},"end":{"line":611,"column":61}},"193":{"start":{"line":615,"column":8},"end":{"line":615,"column":46}},"194":{"start":{"line":616,"column":8},"end":{"line":616,"column":48}},"195":{"start":{"line":620,"column":30},"end":{"line":620,"column":32}},"196":{"start":{"line":622,"column":8},"end":{"line":634,"column":9}},"197":{"start":{"line":622,"column":21},"end":{"line":622,"column":22}},"198":{"start":{"line":623,"column":12},"end":{"line":633,"column":15}},"199":{"start":{"line":638,"column":23},"end":{"line":644,"column":9}},"200":{"start":{"line":645,"column":8},"end":{"line":645,"column":65}},"201":{"start":{"line":649,"column":8},"end":{"line":649,"column":72}},"202":{"start":{"line":651,"column":8},"end":{"line":703,"column":11}},"203":{"start":{"line":653,"column":12},"end":{"line":653,"column":38}},"204":{"start":{"line":654,"column":12},"end":{"line":654,"column":38}},"205":{"start":{"line":657,"column":23},"end":{"line":657,"column":48}},"206":{"start":{"line":658,"column":23},"end":{"line":658,"column":48}},"207":{"start":{"line":659,"column":29},"end":{"line":659,"column":57}},"208":{"start":{"line":661,"column":12},"end":{"line":664,"column":13}},"209":{"start":{"line":662,"column":16},"end":{"line":662,"column":43}},"210":{"start":{"line":663,"column":16},"end":{"line":663,"column":43}},"211":{"start":{"line":667,"column":12},"end":{"line":667,"column":84}},"212":{"start":{"line":667,"column":66},"end":{"line":667,"column":84}},"213":{"start":{"line":668,"column":12},"end":{"line":668,"column":85}},"214":{"start":{"line":668,"column":67},"end":{"line":668,"column":85}},"215":{"start":{"line":671,"column":12},"end":{"line":671,"column":28}},"216":{"start":{"line":672,"column":12},"end":{"line":677,"column":13}},"217":{"start":{"line":673,"column":16},"end":{"line":673,"column":63}},"218":{"start":{"line":674,"column":16},"end":{"line":674,"column":64}},"219":{"start":{"line":675,"column":16},"end":{"line":675,"column":49}},"220":{"start":{"line":676,"column":16},"end":{"line":676,"column":55}},"221":{"start":{"line":680,"column":26},"end":{"line":680,"column":58}},"222":{"start":{"line":681,"column":12},"end":{"line":681,"column":41}},"223":{"start":{"line":684,"column":29},"end":{"line":687,"column":13}},"224":{"start":{"line":688,"column":12},"end":{"line":688,"column":53}},"225":{"start":{"line":689,"column":12},"end":{"line":689,"column":63}},"226":{"start":{"line":691,"column":12},"end":{"line":691,"column":42}},"227":{"start":{"line":692,"column":12},"end":{"line":692,"column":33}},"228":{"start":{"line":693,"column":12},"end":{"line":693,"column":84}},"229":{"start":{"line":694,"column":12},"end":{"line":694,"column":28}},"230":{"start":{"line":697,"column":12},"end":{"line":697,"column":48}},"231":{"start":{"line":698,"column":12},"end":{"line":698,"column":33}},"232":{"start":{"line":699,"column":12},"end":{"line":699,"column":80}},"233":{"start":{"line":700,"column":12},"end":{"line":700,"column":28}},"234":{"start":{"line":702,"column":12},"end":{"line":702,"column":37}},"235":{"start":{"line":705,"column":8},"end":{"line":705,"column":52}},"236":{"start":{"line":705,"column":36},"end":{"line":705,"column":50}},"237":{"start":{"line":712,"column":8},"end":{"line":712,"column":57}},"238":{"start":{"line":713,"column":8},"end":{"line":713,"column":61}},"239":{"start":{"line":714,"column":8},"end":{"line":714,"column":63}},"240":{"start":{"line":715,"column":8},"end":{"line":715,"column":33}},"241":{"start":{"line":717,"column":8},"end":{"line":719,"column":9}},"242":{"start":{"line":718,"column":12},"end":{"line":718,"column":24}},"243":{"start":{"line":723,"column":22},"end":{"line":723,"column":63}},"244":{"start":{"line":724,"column":8},"end":{"line":726,"column":11}},"245":{"start":{"line":725,"column":12},"end":{"line":725,"column":79}},"246":{"start":{"line":725,"column":49},"end":{"line":725,"column":77}},"247":{"start":{"line":729,"column":8},"end":{"line":729,"column":28}},"248":{"start":{"line":733,"column":8},"end":{"line":733,"column":38}},"249":{"start":{"line":733,"column":31},"end":{"line":733,"column":38}},"250":{"start":{"line":735,"column":8},"end":{"line":735,"column":33}},"251":{"start":{"line":736,"column":8},"end":{"line":736,"column":39}},"252":{"start":{"line":739,"column":8},"end":{"line":741,"column":16}},"253":{"start":{"line":740,"column":12},"end":{"line":740,"column":71}},"254":{"start":{"line":744,"column":8},"end":{"line":746,"column":17}},"255":{"start":{"line":745,"column":12},"end":{"line":745,"column":35}},"256":{"start":{"line":750,"column":28},"end":{"line":763,"column":9}},"257":{"start":{"line":765,"column":8},"end":{"line":765,"column":75}},"258":{"start":{"line":766,"column":8},"end":{"line":766,"column":44}},"259":{"start":{"line":769,"column":8},"end":{"line":769,"column":76}},"260":{"start":{"line":773,"column":22},"end":{"line":773,"column":63}},"261":{"start":{"line":775,"column":8},"end":{"line":778,"column":11}},"262":{"start":{"line":776,"column":12},"end":{"line":776,"column":58}},"263":{"start":{"line":777,"column":12},"end":{"line":777,"column":43}},"264":{"start":{"line":785,"column":8},"end":{"line":785,"column":61}},"265":{"start":{"line":786,"column":8},"end":{"line":786,"column":33}},"266":{"start":{"line":786,"column":26},"end":{"line":786,"column":33}},"267":{"start":{"line":788,"column":8},"end":{"line":788,"column":48}},"268":{"start":{"line":789,"column":8},"end":{"line":789,"column":45}},"269":{"start":{"line":790,"column":8},"end":{"line":790,"column":46}},"270":{"start":{"line":791,"column":8},"end":{"line":791,"column":26}},"271":{"start":{"line":792,"column":8},"end":{"line":792,"column":33}},"272":{"start":{"line":794,"column":8},"end":{"line":807,"column":10}},"273":{"start":{"line":809,"column":8},"end":{"line":822,"column":10}},"274":{"start":{"line":824,"column":8},"end":{"line":824,"column":20}},"275":{"start":{"line":825,"column":8},"end":{"line":825,"column":23}},"276":{"start":{"line":829,"column":8},"end":{"line":829,"column":74}},"277":{"start":{"line":829,"column":53},"end":{"line":829,"column":72}},"278":{"start":{"line":830,"column":8},"end":{"line":830,"column":82}},"279":{"start":{"line":830,"column":57},"end":{"line":830,"column":80}},"280":{"start":{"line":834,"column":21},"end":{"line":834,"column":56}},"281":{"start":{"line":835,"column":18},"end":{"line":835,"column":54}},"282":{"start":{"line":836,"column":18},"end":{"line":836,"column":53}},"283":{"start":{"line":837,"column":25},"end":{"line":837,"column":49}},"284":{"start":{"line":839,"column":8},"end":{"line":845,"column":9}},"285":{"start":{"line":840,"column":26},"end":{"line":840,"column":58}},"286":{"start":{"line":841,"column":36},"end":{"line":841,"column":55}},"287":{"start":{"line":842,"column":30},"end":{"line":842,"column":62}},"288":{"start":{"line":844,"column":12},"end":{"line":844,"column":39}},"289":{"start":{"line":849,"column":21},"end":{"line":849,"column":56}},"290":{"start":{"line":850,"column":18},"end":{"line":850,"column":54}},"291":{"start":{"line":851,"column":18},"end":{"line":851,"column":53}},"292":{"start":{"line":852,"column":25},"end":{"line":852,"column":49}},"293":{"start":{"line":854,"column":8},"end":{"line":858,"column":9}},"294":{"start":{"line":855,"column":12},"end":{"line":855,"column":49}},"295":{"start":{"line":857,"column":12},"end":{"line":857,"column":49}},"296":{"start":{"line":862,"column":8},"end":{"line":862,"column":34}},"297":{"start":{"line":863,"column":8},"end":{"line":863,"column":32}},"298":{"start":{"line":864,"column":8},"end":{"line":864,"column":23}},"299":{"start":{"line":868,"column":8},"end":{"line":868,"column":47}},"300":{"start":{"line":868,"column":40},"end":{"line":868,"column":47}},"301":{"start":{"line":870,"column":21},"end":{"line":870,"column":56}},"302":{"start":{"line":871,"column":27},"end":{"line":871,"column":62}},"303":{"start":{"line":873,"column":8},"end":{"line":873,"column":74}},"304":{"start":{"line":874,"column":8},"end":{"line":874,"column":70}},"305":{"start":{"line":875,"column":8},"end":{"line":875,"column":77}},"306":{"start":{"line":876,"column":8},"end":{"line":876,"column":72}},"307":{"start":{"line":880,"column":8},"end":{"line":880,"column":72}},"308":{"start":{"line":883,"column":8},"end":{"line":883,"column":29}},"309":{"start":{"line":884,"column":8},"end":{"line":884,"column":78}},"310":{"start":{"line":885,"column":8},"end":{"line":885,"column":57}},"311":{"start":{"line":886,"column":8},"end":{"line":886,"column":31}},"312":{"start":{"line":887,"column":8},"end":{"line":887,"column":26}},"313":{"start":{"line":890,"column":8},"end":{"line":890,"column":29}},"314":{"start":{"line":891,"column":8},"end":{"line":891,"column":84}},"315":{"start":{"line":892,"column":8},"end":{"line":892,"column":57}},"316":{"start":{"line":893,"column":8},"end":{"line":893,"column":31}},"317":{"start":{"line":894,"column":8},"end":{"line":894,"column":26}},"318":{"start":{"line":897,"column":8},"end":{"line":927,"column":11}},"319":{"start":{"line":898,"column":26},"end":{"line":898,"column":54}},"320":{"start":{"line":899,"column":22},"end":{"line":899,"column":74}},"321":{"start":{"line":900,"column":22},"end":{"line":900,"column":74}},"322":{"start":{"line":903,"column":12},"end":{"line":914,"column":13}},"323":{"start":{"line":904,"column":16},"end":{"line":904,"column":37}},"324":{"start":{"line":905,"column":16},"end":{"line":905,"column":55}},"325":{"start":{"line":906,"column":16},"end":{"line":906,"column":63}},"326":{"start":{"line":907,"column":16},"end":{"line":907,"column":32}},"327":{"start":{"line":909,"column":16},"end":{"line":909,"column":37}},"328":{"start":{"line":910,"column":16},"end":{"line":910,"column":55}},"329":{"start":{"line":911,"column":16},"end":{"line":911,"column":65}},"330":{"start":{"line":912,"column":16},"end":{"line":912,"column":39}},"331":{"start":{"line":913,"column":16},"end":{"line":913,"column":34}},"332":{"start":{"line":917,"column":12},"end":{"line":917,"column":102}},"333":{"start":{"line":918,"column":12},"end":{"line":918,"column":41}},"334":{"start":{"line":919,"column":12},"end":{"line":919,"column":42}},"335":{"start":{"line":920,"column":12},"end":{"line":920,"column":45}},"336":{"start":{"line":921,"column":12},"end":{"line":921,"column":49}},"337":{"start":{"line":924,"column":12},"end":{"line":924,"column":60}},"338":{"start":{"line":925,"column":12},"end":{"line":925,"column":41}},"339":{"start":{"line":926,"column":12},"end":{"line":926,"column":52}},"340":{"start":{"line":930,"column":8},"end":{"line":930,"column":57}},"341":{"start":{"line":931,"column":8},"end":{"line":931,"column":31}},"342":{"start":{"line":933,"column":8},"end":{"line":944,"column":9}},"343":{"start":{"line":933,"column":21},"end":{"line":933,"column":22}},"344":{"start":{"line":934,"column":26},"end":{"line":934,"column":50}},"345":{"start":{"line":935,"column":23},"end":{"line":935,"column":75}},"346":{"start":{"line":936,"column":23},"end":{"line":936,"column":75}},"347":{"start":{"line":937,"column":23},"end":{"line":937,"column":67}},"348":{"start":{"line":938,"column":23},"end":{"line":938,"column":67}},"349":{"start":{"line":940,"column":12},"end":{"line":940,"column":33}},"350":{"start":{"line":941,"column":12},"end":{"line":941,"column":36}},"351":{"start":{"line":942,"column":12},"end":{"line":942,"column":36}},"352":{"start":{"line":943,"column":12},"end":{"line":943,"column":30}},"353":{"start":{"line":950,"column":18},"end":{"line":950,"column":58}},"354":{"start":{"line":951,"column":19},"end":{"line":951,"column":57}},"355":{"start":{"line":954,"column":4},"end":{"line":957,"column":7}},"356":{"start":{"line":955,"column":8},"end":{"line":955,"column":42}},"357":{"start":{"line":956,"column":8},"end":{"line":956,"column":70}},"358":{"start":{"line":960,"column":4},"end":{"line":960,"column":34}},"359":{"start":{"line":963,"column":26},"end":{"line":963,"column":46}},"360":{"start":{"line":964,"column":4},"end":{"line":966,"column":5}},"361":{"start":{"line":965,"column":8},"end":{"line":965,"column":42}},"362":{"start":{"line":972,"column":8},"end":{"line":972,"column":79}},"363":{"start":{"line":973,"column":8},"end":{"line":973,"column":27}},"364":{"start":{"line":974,"column":8},"end":{"line":974,"column":29}},"365":{"start":{"line":975,"column":8},"end":{"line":975,"column":23}},"366":{"start":{"line":979,"column":8},"end":{"line":989,"column":9}},"367":{"start":{"line":979,"column":21},"end":{"line":979,"column":22}},"368":{"start":{"line":980,"column":27},"end":{"line":980,"column":56}},"369":{"start":{"line":981,"column":12},"end":{"line":981,"column":49}},"370":{"start":{"line":982,"column":12},"end":{"line":982,"column":95}},"371":{"start":{"line":983,"column":12},"end":{"line":983,"column":59}},"372":{"start":{"line":984,"column":12},"end":{"line":984,"column":67}},"373":{"start":{"line":985,"column":12},"end":{"line":985,"column":69}},"374":{"start":{"line":987,"column":12},"end":{"line":987,"column":46}},"375":{"start":{"line":988,"column":12},"end":{"line":988,"column":39}},"376":{"start":{"line":993,"column":8},"end":{"line":996,"column":11}},"377":{"start":{"line":994,"column":12},"end":{"line":994,"column":98}},"378":{"start":{"line":995,"column":12},"end":{"line":995,"column":60}},"379":{"start":{"line":1003,"column":8},"end":{"line":1003,"column":63}},"380":{"start":{"line":1004,"column":8},"end":{"line":1004,"column":59}},"381":{"start":{"line":1005,"column":8},"end":{"line":1005,"column":65}},"382":{"start":{"line":1006,"column":8},"end":{"line":1006,"column":28}},"383":{"start":{"line":1008,"column":8},"end":{"line":1008,"column":20}},"384":{"start":{"line":1012,"column":8},"end":{"line":1014,"column":9}},"385":{"start":{"line":1013,"column":12},"end":{"line":1013,"column":78}},"386":{"start":{"line":1013,"column":59},"end":{"line":1013,"column":76}},"387":{"start":{"line":1017,"column":8},"end":{"line":1019,"column":11}},"388":{"start":{"line":1018,"column":12},"end":{"line":1018,"column":67}},"389":{"start":{"line":1018,"column":49},"end":{"line":1018,"column":65}},"390":{"start":{"line":1022,"column":8},"end":{"line":1026,"column":11}},"391":{"start":{"line":1023,"column":12},"end":{"line":1025,"column":13}},"392":{"start":{"line":1024,"column":16},"end":{"line":1024,"column":33}},"393":{"start":{"line":1029,"column":8},"end":{"line":1033,"column":11}},"394":{"start":{"line":1030,"column":12},"end":{"line":1032,"column":13}},"395":{"start":{"line":1031,"column":16},"end":{"line":1031,"column":33}},"396":{"start":{"line":1037,"column":8},"end":{"line":1037,"column":35}},"397":{"start":{"line":1039,"column":8},"end":{"line":1043,"column":9}},"398":{"start":{"line":1040,"column":12},"end":{"line":1040,"column":28}},"399":{"start":{"line":1042,"column":12},"end":{"line":1042,"column":29}},"400":{"start":{"line":1047,"column":8},"end":{"line":1047,"column":47}},"401":{"start":{"line":1048,"column":8},"end":{"line":1048,"column":45}},"402":{"start":{"line":1049,"column":8},"end":{"line":1049,"column":48}},"403":{"start":{"line":1052,"column":8},"end":{"line":1055,"column":11}},"404":{"start":{"line":1053,"column":12},"end":{"line":1053,"column":58}},"405":{"start":{"line":1054,"column":12},"end":{"line":1054,"column":73}},"406":{"start":{"line":1059,"column":8},"end":{"line":1059,"column":50}},"407":{"start":{"line":1060,"column":8},"end":{"line":1060,"column":48}},"408":{"start":{"line":1061,"column":8},"end":{"line":1061,"column":42}},"409":{"start":{"line":1064,"column":8},"end":{"line":1066,"column":11}},"410":{"start":{"line":1065,"column":12},"end":{"line":1065,"column":38}},"411":{"start":{"line":1073,"column":8},"end":{"line":1076,"column":10}},"412":{"start":{"line":1078,"column":8},"end":{"line":1078,"column":20}},"413":{"start":{"line":1082,"column":8},"end":{"line":1094,"column":9}},"414":{"start":{"line":1083,"column":12},"end":{"line":1089,"column":37}},"415":{"start":{"line":1084,"column":16},"end":{"line":1088,"column":19}},"416":{"start":{"line":1085,"column":20},"end":{"line":1087,"column":21}},"417":{"start":{"line":1086,"column":24},"end":{"line":1086,"column":65}},"418":{"start":{"line":1092,"column":36},"end":{"line":1092,"column":109}},"419":{"start":{"line":1093,"column":12},"end":{"line":1093,"column":69}},"420":{"start":{"line":1093,"column":42},"end":{"line":1093,"column":67}},"421":{"start":{"line":1101,"column":8},"end":{"line":1101,"column":49}},"422":{"start":{"line":1102,"column":8},"end":{"line":1102,"column":20}},"423":{"start":{"line":1106,"column":8},"end":{"line":1108,"column":9}},"424":{"start":{"line":1107,"column":12},"end":{"line":1107,"column":37}},"425":{"start":{"line":1111,"column":8},"end":{"line":1111,"column":34}},"426":{"start":{"line":1114,"column":8},"end":{"line":1116,"column":9}},"427":{"start":{"line":1115,"column":12},"end":{"line":1115,"column":37}},"428":{"start":{"line":1121,"column":33},"end":{"line":1121,"column":78}},"429":{"start":{"line":1122,"column":8},"end":{"line":1122,"column":66}},"430":{"start":{"line":1122,"column":39},"end":{"line":1122,"column":64}},"431":{"start":{"line":1125,"column":24},"end":{"line":1125,"column":58}},"432":{"start":{"line":1126,"column":8},"end":{"line":1128,"column":9}},"433":{"start":{"line":1127,"column":12},"end":{"line":1127,"column":51}},"434":{"start":{"line":1132,"column":8},"end":{"line":1146,"column":11}},"435":{"start":{"line":1133,"column":12},"end":{"line":1145,"column":15}},"436":{"start":{"line":1134,"column":16},"end":{"line":1134,"column":35}},"437":{"start":{"line":1135,"column":31},"end":{"line":1135,"column":80}},"438":{"start":{"line":1136,"column":16},"end":{"line":1144,"column":17}},"439":{"start":{"line":1137,"column":41},"end":{"line":1137,"column":87}},"440":{"start":{"line":1138,"column":43},"end":{"line":1138,"column":74}},"441":{"start":{"line":1140,"column":20},"end":{"line":1143,"column":23}},"442":{"start":{"line":1150,"column":8},"end":{"line":1158,"column":11}},"443":{"start":{"line":1151,"column":29},"end":{"line":1151,"column":47}},"444":{"start":{"line":1152,"column":37},"end":{"line":1152,"column":98}},"445":{"start":{"line":1154,"column":12},"end":{"line":1157,"column":15}},"446":{"start":{"line":1155,"column":30},"end":{"line":1155,"column":33}},"447":{"start":{"line":1156,"column":16},"end":{"line":1156,"column":78}},"448":{"start":{"line":1165,"column":8},"end":{"line":1165,"column":29}},"449":{"start":{"line":1166,"column":8},"end":{"line":1166,"column":29}},"450":{"start":{"line":1167,"column":8},"end":{"line":1167,"column":27}},"451":{"start":{"line":1168,"column":8},"end":{"line":1168,"column":27}},"452":{"start":{"line":1170,"column":8},"end":{"line":1170,"column":20}},"453":{"start":{"line":1174,"column":8},"end":{"line":1176,"column":9}},"454":{"start":{"line":1175,"column":12},"end":{"line":1175,"column":37}},"455":{"start":{"line":1180,"column":8},"end":{"line":1180,"column":72}},"456":{"start":{"line":1184,"column":8},"end":{"line":1187,"column":11}},"457":{"start":{"line":1185,"column":12},"end":{"line":1185,"column":59}},"458":{"start":{"line":1186,"column":12},"end":{"line":1186,"column":59}},"459":{"start":{"line":1189,"column":8},"end":{"line":1193,"column":11}},"460":{"start":{"line":1190,"column":12},"end":{"line":1190,"column":57}},"461":{"start":{"line":1191,"column":12},"end":{"line":1191,"column":57}},"462":{"start":{"line":1192,"column":12},"end":{"line":1192,"column":33}},"463":{"start":{"line":1197,"column":22},"end":{"line":1197,"column":55}},"464":{"start":{"line":1198,"column":22},"end":{"line":1198,"column":55}},"465":{"start":{"line":1201,"column":8},"end":{"line":1209,"column":9}},"466":{"start":{"line":1202,"column":12},"end":{"line":1208,"column":13}},"467":{"start":{"line":1204,"column":16},"end":{"line":1204,"column":45}},"468":{"start":{"line":1207,"column":16},"end":{"line":1207,"column":49}},"469":{"start":{"line":1213,"column":25},"end":{"line":1213,"column":69}},"470":{"start":{"line":1214,"column":31},"end":{"line":1214,"column":55}},"471":{"start":{"line":1215,"column":29},"end":{"line":1215,"column":61}},"472":{"start":{"line":1216,"column":26},"end":{"line":1216,"column":62}},"473":{"start":{"line":1218,"column":8},"end":{"line":1218,"column":50}},"474":{"start":{"line":1222,"column":25},"end":{"line":1222,"column":69}},"475":{"start":{"line":1223,"column":31},"end":{"line":1223,"column":55}},"476":{"start":{"line":1224,"column":29},"end":{"line":1224,"column":61}},"477":{"start":{"line":1225,"column":26},"end":{"line":1225,"column":85}},"478":{"start":{"line":1227,"column":8},"end":{"line":1227,"column":50}},"479":{"start":{"line":1231,"column":25},"end":{"line":1231,"column":69}},"480":{"start":{"line":1232,"column":31},"end":{"line":1232,"column":55}},"481":{"start":{"line":1234,"column":8},"end":{"line":1239,"column":9}},"482":{"start":{"line":1234,"column":21},"end":{"line":1234,"column":40}},"483":{"start":{"line":1235,"column":28},"end":{"line":1235,"column":63}},"484":{"start":{"line":1236,"column":12},"end":{"line":1238,"column":13}},"485":{"start":{"line":1237,"column":16},"end":{"line":1237,"column":35}},"486":{"start":{"line":1240,"column":8},"end":{"line":1240,"column":23}},"487":{"start":{"line":1244,"column":23},"end":{"line":1244,"column":56}},"488":{"start":{"line":1245,"column":8},"end":{"line":1253,"column":9}},"489":{"start":{"line":1246,"column":33},"end":{"line":1246,"column":79}},"490":{"start":{"line":1247,"column":35},"end":{"line":1247,"column":66}},"491":{"start":{"line":1249,"column":12},"end":{"line":1252,"column":15}},"492":{"start":{"line":1258,"column":0},"end":{"line":1273,"column":3}},"493":{"start":{"line":1259,"column":4},"end":{"line":1259,"column":22}},"494":{"start":{"line":1260,"column":4},"end":{"line":1260,"column":18}},"495":{"start":{"line":1261,"column":4},"end":{"line":1261,"column":25}},"496":{"start":{"line":1262,"column":4},"end":{"line":1262,"column":44}},"497":{"start":{"line":1263,"column":4},"end":{"line":1263,"column":22}},"498":{"start":{"line":1264,"column":4},"end":{"line":1264,"column":26}},"499":{"start":{"line":1267,"column":4},"end":{"line":1267,"column":27}},"500":{"start":{"line":1268,"column":4},"end":{"line":1268,"column":27}},"501":{"start":{"line":1269,"column":4},"end":{"line":1269,"column":32}},"502":{"start":{"line":1270,"column":4},"end":{"line":1270,"column":24}},"503":{"start":{"line":1272,"column":4},"end":{"line":1272,"column":52}}},"fnMap":{"0":{"name":"changeLanguage","decl":{"start":{"line":213,"column":9},"end":{"line":213,"column":23}},"loc":{"start":{"line":213,"column":30},"end":{"line":241,"column":1}},"line":213},"1":{"name":"(anonymous_1)","decl":{"start":{"line":218,"column":51},"end":{"line":218,"column":52}},"loc":{"start":{"line":218,"column":58},"end":{"line":223,"column":5}},"line":218},"2":{"name":"(anonymous_2)","decl":{"start":{"line":229,"column":58},"end":{"line":229,"column":59}},"loc":{"start":{"line":229,"column":69},"end":{"line":238,"column":5}},"line":229},"3":{"name":"(anonymous_3)","decl":{"start":{"line":244,"column":46},"end":{"line":244,"column":47}},"loc":{"start":{"line":244,"column":57},"end":{"line":259,"column":1}},"line":244},"4":{"name":"(anonymous_4)","decl":{"start":{"line":248,"column":51},"end":{"line":248,"column":52}},"loc":{"start":{"line":248,"column":58},"end":{"line":254,"column":5}},"line":248},"5":{"name":"(anonymous_5)","decl":{"start":{"line":249,"column":38},"end":{"line":249,"column":39}},"loc":{"start":{"line":249,"column":49},"end":{"line":253,"column":9}},"line":249},"6":{"name":"(anonymous_6)","decl":{"start":{"line":263,"column":4},"end":{"line":263,"column":5}},"loc":{"start":{"line":263,"column":18},"end":{"line":267,"column":5}},"line":263},"7":{"name":"(anonymous_7)","decl":{"start":{"line":269,"column":4},"end":{"line":269,"column":5}},"loc":{"start":{"line":269,"column":11},"end":{"line":277,"column":5}},"line":269},"8":{"name":"(anonymous_8)","decl":{"start":{"line":271,"column":49},"end":{"line":271,"column":50}},"loc":{"start":{"line":271,"column":56},"end":{"line":271,"column":76}},"line":271},"9":{"name":"(anonymous_9)","decl":{"start":{"line":279,"column":4},"end":{"line":279,"column":5}},"loc":{"start":{"line":279,"column":26},"end":{"line":309,"column":5}},"line":279},"10":{"name":"(anonymous_10)","decl":{"start":{"line":311,"column":4},"end":{"line":311,"column":5}},"loc":{"start":{"line":311,"column":32},"end":{"line":319,"column":5}},"line":311},"11":{"name":"(anonymous_11)","decl":{"start":{"line":313,"column":27},"end":{"line":313,"column":28}},"loc":{"start":{"line":313,"column":40},"end":{"line":318,"column":9}},"line":313},"12":{"name":"(anonymous_12)","decl":{"start":{"line":314,"column":23},"end":{"line":314,"column":24}},"loc":{"start":{"line":314,"column":29},"end":{"line":317,"column":13}},"line":314},"13":{"name":"(anonymous_13)","decl":{"start":{"line":321,"column":4},"end":{"line":321,"column":5}},"loc":{"start":{"line":321,"column":16},"end":{"line":325,"column":5}},"line":321},"14":{"name":"(anonymous_14)","decl":{"start":{"line":327,"column":4},"end":{"line":327,"column":5}},"loc":{"start":{"line":327,"column":22},"end":{"line":348,"column":5}},"line":327},"15":{"name":"(anonymous_15)","decl":{"start":{"line":330,"column":47},"end":{"line":330,"column":48}},"loc":{"start":{"line":330,"column":53},"end":{"line":332,"column":13}},"line":330},"16":{"name":"(anonymous_16)","decl":{"start":{"line":336,"column":45},"end":{"line":336,"column":46}},"loc":{"start":{"line":336,"column":52},"end":{"line":340,"column":9}},"line":336},"17":{"name":"(anonymous_17)","decl":{"start":{"line":343,"column":45},"end":{"line":343,"column":46}},"loc":{"start":{"line":343,"column":52},"end":{"line":347,"column":9}},"line":343},"18":{"name":"(anonymous_18)","decl":{"start":{"line":353,"column":4},"end":{"line":353,"column":5}},"loc":{"start":{"line":353,"column":18},"end":{"line":371,"column":5}},"line":353},"19":{"name":"(anonymous_19)","decl":{"start":{"line":369,"column":46},"end":{"line":369,"column":47}},"loc":{"start":{"line":369,"column":53},"end":{"line":369,"column":72}},"line":369},"20":{"name":"(anonymous_20)","decl":{"start":{"line":370,"column":50},"end":{"line":370,"column":51}},"loc":{"start":{"line":370,"column":57},"end":{"line":370,"column":80}},"line":370},"21":{"name":"(anonymous_21)","decl":{"start":{"line":373,"column":4},"end":{"line":373,"column":5}},"loc":{"start":{"line":373,"column":11},"end":{"line":376,"column":5}},"line":373},"22":{"name":"(anonymous_22)","decl":{"start":{"line":375,"column":42},"end":{"line":375,"column":43}},"loc":{"start":{"line":375,"column":48},"end":{"line":375,"column":61}},"line":375},"23":{"name":"(anonymous_23)","decl":{"start":{"line":378,"column":4},"end":{"line":378,"column":5}},"loc":{"start":{"line":378,"column":13},"end":{"line":381,"column":5}},"line":378},"24":{"name":"(anonymous_24)","decl":{"start":{"line":383,"column":4},"end":{"line":383,"column":5}},"loc":{"start":{"line":383,"column":18},"end":{"line":397,"column":5}},"line":383},"25":{"name":"(anonymous_25)","decl":{"start":{"line":399,"column":4},"end":{"line":399,"column":5}},"loc":{"start":{"line":399,"column":27},"end":{"line":428,"column":5}},"line":399},"26":{"name":"(anonymous_26)","decl":{"start":{"line":425,"column":41},"end":{"line":425,"column":42}},"loc":{"start":{"line":425,"column":49},"end":{"line":425,"column":73}},"line":425},"27":{"name":"(anonymous_27)","decl":{"start":{"line":430,"column":4},"end":{"line":430,"column":5}},"loc":{"start":{"line":430,"column":14},"end":{"line":435,"column":5}},"line":430},"28":{"name":"(anonymous_28)","decl":{"start":{"line":437,"column":4},"end":{"line":437,"column":5}},"loc":{"start":{"line":437,"column":11},"end":{"line":449,"column":5}},"line":437},"29":{"name":"(anonymous_29)","decl":{"start":{"line":448,"column":30},"end":{"line":448,"column":31}},"loc":{"start":{"line":448,"column":36},"end":{"line":448,"column":47}},"line":448},"30":{"name":"(anonymous_30)","decl":{"start":{"line":451,"column":4},"end":{"line":451,"column":5}},"loc":{"start":{"line":451,"column":25},"end":{"line":467,"column":5}},"line":451},"31":{"name":"(anonymous_31)","decl":{"start":{"line":455,"column":36},"end":{"line":455,"column":37}},"loc":{"start":{"line":455,"column":53},"end":{"line":466,"column":9}},"line":455},"32":{"name":"(anonymous_32)","decl":{"start":{"line":469,"column":4},"end":{"line":469,"column":5}},"loc":{"start":{"line":469,"column":16},"end":{"line":504,"column":5}},"line":469},"33":{"name":"(anonymous_33)","decl":{"start":{"line":470,"column":27},"end":{"line":470,"column":28}},"loc":{"start":{"line":470,"column":44},"end":{"line":503,"column":9}},"line":470},"34":{"name":"(anonymous_34)","decl":{"start":{"line":506,"column":4},"end":{"line":506,"column":5}},"loc":{"start":{"line":506,"column":19},"end":{"line":522,"column":5}},"line":506},"35":{"name":"(anonymous_35)","decl":{"start":{"line":512,"column":44},"end":{"line":512,"column":45}},"loc":{"start":{"line":512,"column":52},"end":{"line":515,"column":9}},"line":512},"36":{"name":"(anonymous_36)","decl":{"start":{"line":524,"column":4},"end":{"line":524,"column":5}},"loc":{"start":{"line":524,"column":23},"end":{"line":536,"column":5}},"line":524},"37":{"name":"(anonymous_37)","decl":{"start":{"line":530,"column":44},"end":{"line":530,"column":45}},"loc":{"start":{"line":530,"column":52},"end":{"line":533,"column":9}},"line":530},"38":{"name":"(anonymous_38)","decl":{"start":{"line":538,"column":4},"end":{"line":538,"column":5}},"loc":{"start":{"line":538,"column":32},"end":{"line":552,"column":5}},"line":538},"39":{"name":"(anonymous_39)","decl":{"start":{"line":548,"column":23},"end":{"line":548,"column":24}},"loc":{"start":{"line":548,"column":29},"end":{"line":550,"column":13}},"line":548},"40":{"name":"(anonymous_40)","decl":{"start":{"line":554,"column":4},"end":{"line":554,"column":5}},"loc":{"start":{"line":554,"column":28},"end":{"line":568,"column":5}},"line":554},"41":{"name":"(anonymous_41)","decl":{"start":{"line":570,"column":4},"end":{"line":570,"column":5}},"loc":{"start":{"line":570,"column":30},"end":{"line":586,"column":5}},"line":570},"42":{"name":"(anonymous_42)","decl":{"start":{"line":585,"column":30},"end":{"line":585,"column":31}},"loc":{"start":{"line":585,"column":36},"end":{"line":585,"column":66}},"line":585},"43":{"name":"(anonymous_43)","decl":{"start":{"line":591,"column":4},"end":{"line":591,"column":5}},"loc":{"start":{"line":591,"column":18},"end":{"line":607,"column":5}},"line":591},"44":{"name":"(anonymous_44)","decl":{"start":{"line":603,"column":47},"end":{"line":603,"column":48}},"loc":{"start":{"line":603,"column":54},"end":{"line":606,"column":9}},"line":603},"45":{"name":"(anonymous_45)","decl":{"start":{"line":609,"column":4},"end":{"line":609,"column":5}},"loc":{"start":{"line":609,"column":11},"end":{"line":612,"column":5}},"line":609},"46":{"name":"(anonymous_46)","decl":{"start":{"line":611,"column":42},"end":{"line":611,"column":43}},"loc":{"start":{"line":611,"column":48},"end":{"line":611,"column":61}},"line":611},"47":{"name":"(anonymous_47)","decl":{"start":{"line":614,"column":4},"end":{"line":614,"column":5}},"loc":{"start":{"line":614,"column":13},"end":{"line":617,"column":5}},"line":614},"48":{"name":"(anonymous_48)","decl":{"start":{"line":619,"column":4},"end":{"line":619,"column":5}},"loc":{"start":{"line":619,"column":22},"end":{"line":635,"column":5}},"line":619},"49":{"name":"(anonymous_49)","decl":{"start":{"line":637,"column":4},"end":{"line":637,"column":5}},"loc":{"start":{"line":637,"column":21},"end":{"line":646,"column":5}},"line":637},"50":{"name":"(anonymous_50)","decl":{"start":{"line":648,"column":4},"end":{"line":648,"column":5}},"loc":{"start":{"line":648,"column":14},"end":{"line":706,"column":5}},"line":648},"51":{"name":"(anonymous_51)","decl":{"start":{"line":651,"column":31},"end":{"line":651,"column":32}},"loc":{"start":{"line":651,"column":52},"end":{"line":703,"column":9}},"line":651},"52":{"name":"(anonymous_52)","decl":{"start":{"line":705,"column":30},"end":{"line":705,"column":31}},"loc":{"start":{"line":705,"column":36},"end":{"line":705,"column":50}},"line":705},"53":{"name":"(anonymous_53)","decl":{"start":{"line":711,"column":4},"end":{"line":711,"column":5}},"loc":{"start":{"line":711,"column":18},"end":{"line":720,"column":5}},"line":711},"54":{"name":"(anonymous_54)","decl":{"start":{"line":722,"column":4},"end":{"line":722,"column":5}},"loc":{"start":{"line":722,"column":11},"end":{"line":730,"column":5}},"line":722},"55":{"name":"(anonymous_55)","decl":{"start":{"line":724,"column":22},"end":{"line":724,"column":23}},"loc":{"start":{"line":724,"column":39},"end":{"line":726,"column":9}},"line":724},"56":{"name":"(anonymous_56)","decl":{"start":{"line":725,"column":43},"end":{"line":725,"column":44}},"loc":{"start":{"line":725,"column":49},"end":{"line":725,"column":77}},"line":725},"57":{"name":"(anonymous_57)","decl":{"start":{"line":732,"column":4},"end":{"line":732,"column":5}},"loc":{"start":{"line":732,"column":28},"end":{"line":747,"column":5}},"line":732},"58":{"name":"(anonymous_58)","decl":{"start":{"line":739,"column":19},"end":{"line":739,"column":20}},"loc":{"start":{"line":739,"column":25},"end":{"line":741,"column":9}},"line":739},"59":{"name":"(anonymous_59)","decl":{"start":{"line":744,"column":19},"end":{"line":744,"column":20}},"loc":{"start":{"line":744,"column":25},"end":{"line":746,"column":9}},"line":744},"60":{"name":"(anonymous_60)","decl":{"start":{"line":749,"column":4},"end":{"line":749,"column":5}},"loc":{"start":{"line":749,"column":22},"end":{"line":770,"column":5}},"line":749},"61":{"name":"(anonymous_61)","decl":{"start":{"line":772,"column":4},"end":{"line":772,"column":5}},"loc":{"start":{"line":772,"column":19},"end":{"line":779,"column":5}},"line":772},"62":{"name":"(anonymous_62)","decl":{"start":{"line":775,"column":22},"end":{"line":775,"column":23}},"loc":{"start":{"line":775,"column":39},"end":{"line":778,"column":9}},"line":775},"63":{"name":"(anonymous_63)","decl":{"start":{"line":784,"column":4},"end":{"line":784,"column":5}},"loc":{"start":{"line":784,"column":18},"end":{"line":826,"column":5}},"line":784},"64":{"name":"(anonymous_64)","decl":{"start":{"line":828,"column":4},"end":{"line":828,"column":5}},"loc":{"start":{"line":828,"column":11},"end":{"line":831,"column":5}},"line":828},"65":{"name":"(anonymous_65)","decl":{"start":{"line":829,"column":46},"end":{"line":829,"column":47}},"loc":{"start":{"line":829,"column":53},"end":{"line":829,"column":72}},"line":829},"66":{"name":"(anonymous_66)","decl":{"start":{"line":830,"column":50},"end":{"line":830,"column":51}},"loc":{"start":{"line":830,"column":57},"end":{"line":830,"column":80}},"line":830},"67":{"name":"(anonymous_67)","decl":{"start":{"line":833,"column":4},"end":{"line":833,"column":5}},"loc":{"start":{"line":833,"column":19},"end":{"line":846,"column":5}},"line":833},"68":{"name":"(anonymous_68)","decl":{"start":{"line":848,"column":4},"end":{"line":848,"column":5}},"loc":{"start":{"line":848,"column":23},"end":{"line":859,"column":5}},"line":848},"69":{"name":"(anonymous_69)","decl":{"start":{"line":861,"column":4},"end":{"line":861,"column":5}},"loc":{"start":{"line":861,"column":22},"end":{"line":865,"column":5}},"line":861},"70":{"name":"(anonymous_70)","decl":{"start":{"line":867,"column":4},"end":{"line":867,"column":5}},"loc":{"start":{"line":867,"column":23},"end":{"line":877,"column":5}},"line":867},"71":{"name":"(anonymous_71)","decl":{"start":{"line":879,"column":4},"end":{"line":879,"column":5}},"loc":{"start":{"line":879,"column":14},"end":{"line":945,"column":5}},"line":879},"72":{"name":"(anonymous_72)","decl":{"start":{"line":897,"column":33},"end":{"line":897,"column":34}},"loc":{"start":{"line":897,"column":50},"end":{"line":927,"column":9}},"line":897},"73":{"name":"shuffleTarot","decl":{"start":{"line":949,"column":9},"end":{"line":949,"column":21}},"loc":{"start":{"line":949,"column":24},"end":{"line":967,"column":1}},"line":949},"74":{"name":"(anonymous_74)","decl":{"start":{"line":954,"column":18},"end":{"line":954,"column":19}},"loc":{"start":{"line":954,"column":26},"end":{"line":957,"column":5}},"line":954},"75":{"name":"(anonymous_75)","decl":{"start":{"line":971,"column":4},"end":{"line":971,"column":5}},"loc":{"start":{"line":971,"column":18},"end":{"line":976,"column":5}},"line":971},"76":{"name":"(anonymous_76)","decl":{"start":{"line":978,"column":4},"end":{"line":978,"column":5}},"loc":{"start":{"line":978,"column":20},"end":{"line":990,"column":5}},"line":978},"77":{"name":"(anonymous_77)","decl":{"start":{"line":992,"column":4},"end":{"line":992,"column":5}},"loc":{"start":{"line":992,"column":14},"end":{"line":997,"column":5}},"line":992},"78":{"name":"(anonymous_78)","decl":{"start":{"line":993,"column":30},"end":{"line":993,"column":31}},"loc":{"start":{"line":993,"column":49},"end":{"line":996,"column":9}},"line":993},"79":{"name":"(anonymous_79)","decl":{"start":{"line":1002,"column":4},"end":{"line":1002,"column":5}},"loc":{"start":{"line":1002,"column":18},"end":{"line":1009,"column":5}},"line":1002},"80":{"name":"(anonymous_80)","decl":{"start":{"line":1011,"column":4},"end":{"line":1011,"column":5}},"loc":{"start":{"line":1011,"column":11},"end":{"line":1034,"column":5}},"line":1011},"81":{"name":"(anonymous_81)","decl":{"start":{"line":1013,"column":53},"end":{"line":1013,"column":54}},"loc":{"start":{"line":1013,"column":59},"end":{"line":1013,"column":76}},"line":1013},"82":{"name":"(anonymous_82)","decl":{"start":{"line":1017,"column":30},"end":{"line":1017,"column":31}},"loc":{"start":{"line":1017,"column":38},"end":{"line":1019,"column":9}},"line":1017},"83":{"name":"(anonymous_83)","decl":{"start":{"line":1018,"column":43},"end":{"line":1018,"column":44}},"loc":{"start":{"line":1018,"column":49},"end":{"line":1018,"column":65}},"line":1018},"84":{"name":"(anonymous_84)","decl":{"start":{"line":1022,"column":43},"end":{"line":1022,"column":44}},"loc":{"start":{"line":1022,"column":50},"end":{"line":1026,"column":9}},"line":1022},"85":{"name":"(anonymous_85)","decl":{"start":{"line":1029,"column":42},"end":{"line":1029,"column":43}},"loc":{"start":{"line":1029,"column":48},"end":{"line":1033,"column":9}},"line":1029},"86":{"name":"(anonymous_86)","decl":{"start":{"line":1036,"column":4},"end":{"line":1036,"column":5}},"loc":{"start":{"line":1036,"column":17},"end":{"line":1044,"column":5}},"line":1036},"87":{"name":"(anonymous_87)","decl":{"start":{"line":1046,"column":4},"end":{"line":1046,"column":5}},"loc":{"start":{"line":1046,"column":15},"end":{"line":1056,"column":5}},"line":1046},"88":{"name":"(anonymous_88)","decl":{"start":{"line":1052,"column":30},"end":{"line":1052,"column":31}},"loc":{"start":{"line":1052,"column":47},"end":{"line":1055,"column":9}},"line":1052},"89":{"name":"(anonymous_89)","decl":{"start":{"line":1058,"column":4},"end":{"line":1058,"column":5}},"loc":{"start":{"line":1058,"column":16},"end":{"line":1067,"column":5}},"line":1058},"90":{"name":"(anonymous_90)","decl":{"start":{"line":1064,"column":30},"end":{"line":1064,"column":31}},"loc":{"start":{"line":1064,"column":38},"end":{"line":1066,"column":9}},"line":1064},"91":{"name":"(anonymous_91)","decl":{"start":{"line":1072,"column":4},"end":{"line":1072,"column":5}},"loc":{"start":{"line":1072,"column":18},"end":{"line":1079,"column":5}},"line":1072},"92":{"name":"(anonymous_92)","decl":{"start":{"line":1081,"column":4},"end":{"line":1081,"column":5}},"loc":{"start":{"line":1081,"column":11},"end":{"line":1095,"column":5}},"line":1081},"93":{"name":"(anonymous_93)","decl":{"start":{"line":1083,"column":53},"end":{"line":1083,"column":54}},"loc":{"start":{"line":1083,"column":66},"end":{"line":1089,"column":13}},"line":1083},"94":{"name":"(anonymous_94)","decl":{"start":{"line":1084,"column":32},"end":{"line":1084,"column":33}},"loc":{"start":{"line":1084,"column":41},"end":{"line":1088,"column":17}},"line":1084},"95":{"name":"(anonymous_95)","decl":{"start":{"line":1093,"column":36},"end":{"line":1093,"column":37}},"loc":{"start":{"line":1093,"column":42},"end":{"line":1093,"column":67}},"line":1093},"96":{"name":"(anonymous_96)","decl":{"start":{"line":1100,"column":4},"end":{"line":1100,"column":5}},"loc":{"start":{"line":1100,"column":18},"end":{"line":1103,"column":5}},"line":1100},"97":{"name":"(anonymous_97)","decl":{"start":{"line":1105,"column":4},"end":{"line":1105,"column":5}},"loc":{"start":{"line":1105,"column":11},"end":{"line":1117,"column":5}},"line":1105},"98":{"name":"(anonymous_98)","decl":{"start":{"line":1119,"column":4},"end":{"line":1119,"column":5}},"loc":{"start":{"line":1119,"column":24},"end":{"line":1129,"column":5}},"line":1119},"99":{"name":"(anonymous_99)","decl":{"start":{"line":1122,"column":33},"end":{"line":1122,"column":34}},"loc":{"start":{"line":1122,"column":39},"end":{"line":1122,"column":64}},"line":1122},"100":{"name":"(anonymous_100)","decl":{"start":{"line":1131,"column":4},"end":{"line":1131,"column":5}},"loc":{"start":{"line":1131,"column":25},"end":{"line":1147,"column":5}},"line":1131},"101":{"name":"(anonymous_101)","decl":{"start":{"line":1132,"column":58},"end":{"line":1132,"column":59}},"loc":{"start":{"line":1132,"column":68},"end":{"line":1146,"column":9}},"line":1132},"102":{"name":"(anonymous_102)","decl":{"start":{"line":1133,"column":45},"end":{"line":1133,"column":46}},"loc":{"start":{"line":1133,"column":58},"end":{"line":1145,"column":13}},"line":1133},"103":{"name":"(anonymous_103)","decl":{"start":{"line":1149,"column":4},"end":{"line":1149,"column":5}},"loc":{"start":{"line":1149,"column":24},"end":{"line":1159,"column":5}},"line":1149},"104":{"name":"(anonymous_104)","decl":{"start":{"line":1150,"column":42},"end":{"line":1150,"column":43}},"loc":{"start":{"line":1150,"column":48},"end":{"line":1158,"column":9}},"line":1150},"105":{"name":"(anonymous_105)","decl":{"start":{"line":1154,"column":37},"end":{"line":1154,"column":38}},"loc":{"start":{"line":1154,"column":48},"end":{"line":1157,"column":13}},"line":1154},"106":{"name":"(anonymous_106)","decl":{"start":{"line":1164,"column":4},"end":{"line":1164,"column":5}},"loc":{"start":{"line":1164,"column":18},"end":{"line":1171,"column":5}},"line":1164},"107":{"name":"(anonymous_107)","decl":{"start":{"line":1173,"column":4},"end":{"line":1173,"column":5}},"loc":{"start":{"line":1173,"column":11},"end":{"line":1177,"column":5}},"line":1173},"108":{"name":"(anonymous_108)","decl":{"start":{"line":1179,"column":4},"end":{"line":1179,"column":5}},"loc":{"start":{"line":1179,"column":15},"end":{"line":1181,"column":5}},"line":1179},"109":{"name":"(anonymous_109)","decl":{"start":{"line":1183,"column":4},"end":{"line":1183,"column":5}},"loc":{"start":{"line":1183,"column":24},"end":{"line":1194,"column":5}},"line":1183},"110":{"name":"(anonymous_110)","decl":{"start":{"line":1184,"column":48},"end":{"line":1184,"column":49}},"loc":{"start":{"line":1184,"column":55},"end":{"line":1187,"column":9}},"line":1184},"111":{"name":"(anonymous_111)","decl":{"start":{"line":1189,"column":46},"end":{"line":1189,"column":47}},"loc":{"start":{"line":1189,"column":53},"end":{"line":1193,"column":9}},"line":1189},"112":{"name":"(anonymous_112)","decl":{"start":{"line":1196,"column":4},"end":{"line":1196,"column":5}},"loc":{"start":{"line":1196,"column":20},"end":{"line":1210,"column":5}},"line":1196},"113":{"name":"(anonymous_113)","decl":{"start":{"line":1212,"column":4},"end":{"line":1212,"column":5}},"loc":{"start":{"line":1212,"column":28},"end":{"line":1219,"column":5}},"line":1212},"114":{"name":"(anonymous_114)","decl":{"start":{"line":1221,"column":4},"end":{"line":1221,"column":5}},"loc":{"start":{"line":1221,"column":32},"end":{"line":1228,"column":5}},"line":1221},"115":{"name":"(anonymous_115)","decl":{"start":{"line":1230,"column":4},"end":{"line":1230,"column":5}},"loc":{"start":{"line":1230,"column":24},"end":{"line":1241,"column":5}},"line":1230},"116":{"name":"(anonymous_116)","decl":{"start":{"line":1243,"column":4},"end":{"line":1243,"column":5}},"loc":{"start":{"line":1243,"column":31},"end":{"line":1254,"column":5}},"line":1243},"117":{"name":"(anonymous_117)","decl":{"start":{"line":1258,"column":46},"end":{"line":1258,"column":47}},"loc":{"start":{"line":1258,"column":57},"end":{"line":1273,"column":1}},"line":1258}},"branchMap":{"0":{"loc":{"start":{"line":220,"column":8},"end":{"line":222,"column":9}},"type":"if","locations":[{"start":{"line":220,"column":8},"end":{"line":222,"column":9}},{"start":{},"end":{}}],"line":220},"1":{"loc":{"start":{"line":231,"column":8},"end":{"line":237,"column":9}},"type":"if","locations":[{"start":{"line":231,"column":8},"end":{"line":237,"column":9}},{"start":{},"end":{}}],"line":231},"2":{"loc":{"start":{"line":232,"column":12},"end":{"line":236,"column":13}},"type":"if","locations":[{"start":{"line":232,"column":12},"end":{"line":236,"column":13}},{"start":{"line":234,"column":19},"end":{"line":236,"column":13}}],"line":232},"3":{"loc":{"start":{"line":232,"column":16},"end":{"line":232,"column":77}},"type":"binary-expr","locations":[{"start":{"line":232,"column":16},"end":{"line":232,"column":43}},{"start":{"line":232,"column":47},"end":{"line":232,"column":77}}],"line":232},"4":{"loc":{"start":{"line":270,"column":8},"end":{"line":272,"column":9}},"type":"if","locations":[{"start":{"line":270,"column":8},"end":{"line":272,"column":9}},{"start":{},"end":{}}],"line":270},"5":{"loc":{"start":{"line":274,"column":8},"end":{"line":276,"column":9}},"type":"if","locations":[{"start":{"line":274,"column":8},"end":{"line":276,"column":9}},{"start":{},"end":{}}],"line":274},"6":{"loc":{"start":{"line":322,"column":8},"end":{"line":324,"column":9}},"type":"if","locations":[{"start":{"line":322,"column":8},"end":{"line":324,"column":9}},{"start":{},"end":{}}],"line":322},"7":{"loc":{"start":{"line":329,"column":8},"end":{"line":333,"column":9}},"type":"if","locations":[{"start":{"line":329,"column":8},"end":{"line":333,"column":9}},{"start":{},"end":{}}],"line":329},"8":{"loc":{"start":{"line":337,"column":12},"end":{"line":339,"column":13}},"type":"if","locations":[{"start":{"line":337,"column":12},"end":{"line":339,"column":13}},{"start":{},"end":{}}],"line":337},"9":{"loc":{"start":{"line":344,"column":12},"end":{"line":346,"column":13}},"type":"if","locations":[{"start":{"line":344,"column":12},"end":{"line":346,"column":13}},{"start":{},"end":{}}],"line":344},"10":{"loc":{"start":{"line":344,"column":16},"end":{"line":344,"column":74}},"type":"binary-expr","locations":[{"start":{"line":344,"column":16},"end":{"line":344,"column":34}},{"start":{"line":344,"column":38},"end":{"line":344,"column":74}}],"line":344},"11":{"loc":{"start":{"line":355,"column":8},"end":{"line":355,"column":33}},"type":"if","locations":[{"start":{"line":355,"column":8},"end":{"line":355,"column":33}},{"start":{},"end":{}}],"line":355},"12":{"loc":{"start":{"line":431,"column":8},"end":{"line":434,"column":9}},"type":"if","locations":[{"start":{"line":431,"column":8},"end":{"line":434,"column":9}},{"start":{},"end":{}}],"line":431},"13":{"loc":{"start":{"line":456,"column":12},"end":{"line":465,"column":13}},"type":"if","locations":[{"start":{"line":456,"column":12},"end":{"line":465,"column":13}},{"start":{},"end":{}}],"line":456},"14":{"loc":{"start":{"line":473,"column":12},"end":{"line":473,"column":57}},"type":"if","locations":[{"start":{"line":473,"column":12},"end":{"line":473,"column":57}},{"start":{},"end":{}}],"line":473},"15":{"loc":{"start":{"line":498,"column":12},"end":{"line":502,"column":13}},"type":"if","locations":[{"start":{"line":498,"column":12},"end":{"line":502,"column":13}},{"start":{},"end":{}}],"line":498},"16":{"loc":{"start":{"line":514,"column":19},"end":{"line":514,"column":65}},"type":"binary-expr","locations":[{"start":{"line":514,"column":19},"end":{"line":514,"column":45}},{"start":{"line":514,"column":49},"end":{"line":514,"column":65}}],"line":514},"17":{"loc":{"start":{"line":517,"column":8},"end":{"line":521,"column":9}},"type":"if","locations":[{"start":{"line":517,"column":8},"end":{"line":521,"column":9}},{"start":{},"end":{}}],"line":517},"18":{"loc":{"start":{"line":532,"column":19},"end":{"line":532,"column":65}},"type":"binary-expr","locations":[{"start":{"line":532,"column":19},"end":{"line":532,"column":45}},{"start":{"line":532,"column":49},"end":{"line":532,"column":65}}],"line":532},"19":{"loc":{"start":{"line":535,"column":35},"end":{"line":535,"column":70}},"type":"cond-expr","locations":[{"start":{"line":535,"column":49},"end":{"line":535,"column":58}},{"start":{"line":535,"column":61},"end":{"line":535,"column":70}}],"line":535},"20":{"loc":{"start":{"line":542,"column":8},"end":{"line":551,"column":9}},"type":"if","locations":[{"start":{"line":542,"column":8},"end":{"line":551,"column":9}},{"start":{},"end":{}}],"line":542},"21":{"loc":{"start":{"line":542,"column":12},"end":{"line":542,"column":33}},"type":"binary-expr","locations":[{"start":{"line":542,"column":12},"end":{"line":542,"column":16}},{"start":{"line":542,"column":20},"end":{"line":542,"column":33}}],"line":542},"22":{"loc":{"start":{"line":571,"column":8},"end":{"line":571,"column":39}},"type":"if","locations":[{"start":{"line":571,"column":8},"end":{"line":571,"column":39}},{"start":{},"end":{}}],"line":571},"23":{"loc":{"start":{"line":661,"column":12},"end":{"line":664,"column":13}},"type":"if","locations":[{"start":{"line":661,"column":12},"end":{"line":664,"column":13}},{"start":{},"end":{}}],"line":661},"24":{"loc":{"start":{"line":667,"column":12},"end":{"line":667,"column":84}},"type":"if","locations":[{"start":{"line":667,"column":12},"end":{"line":667,"column":84}},{"start":{},"end":{}}],"line":667},"25":{"loc":{"start":{"line":667,"column":16},"end":{"line":667,"column":64}},"type":"binary-expr","locations":[{"start":{"line":667,"column":16},"end":{"line":667,"column":30}},{"start":{"line":667,"column":34},"end":{"line":667,"column":64}}],"line":667},"26":{"loc":{"start":{"line":668,"column":12},"end":{"line":668,"column":85}},"type":"if","locations":[{"start":{"line":668,"column":12},"end":{"line":668,"column":85}},{"start":{},"end":{}}],"line":668},"27":{"loc":{"start":{"line":668,"column":16},"end":{"line":668,"column":65}},"type":"binary-expr","locations":[{"start":{"line":668,"column":16},"end":{"line":668,"column":30}},{"start":{"line":668,"column":34},"end":{"line":668,"column":65}}],"line":668},"28":{"loc":{"start":{"line":672,"column":12},"end":{"line":677,"column":13}},"type":"if","locations":[{"start":{"line":672,"column":12},"end":{"line":677,"column":13}},{"start":{},"end":{}}],"line":672},"29":{"loc":{"start":{"line":717,"column":8},"end":{"line":719,"column":9}},"type":"if","locations":[{"start":{"line":717,"column":8},"end":{"line":719,"column":9}},{"start":{},"end":{}}],"line":717},"30":{"loc":{"start":{"line":733,"column":8},"end":{"line":733,"column":38}},"type":"if","locations":[{"start":{"line":733,"column":8},"end":{"line":733,"column":38}},{"start":{},"end":{}}],"line":733},"31":{"loc":{"start":{"line":786,"column":8},"end":{"line":786,"column":33}},"type":"if","locations":[{"start":{"line":786,"column":8},"end":{"line":786,"column":33}},{"start":{},"end":{}}],"line":786},"32":{"loc":{"start":{"line":839,"column":8},"end":{"line":845,"column":9}},"type":"if","locations":[{"start":{"line":839,"column":8},"end":{"line":845,"column":9}},{"start":{},"end":{}}],"line":839},"33":{"loc":{"start":{"line":839,"column":12},"end":{"line":839,"column":68}},"type":"binary-expr","locations":[{"start":{"line":839,"column":12},"end":{"line":839,"column":35}},{"start":{"line":839,"column":39},"end":{"line":839,"column":68}}],"line":839},"34":{"loc":{"start":{"line":854,"column":8},"end":{"line":858,"column":9}},"type":"if","locations":[{"start":{"line":854,"column":8},"end":{"line":858,"column":9}},{"start":{"line":856,"column":15},"end":{"line":858,"column":9}}],"line":854},"35":{"loc":{"start":{"line":854,"column":12},"end":{"line":854,"column":68}},"type":"binary-expr","locations":[{"start":{"line":854,"column":12},"end":{"line":854,"column":35}},{"start":{"line":854,"column":39},"end":{"line":854,"column":68}}],"line":854},"36":{"loc":{"start":{"line":868,"column":8},"end":{"line":868,"column":47}},"type":"if","locations":[{"start":{"line":868,"column":8},"end":{"line":868,"column":47}},{"start":{},"end":{}}],"line":868},"37":{"loc":{"start":{"line":903,"column":12},"end":{"line":914,"column":13}},"type":"if","locations":[{"start":{"line":903,"column":12},"end":{"line":914,"column":13}},{"start":{},"end":{}}],"line":903},"38":{"loc":{"start":{"line":917,"column":33},"end":{"line":917,"column":101}},"type":"cond-expr","locations":[{"start":{"line":917,"column":63},"end":{"line":917,"column":72}},{"start":{"line":917,"column":75},"end":{"line":917,"column":101}}],"line":917},"39":{"loc":{"start":{"line":964,"column":4},"end":{"line":966,"column":5}},"type":"if","locations":[{"start":{"line":964,"column":4},"end":{"line":966,"column":5}},{"start":{},"end":{}}],"line":964},"40":{"loc":{"start":{"line":1012,"column":8},"end":{"line":1014,"column":9}},"type":"if","locations":[{"start":{"line":1012,"column":8},"end":{"line":1014,"column":9}},{"start":{},"end":{}}],"line":1012},"41":{"loc":{"start":{"line":1023,"column":12},"end":{"line":1025,"column":13}},"type":"if","locations":[{"start":{"line":1023,"column":12},"end":{"line":1025,"column":13}},{"start":{},"end":{}}],"line":1023},"42":{"loc":{"start":{"line":1023,"column":16},"end":{"line":1023,"column":86}},"type":"binary-expr","locations":[{"start":{"line":1023,"column":16},"end":{"line":1023,"column":50}},{"start":{"line":1023,"column":54},"end":{"line":1023,"column":86}}],"line":1023},"43":{"loc":{"start":{"line":1030,"column":12},"end":{"line":1032,"column":13}},"type":"if","locations":[{"start":{"line":1030,"column":12},"end":{"line":1032,"column":13}},{"start":{},"end":{}}],"line":1030},"44":{"loc":{"start":{"line":1039,"column":8},"end":{"line":1043,"column":9}},"type":"if","locations":[{"start":{"line":1039,"column":8},"end":{"line":1043,"column":9}},{"start":{"line":1041,"column":15},"end":{"line":1043,"column":9}}],"line":1039},"45":{"loc":{"start":{"line":1082,"column":8},"end":{"line":1094,"column":9}},"type":"if","locations":[{"start":{"line":1082,"column":8},"end":{"line":1094,"column":9}},{"start":{},"end":{}}],"line":1082},"46":{"loc":{"start":{"line":1085,"column":20},"end":{"line":1087,"column":21}},"type":"if","locations":[{"start":{"line":1085,"column":20},"end":{"line":1087,"column":21}},{"start":{},"end":{}}],"line":1085},"47":{"loc":{"start":{"line":1106,"column":8},"end":{"line":1108,"column":9}},"type":"if","locations":[{"start":{"line":1106,"column":8},"end":{"line":1108,"column":9}},{"start":{},"end":{}}],"line":1106},"48":{"loc":{"start":{"line":1114,"column":8},"end":{"line":1116,"column":9}},"type":"if","locations":[{"start":{"line":1114,"column":8},"end":{"line":1116,"column":9}},{"start":{},"end":{}}],"line":1114},"49":{"loc":{"start":{"line":1126,"column":8},"end":{"line":1128,"column":9}},"type":"if","locations":[{"start":{"line":1126,"column":8},"end":{"line":1128,"column":9}},{"start":{},"end":{}}],"line":1126},"50":{"loc":{"start":{"line":1136,"column":16},"end":{"line":1144,"column":17}},"type":"if","locations":[{"start":{"line":1136,"column":16},"end":{"line":1144,"column":17}},{"start":{},"end":{}}],"line":1136},"51":{"loc":{"start":{"line":1174,"column":8},"end":{"line":1176,"column":9}},"type":"if","locations":[{"start":{"line":1174,"column":8},"end":{"line":1176,"column":9}},{"start":{},"end":{}}],"line":1174},"52":{"loc":{"start":{"line":1180,"column":15},"end":{"line":1180,"column":71}},"type":"binary-expr","locations":[{"start":{"line":1180,"column":15},"end":{"line":1180,"column":39}},{"start":{"line":1180,"column":43},"end":{"line":1180,"column":71}}],"line":1180},"53":{"loc":{"start":{"line":1201,"column":8},"end":{"line":1209,"column":9}},"type":"if","locations":[{"start":{"line":1201,"column":8},"end":{"line":1209,"column":9}},{"start":{},"end":{}}],"line":1201},"54":{"loc":{"start":{"line":1201,"column":12},"end":{"line":1201,"column":69}},"type":"binary-expr","locations":[{"start":{"line":1201,"column":12},"end":{"line":1201,"column":45}},{"start":{"line":1201,"column":49},"end":{"line":1201,"column":69}}],"line":1201},"55":{"loc":{"start":{"line":1202,"column":12},"end":{"line":1208,"column":13}},"type":"if","locations":[{"start":{"line":1202,"column":12},"end":{"line":1208,"column":13}},{"start":{"line":1205,"column":19},"end":{"line":1208,"column":13}}],"line":1202},"56":{"loc":{"start":{"line":1225,"column":26},"end":{"line":1225,"column":85}},"type":"cond-expr","locations":[{"start":{"line":1225,"column":47},"end":{"line":1225,"column":66}},{"start":{"line":1225,"column":69},"end":{"line":1225,"column":85}}],"line":1225},"57":{"loc":{"start":{"line":1236,"column":12},"end":{"line":1238,"column":13}},"type":"if","locations":[{"start":{"line":1236,"column":12},"end":{"line":1238,"column":13}},{"start":{},"end":{}}],"line":1236},"58":{"loc":{"start":{"line":1236,"column":16},"end":{"line":1236,"column":62}},"type":"binary-expr","locations":[{"start":{"line":1236,"column":16},"end":{"line":1236,"column":23}},{"start":{"line":1236,"column":27},"end":{"line":1236,"column":62}}],"line":1236},"59":{"loc":{"start":{"line":1245,"column":8},"end":{"line":1253,"column":9}},"type":"if","locations":[{"start":{"line":1245,"column":8},"end":{"line":1253,"column":9}},{"start":{},"end":{}}],"line":1245}},"s":{"0":0,"1":0,"2":0,"3":0,"4":0,"5":0,"6":0,"7":0,"8":0,"9":0,"10":0,"11":0,"12":0,"13":0,"14":0,"15":0,"16":0,"17":0,"18":0,"19":0,"20":0,"21":0,"22":0,"23":0,"24":0,"25":0,"26":0,"27":0,"28":0,"29":0,"30":0,"31":0,"32":0,"33":0,"34":0,"35":0,"36":0,"37":0,"38":0,"39":0,"40":0,"41":0,"42":0,"43":0,"44":0,"45":0,"46":0,"47":0,"48":0,"49":0,"50":0,"51":0,"52":0,"53":0,"54":0,"55":0,"56":0,"57":0,"58":0,"59":0,"60":0,"61":0,"62":0,"63":0,"64":0,"65":0,"66":0,"67":0,"68":0,"69":0,"70":0,"71":0,"72":0,"73":0,"74":0,"75":0,"76":0,"77":0,"78":0,"79":0,"80":0,"81":0,"82":0,"83":0,"84":0,"85":0,"86":0,"87":0,"88":0,"89":0,"90":0,"91":0,"92":0,"93":0,"94":0,"95":0,"96":0,"97":0,"98":0,"99":0,"100":0,"101":0,"102":0,"103":0,"104":0,"105":0,"106":0,"107":0,"108":0,"109":0,"110":0,"111":0,"112":0,"113":0,"114":0,"115":0,"116":0,"117":0,"118":0,"119":0,"120":0,"121":0,"122":0,"123":0,"124":0,"125":0,"126":0,"127":0,"128":0,"129":0,"130":0,"131":0,"132":0,"133":0,"134":0,"135":0,"136":0,"137":0,"138":0,"139":0,"140":0,"141":0,"142":0,"143":0,"144":0,"145":0,"146":0,"147":0,"148":0,"149":0,"150":0,"151":0,"152":0,"153":0,"154":0,"155":0,"156":0,"157":0,"158":0,"159":0,"160":0,"161":0,"162":0,"163":0,"164":0,"165":0,"166":0,"167":0,"168":0,"169":0,"170":0,"171":0,"172":0,"173":0,"174":0,"175":0,"176":0,"177":0,"178":0,"179":0,"180":0,"181":0,"182":0,"183":0,"184":0,"185":0,"186":0,"187":0,"188":0,"189":0,"190":0,"191":0,"192":0,"193":0,"194":0,"195":0,"196":0,"197":0,"198":0,"199":0,"200":0,"201":0,"202":0,"203":0,"204":0,"205":0,"206":0,"207":0,"208":0,"209":0,"210":0,"211":0,"212":0,"213":0,"214":0,"215":0,"216":0,"217":0,"218":0,"219":0,"220":0,"221":0,"222":0,"223":0,"224":0,"225":0,"226":0,"227":0,"228":0,"229":0,"230":0,"231":0,"232":0,"233":0,"234":0,"235":0,"236":0,"237":0,"238":0,"239":0,"240":0,"241":0,"242":0,"243":0,"244":0,"245":0,"246":0,"247":0,"248":0,"249":0,"250":0,"251":0,"252":0,"253":0,"254":0,"255":0,"256":0,"257":0,"258":0,"259":0,"260":0,"261":0,"262":0,"263":0,"264":0,"265":0,"266":0,"267":0,"268":0,"269":0,"270":0,"271":0,"272":0,"273":0,"274":0,"275":0,"276":0,"277":0,"278":0,"279":0,"280":0,"281":0,"282":0,"283":0,"284":0,"285":0,"286":0,"287":0,"288":0,"289":0,"290":0,"291":0,"292":0,"293":0,"294":0,"295":0,"296":0,"297":0,"298":0,"299":0,"300":0,"301":0,"302":0,"303":0,"304":0,"305":0,"306":0,"307":0,"308":0,"309":0,"310":0,"311":0,"312":0,"313":0,"314":0,"315":0,"316":0,"317":0,"318":0,"319":0,"320":0,"321":0,"322":0,"323":0,"324":0,"325":0,"326":0,"327":0,"328":0,"329":0,"330":0,"331":0,"332":0,"333":0,"334":0,"335":0,"336":0,"337":0,"338":0,"339":0,"340":0,"341":0,"342":0,"343":0,"344":0,"345":0,"346":0,"347":0,"348":0,"349":0,"350":0,"351":0,"352":0,"353":0,"354":0,"355":0,"356":0,"357":0,"358":0,"359":0,"360":0,"361":0,"362":0,"363":0,"364":0,"365":0,"366":0,"367":0,"368":0,"369":0,"370":0,"371":0,"372":0,"373":0,"374":0,"375":0,"376":0,"377":0,"378":0,"379":0,"380":0,"381":0,"382":0,"383":0,"384":0,"385":0,"386":0,"387":0,"388":0,"389":0,"390":0,"391":0,"392":0,"393":0,"394":0,"395":0,"396":0,"397":0,"398":0,"399":0,"400":0,"401":0,"402":0,"403":0,"404":0,"405":0,"406":0,"407":0,"408":0,"409":0,"410":0,"411":0,"412":0,"413":0,"414":0,"415":0,"416":0,"417":0,"418":0,"419":0,"420":0,"421":0,"422":0,"423":0,"424":0,"425":0,"426":0,"427":0,"428":0,"429":0,"430":0,"431":0,"432":0,"433":0,"434":0,"435":0,"436":0,"437":0,"438":0,"439":0,"440":0,"441":0,"442":0,"443":0,"444":0,"445":0,"446":0,"447":0,"448":0,"449":0,"450":0,"451":0,"452":0,"453":0,"454":0,"455":0,"456":0,"457":0,"458":0,"459":0,"460":0,"461":0,"462":0,"463":0,"464":0,"465":0,"466":0,"467":0,"468":0,"469":0,"470":0,"471":0,"472":0,"473":0,"474":0,"475":0,"476":0,"477":0,"478":0,"479":0,"480":0,"481":0,"482":0,"483":0,"484":0,"485":0,"486":0,"487":0,"488":0,"489":0,"490":0,"491":0,"492":0,"493":0,"494":0,"495":0,"496":0,"497":0,"498":0,"499":0,"500":0,"501":0,"502":0,"503":0},"f":{"0":0,"1":0,"2":0,"3":0,"4":0,"5":0,"6":0,"7":0,"8":0,"9":0,"10":0,"11":0,"12":0,"13":0,"14":0,"15":0,"16":0,"17":0,"18":0,"19":0,"20":0,"21":0,"22":0,"23":0,"24":0,"25":0,"26":0,"27":0,"28":0,"29":0,"30":0,"31":0,"32":0,"33":0,"34":0,"35":0,"36":0,"37":0,"38":0,"39":0,"40":0,"41":0,"42":0,"43":0,"44":0,"45":0,"46":0,"47":0,"48":0,"49":0,"50":0,"51":0,"52":0,"53":0,"54":0,"55":0,"56":0,"57":0,"58":0,"59":0,"60":0,"61":0,"62":0,"63":0,"64":0,"65":0,"66":0,"67":0,"68":0,"69":0,"70":0,"71":0,"72":0,"73":0,"74":0,"75":0,"76":0,"77":0,"78":0,"79":0,"80":0,"81":0,"82":0,"83":0,"84":0,"85":0,"86":0,"87":0,"88":0,"89":0,"90":0,"91":0,"92":0,"93":0,"94":0,"95":0,"96":0,"97":0,"98":0,"99":0,"100":0,"101":0,"102":0,"103":0,"104":0,"105":0,"106":0,"107":0,"108":0,"109":0,"110":0,"111":0,"112":0,"113":0,"114":0,"115":0,"116":0,"117":0},"b":{"0":[0,0],"1":[0,0],"2":[0,0],"3":[0,0],"4":[0,0],"5":[0,0],"6":[0,0],"7":[0,0],"8":[0,0],"9":[0,0],"10":[0,0],"11":[0,0],"12":[0,0],"13":[0,0],"14":[0,0],"15":[0,0],"16":[0,0],"17":[0,0],"18":[0,0],"19":[0,0],"20":[0,0],"21":[0,0],"22":[0,0],"23":[0,0],"24":[0,0],"25":[0,0],"26":[0,0],"27":[0,0],"28":[0,0],"29":[0,0],"30":[0,0],"31":[0,0],"32":[0,0],"33":[0,0],"34":[0,0],"35":[0,0],"36":[0,0],"37":[0,0],"38":[0,0],"39":[0,0],"40":[0,0],"41":[0,0],"42":[0,0],"43":[0,0],"44":[0,0],"45":[0,0],"46":[0,0],"47":[0,0],"48":[0,0],"49":[0,0],"50":[0,0],"51":[0,0],"52":[0,0],"53":[0,0],"54":[0,0],"55":[0,0],"56":[0,0],"57":[0,0],"58":[0,0],"59":[0,0]}}
,"C:\\Users\\User\\Desktop\\Новая папка (2)\\sw.js": {"path":"C:\\Users\\User\\Desktop\\Новая папка (2)\\sw.js","statementMap":{"0":{"start":{"line":1,"column":19},"end":{"line":1,"column":39}},"1":{"start":{"line":2,"column":20},"end":{"line":9,"column":1}},"2":{"start":{"line":12,"column":0},"end":{"line":20,"column":3}},"3":{"start":{"line":13,"column":4},"end":{"line":19,"column":6}},"4":{"start":{"line":16,"column":16},"end":{"line":16,"column":44}},"5":{"start":{"line":17,"column":16},"end":{"line":17,"column":49}},"6":{"start":{"line":23,"column":0},"end":{"line":35,"column":3}},"7":{"start":{"line":24,"column":4},"end":{"line":34,"column":6}},"8":{"start":{"line":28,"column":16},"end":{"line":30,"column":17}},"9":{"start":{"line":29,"column":20},"end":{"line":29,"column":36}},"10":{"start":{"line":31,"column":16},"end":{"line":31,"column":44}},"11":{"start":{"line":38,"column":0},"end":{"line":51,"column":3}},"12":{"start":{"line":39,"column":27},"end":{"line":39,"column":39}},"13":{"start":{"line":40,"column":4},"end":{"line":50,"column":6}},"14":{"start":{"line":42,"column":12},"end":{"line":48,"column":14}},"15":{"start":{"line":44,"column":20},"end":{"line":46,"column":21}},"16":{"start":{"line":45,"column":24},"end":{"line":45,"column":56}},"17":{"start":{"line":54,"column":0},"end":{"line":58,"column":3}},"18":{"start":{"line":55,"column":4},"end":{"line":57,"column":5}},"19":{"start":{"line":56,"column":8},"end":{"line":56,"column":44}},"20":{"start":{"line":62,"column":4},"end":{"line":67,"column":7}}},"fnMap":{"0":{"name":"(anonymous_0)","decl":{"start":{"line":12,"column":33},"end":{"line":12,"column":34}},"loc":{"start":{"line":12,"column":42},"end":{"line":20,"column":1}},"line":12},"1":{"name":"(anonymous_1)","decl":{"start":{"line":15,"column":18},"end":{"line":15,"column":19}},"loc":{"start":{"line":15,"column":27},"end":{"line":18,"column":13}},"line":15},"2":{"name":"(anonymous_2)","decl":{"start":{"line":23,"column":31},"end":{"line":23,"column":32}},"loc":{"start":{"line":23,"column":40},"end":{"line":35,"column":1}},"line":23},"3":{"name":"(anonymous_3)","decl":{"start":{"line":26,"column":18},"end":{"line":26,"column":19}},"loc":{"start":{"line":26,"column":30},"end":{"line":32,"column":13}},"line":26},"4":{"name":"(anonymous_4)","decl":{"start":{"line":38,"column":34},"end":{"line":38,"column":35}},"loc":{"start":{"line":38,"column":43},"end":{"line":51,"column":1}},"line":38},"5":{"name":"(anonymous_5)","decl":{"start":{"line":41,"column":27},"end":{"line":41,"column":28}},"loc":{"start":{"line":41,"column":41},"end":{"line":49,"column":9}},"line":41},"6":{"name":"(anonymous_6)","decl":{"start":{"line":43,"column":31},"end":{"line":43,"column":32}},"loc":{"start":{"line":43,"column":44},"end":{"line":47,"column":17}},"line":43},"7":{"name":"(anonymous_7)","decl":{"start":{"line":54,"column":30},"end":{"line":54,"column":31}},"loc":{"start":{"line":54,"column":39},"end":{"line":58,"column":1}},"line":54},"8":{"name":"doBackgroundSync","decl":{"start":{"line":60,"column":9},"end":{"line":60,"column":25}},"loc":{"start":{"line":60,"column":28},"end":{"line":68,"column":1}},"line":60}},"branchMap":{"0":{"loc":{"start":{"line":28,"column":16},"end":{"line":30,"column":17}},"type":"if","locations":[{"start":{"line":28,"column":16},"end":{"line":30,"column":17}},{"start":{},"end":{}}],"line":28},"1":{"loc":{"start":{"line":44,"column":20},"end":{"line":46,"column":21}},"type":"if","locations":[{"start":{"line":44,"column":20},"end":{"line":46,"column":21}},{"start":{},"end":{}}],"line":44},"2":{"loc":{"start":{"line":55,"column":4},"end":{"line":57,"column":5}},"type":"if","locations":[{"start":{"line":55,"column":4},"end":{"line":57,"column":5}},{"start":{},"end":{}}],"line":55}},"s":{"0":0,"1":0,"2":0,"3":0,"4":0,"5":0,"6":0,"7":0,"8":0,"9":0,"10":0,"11":0,"12":0,"13":0,"14":0,"15":0,"16":0,"17":0,"18":0,"19":0,"20":0},"f":{"0":0,"1":0,"2":0,"3":0,"4":0,"5":0,"6":0,"7":0,"8":0},"b":{"0":[0,0],"1":[0,0],"2":[0,0]}}
}
