TN:
SF:config.js
FNF:0
FNH:0
DA:4,0
DA:34,0
DA:35,0
DA:37,0
LF:4
LH:0
BRDA:34,0,0,0
BRDA:34,0,1,0
BRDA:34,1,0,0
BRDA:34,1,1,0
BRF:4
BRH:0
end_of_record
TN:
SF:script.js
FN:134,detectBrowserLanguage
FN:163,changeLanguage
FN:173,(anonymous_2)
FN:186,(anonymous_3)
FN:206,updateMottoCard
FN:222,(anonymous_5)
FN:224,(anonymous_6)
FN:225,(anonymous_7)
FN:296,initMobileNavigation
FN:301,(anonymous_9)
FN:307,(anonymous_10)
FN:308,(anonymous_11)
FN:315,(anonymous_12)
FN:325,initSmoothScrolling
FN:327,(anonymous_14)
FN:328,(anonymous_15)
FN:355,updateActiveNavLink
FN:357,(anonymous_17)
FN:369,initScrollSpy
FN:373,(anonymous_19)
FN:376,(anonymous_20)
FN:382,(anonymous_21)
FN:394,initMottoCard
FN:405,(anonymous_23)
FN:418,(anonymous_24)
FN:420,(anonymous_25)
FN:428,(anonymous_26)
FN:438,(anonymous_27)
FN:444,(anonymous_28)
FN:458,(anonymous_29)
FN:464,(anonymous_30)
FN:475,(anonymous_31)
FN:507,(anonymous_32)
FN:509,(anonymous_33)
FN:510,(anonymous_34)
FN:517,(anonymous_35)
FN:523,(anonymous_36)
FN:528,(anonymous_37)
FN:534,(anonymous_38)
FN:541,(anonymous_39)
FN:553,(anonymous_40)
FN:560,(anonymous_41)
FN:573,(anonymous_42)
FN:608,(anonymous_43)
FN:610,(anonymous_44)
FN:613,(anonymous_45)
FN:618,(anonymous_46)
FN:634,(anonymous_47)
FN:660,(anonymous_48)
FN:665,(anonymous_49)
FN:672,(anonymous_50)
FN:683,(anonymous_51)
FN:686,(anonymous_52)
FN:690,(anonymous_53)
FN:704,(anonymous_54)
FN:705,(anonymous_55)
FN:741,(anonymous_56)
FN:747,(anonymous_57)
FN:759,(anonymous_58)
FN:765,(anonymous_59)
FN:773,(anonymous_60)
FN:783,(anonymous_61)
FN:789,(anonymous_62)
FN:805,(anonymous_63)
FN:820,(anonymous_64)
FN:824,(anonymous_65)
FN:839,(anonymous_66)
FN:851,(anonymous_67)
FN:857,(anonymous_68)
FN:859,(anonymous_69)
FN:862,(anonymous_70)
FN:867,(anonymous_71)
FN:885,(anonymous_72)
FN:896,(anonymous_73)
FN:899,(anonymous_74)
FN:953,(anonymous_75)
FN:960,(anonymous_76)
FN:971,(anonymous_77)
FN:973,(anonymous_78)
FN:974,(anonymous_79)
FN:981,(anonymous_80)
FN:988,(anonymous_81)
FN:993,(anonymous_82)
FN:998,(anonymous_83)
FN:1021,(anonymous_84)
FN:1024,(anonymous_85)
FN:1034,(anonymous_86)
FN:1078,(anonymous_87)
FN:1079,(anonymous_88)
FN:1080,(anonymous_89)
FN:1083,(anonymous_90)
FN:1098,(anonymous_91)
FN:1111,(anonymous_92)
FN:1117,(anonymous_93)
FN:1129,(anonymous_94)
FN:1147,(anonymous_95)
FN:1200,shuffleTarot
FN:1205,(anonymous_97)
FN:1223,(anonymous_98)
FN:1230,(anonymous_99)
FN:1244,(anonymous_100)
FN:1245,(anonymous_101)
FNF:102
FNH:0
FNDA:0,detectBrowserLanguage
FNDA:0,changeLanguage
FNDA:0,(anonymous_2)
FNDA:0,(anonymous_3)
FNDA:0,updateMottoCard
FNDA:0,(anonymous_5)
FNDA:0,(anonymous_6)
FNDA:0,(anonymous_7)
FNDA:0,initMobileNavigation
FNDA:0,(anonymous_9)
FNDA:0,(anonymous_10)
FNDA:0,(anonymous_11)
FNDA:0,(anonymous_12)
FNDA:0,initSmoothScrolling
FNDA:0,(anonymous_14)
FNDA:0,(anonymous_15)
FNDA:0,updateActiveNavLink
FNDA:0,(anonymous_17)
FNDA:0,initScrollSpy
FNDA:0,(anonymous_19)
FNDA:0,(anonymous_20)
FNDA:0,(anonymous_21)
FNDA:0,initMottoCard
FNDA:0,(anonymous_23)
FNDA:0,(anonymous_24)
FNDA:0,(anonymous_25)
FNDA:0,(anonymous_26)
FNDA:0,(anonymous_27)
FNDA:0,(anonymous_28)
FNDA:0,(anonymous_29)
FNDA:0,(anonymous_30)
FNDA:0,(anonymous_31)
FNDA:0,(anonymous_32)
FNDA:0,(anonymous_33)
FNDA:0,(anonymous_34)
FNDA:0,(anonymous_35)
FNDA:0,(anonymous_36)
FNDA:0,(anonymous_37)
FNDA:0,(anonymous_38)
FNDA:0,(anonymous_39)
FNDA:0,(anonymous_40)
FNDA:0,(anonymous_41)
FNDA:0,(anonymous_42)
FNDA:0,(anonymous_43)
FNDA:0,(anonymous_44)
FNDA:0,(anonymous_45)
FNDA:0,(anonymous_46)
FNDA:0,(anonymous_47)
FNDA:0,(anonymous_48)
FNDA:0,(anonymous_49)
FNDA:0,(anonymous_50)
FNDA:0,(anonymous_51)
FNDA:0,(anonymous_52)
FNDA:0,(anonymous_53)
FNDA:0,(anonymous_54)
FNDA:0,(anonymous_55)
FNDA:0,(anonymous_56)
FNDA:0,(anonymous_57)
FNDA:0,(anonymous_58)
FNDA:0,(anonymous_59)
FNDA:0,(anonymous_60)
FNDA:0,(anonymous_61)
FNDA:0,(anonymous_62)
FNDA:0,(anonymous_63)
FNDA:0,(anonymous_64)
FNDA:0,(anonymous_65)
FNDA:0,(anonymous_66)
FNDA:0,(anonymous_67)
FNDA:0,(anonymous_68)
FNDA:0,(anonymous_69)
FNDA:0,(anonymous_70)
FNDA:0,(anonymous_71)
FNDA:0,(anonymous_72)
FNDA:0,(anonymous_73)
FNDA:0,(anonymous_74)
FNDA:0,(anonymous_75)
FNDA:0,(anonymous_76)
FNDA:0,(anonymous_77)
FNDA:0,(anonymous_78)
FNDA:0,(anonymous_79)
FNDA:0,(anonymous_80)
FNDA:0,(anonymous_81)
FNDA:0,(anonymous_82)
FNDA:0,(anonymous_83)
FNDA:0,(anonymous_84)
FNDA:0,(anonymous_85)
FNDA:0,(anonymous_86)
FNDA:0,(anonymous_87)
FNDA:0,(anonymous_88)
FNDA:0,(anonymous_89)
FNDA:0,(anonymous_90)
FNDA:0,(anonymous_91)
FNDA:0,(anonymous_92)
FNDA:0,(anonymous_93)
FNDA:0,(anonymous_94)
FNDA:0,(anonymous_95)
FNDA:0,shuffleTarot
FNDA:0,(anonymous_97)
FNDA:0,(anonymous_98)
FNDA:0,(anonymous_99)
FNDA:0,(anonymous_100)
FNDA:0,(anonymous_101)
DA:2,0
DA:135,0
DA:136,0
DA:137,0
DA:138,0
DA:141,0
DA:144,0
DA:145,0
DA:146,0
DA:147,0
DA:148,0
DA:149,0
DA:151,0
DA:154,0
DA:155,0
DA:160,0
DA:165,0
DA:166,0
DA:167,0
DA:170,0
DA:173,0
DA:174,0
DA:175,0
DA:176,0
DA:181,0
DA:182,0
DA:186,0
DA:187,0
DA:189,0
DA:190,0
DA:191,0
DA:193,0
DA:197,0
DA:202,0
DA:207,0
DA:208,0
DA:209,0
DA:210,0
DA:212,0
DA:213,0
DA:215,0
DA:216,0
DA:222,0
DA:224,0
DA:225,0
DA:226,0
DA:227,0
DA:231,0
DA:233,0
DA:234,0
DA:236,0
DA:237,0
DA:239,0
DA:240,0
DA:242,0
DA:243,0
DA:244,0
DA:247,0
DA:248,0
DA:249,0
DA:252,0
DA:253,0
DA:254,0
DA:257,0
DA:258,0
DA:259,0
DA:262,0
DA:263,0
DA:264,0
DA:267,0
DA:268,0
DA:269,0
DA:272,0
DA:273,0
DA:274,0
DA:278,0
DA:279,0
DA:282,0
DA:283,0
DA:286,0
DA:287,0
DA:289,0
DA:291,0
DA:297,0
DA:298,0
DA:300,0
DA:301,0
DA:302,0
DA:303,0
DA:307,0
DA:308,0
DA:309,0
DA:310,0
DA:315,0
DA:316,0
DA:317,0
DA:318,0
DA:327,0
DA:328,0
DA:329,0
DA:331,0
DA:332,0
DA:334,0
DA:336,0
DA:339,0
DA:342,0
DA:348,0
DA:357,0
DA:358,0
DA:362,0
DA:363,0
DA:364,0
DA:370,0
DA:371,0
DA:373,0
DA:374,0
DA:376,0
DA:377,0
DA:378,0
DA:379,0
DA:381,0
DA:382,0
DA:383,0
DA:384,0
DA:385,0
DA:395,0
DA:396,0
DA:398,0
DA:402,0
DA:405,0
DA:406,0
DA:408,0
DA:409,0
DA:410,0
DA:413,0
DA:414,0
DA:418,0
DA:419,0
DA:420,0
DA:421,0
DA:422,0
DA:423,0
DA:428,0
DA:430,0
DA:431,0
DA:432,0
DA:433,0
DA:438,0
DA:439,0
DA:440,0
DA:444,0
DA:445,0
DA:446,0
DA:449,0
DA:451,0
DA:459,0
DA:460,0
DA:461,0
DA:465,0
DA:466,0
DA:467,0
DA:470,0
DA:471,0
DA:476,0
DA:478,0
DA:479,0
DA:482,0
DA:483,0
DA:484,0
DA:485,0
DA:487,0
DA:489,0
DA:492,0
DA:495,0
DA:498,0
DA:499,0
DA:502,0
DA:503,0
DA:509,0
DA:510,0
DA:511,0
DA:512,0
DA:518,0
DA:519,0
DA:524,0
DA:526,0
DA:527,0
DA:528,0
DA:529,0
DA:534,0
DA:535,0
DA:536,0
DA:541,0
DA:542,0
DA:543,0
DA:547,0
DA:550,0
DA:554,0
DA:555,0
DA:561,0
DA:562,0
DA:564,0
DA:565,0
DA:574,0
DA:575,0
DA:576,0
DA:577,0
DA:580,0
DA:581,0
DA:582,0
DA:583,0
DA:586,0
DA:587,0
DA:588,0
DA:589,0
DA:590,0
DA:592,0
DA:593,0
DA:594,0
DA:595,0
DA:596,0
DA:599,0
DA:600,0
DA:601,0
DA:602,0
DA:604,0
DA:609,0
DA:610,0
DA:614,0
DA:615,0
DA:619,0
DA:621,0
DA:622,0
DA:635,0
DA:641,0
DA:656,0
DA:657,0
DA:660,0
DA:666,0
DA:667,0
DA:668,0
DA:674,0
DA:675,0
DA:678,0
DA:681,0
DA:683,0
DA:687,0
DA:688,0
DA:690,0
DA:691,0
DA:692,0
DA:693,0
DA:695,0
DA:696,0
DA:699,0
DA:705,0
DA:707,0
DA:708,0
DA:710,0
DA:713,0
DA:717,0
DA:718,0
DA:719,0
DA:721,0
DA:722,0
DA:723,0
DA:724,0
DA:727,0
DA:728,0
DA:729,0
DA:730,0
DA:733,0
DA:734,0
DA:735,0
DA:736,0
DA:742,0
DA:743,0
DA:744,0
DA:747,0
DA:748,0
DA:749,0
DA:752,0
DA:753,0
DA:754,0
DA:755,0
DA:760,0
DA:761,0
DA:762,0
DA:765,0
DA:766,0
DA:767,0
DA:770,0
DA:774,0
DA:775,0
DA:777,0
DA:778,0
DA:779,0
DA:782,0
DA:783,0
DA:784,0
DA:791,0
DA:792,0
DA:801,0
DA:806,0
DA:808,0
DA:809,0
DA:810,0
DA:811,0
DA:813,0
DA:814,0
DA:815,0
DA:816,0
DA:817,0
DA:818,0
DA:820,0
DA:825,0
DA:826,0
DA:827,0
DA:829,0
DA:830,0
DA:831,0
DA:840,0
DA:841,0
DA:842,0
DA:843,0
DA:844,0
DA:846,0
DA:847,0
DA:848,0
DA:849,0
DA:851,0
DA:852,0
DA:853,0
DA:858,0
DA:859,0
DA:863,0
DA:864,0
DA:868,0
DA:870,0
DA:871,0
DA:886,0
DA:893,0
DA:897,0
DA:899,0
DA:901,0
DA:902,0
DA:905,0
DA:906,0
DA:907,0
DA:909,0
DA:910,0
DA:911,0
DA:915,0
DA:916,0
DA:919,0
DA:920,0
DA:921,0
DA:922,0
DA:923,0
DA:924,0
DA:928,0
DA:929,0
DA:932,0
DA:936,0
DA:937,0
DA:939,0
DA:940,0
DA:941,0
DA:942,0
DA:945,0
DA:946,0
DA:947,0
DA:948,0
DA:950,0
DA:953,0
DA:961,0
DA:962,0
DA:963,0
DA:964,0
DA:966,0
DA:967,0
DA:972,0
DA:973,0
DA:974,0
DA:978,0
DA:982,0
DA:984,0
DA:985,0
DA:988,0
DA:989,0
DA:993,0
DA:994,0
DA:999,0
DA:1014,0
DA:1015,0
DA:1018,0
DA:1022,0
DA:1024,0
DA:1025,0
DA:1026,0
DA:1035,0
DA:1036,0
DA:1038,0
DA:1039,0
DA:1040,0
DA:1041,0
DA:1042,0
DA:1044,0
DA:1059,0
DA:1074,0
DA:1075,0
DA:1079,0
DA:1080,0
DA:1084,0
DA:1085,0
DA:1086,0
DA:1087,0
DA:1089,0
DA:1090,0
DA:1091,0
DA:1092,0
DA:1094,0
DA:1099,0
DA:1100,0
DA:1101,0
DA:1102,0
DA:1104,0
DA:1105,0
DA:1107,0
DA:1112,0
DA:1113,0
DA:1114,0
DA:1118,0
DA:1120,0
DA:1121,0
DA:1123,0
DA:1124,0
DA:1125,0
DA:1126,0
DA:1130,0
DA:1133,0
DA:1134,0
DA:1135,0
DA:1136,0
DA:1137,0
DA:1140,0
DA:1141,0
DA:1142,0
DA:1143,0
DA:1144,0
DA:1147,0
DA:1148,0
DA:1149,0
DA:1150,0
DA:1153,0
DA:1154,0
DA:1155,0
DA:1156,0
DA:1157,0
DA:1159,0
DA:1160,0
DA:1161,0
DA:1162,0
DA:1163,0
DA:1167,0
DA:1168,0
DA:1169,0
DA:1170,0
DA:1171,0
DA:1174,0
DA:1175,0
DA:1176,0
DA:1180,0
DA:1181,0
DA:1183,0
DA:1184,0
DA:1185,0
DA:1186,0
DA:1187,0
DA:1188,0
DA:1190,0
DA:1191,0
DA:1192,0
DA:1193,0
DA:1201,0
DA:1202,0
DA:1205,0
DA:1206,0
DA:1207,0
DA:1211,0
DA:1214,0
DA:1215,0
DA:1216,0
DA:1224,0
DA:1225,0
DA:1226,0
DA:1227,0
DA:1231,0
DA:1232,0
DA:1233,0
DA:1234,0
DA:1235,0
DA:1236,0
DA:1237,0
DA:1239,0
DA:1240,0
DA:1245,0
DA:1246,0
DA:1247,0
LF:509
LH:0
BRDA:136,0,0,0
BRDA:136,0,1,0
BRDA:137,1,0,0
BRDA:137,1,1,0
BRDA:144,2,0,0
BRDA:144,2,1,0
BRDA:146,3,0,0
BRDA:146,3,1,0
BRDA:148,4,0,0
BRDA:148,4,1,0
BRDA:165,5,0,0
BRDA:165,5,1,0
BRDA:175,6,0,0
BRDA:175,6,1,0
BRDA:181,7,0,0
BRDA:181,7,1,0
BRDA:181,8,0,0
BRDA:181,8,1,0
BRDA:189,9,0,0
BRDA:189,9,1,0
BRDA:189,10,0,0
BRDA:189,10,1,0
BRDA:190,11,0,0
BRDA:190,11,1,0
BRDA:190,12,0,0
BRDA:190,12,1,0
BRDA:208,13,0,0
BRDA:208,13,1,0
BRDA:212,14,0,0
BRDA:212,14,1,0
BRDA:212,15,0,0
BRDA:212,15,1,0
BRDA:212,15,2,0
BRDA:215,16,0,0
BRDA:215,16,1,0
BRDA:215,17,0,0
BRDA:215,17,1,0
BRDA:215,17,2,0
BRDA:248,18,0,0
BRDA:248,18,1,0
BRDA:253,19,0,0
BRDA:253,19,1,0
BRDA:258,20,0,0
BRDA:258,20,1,0
BRDA:263,21,0,0
BRDA:263,21,1,0
BRDA:268,22,0,0
BRDA:268,22,1,0
BRDA:273,23,0,0
BRDA:273,23,1,0
BRDA:300,24,0,0
BRDA:300,24,1,0
BRDA:300,25,0,0
BRDA:300,25,1,0
BRDA:316,26,0,0
BRDA:316,26,1,0
BRDA:316,27,0,0
BRDA:316,27,1,0
BRDA:334,28,0,0
BRDA:334,28,1,0
BRDA:336,29,0,0
BRDA:336,29,1,0
BRDA:363,30,0,0
BRDA:363,30,1,0
BRDA:381,31,0,0
BRDA:381,31,1,0
BRDA:381,32,0,0
BRDA:381,32,1,0
BRDA:384,33,0,0
BRDA:384,33,1,0
BRDA:398,34,0,0
BRDA:398,34,1,0
BRDA:408,35,0,0
BRDA:408,35,1,0
BRDA:430,36,0,0
BRDA:430,36,1,0
BRDA:439,37,0,0
BRDA:439,37,1,0
BRDA:440,38,0,0
BRDA:440,38,1,0
BRDA:445,39,0,0
BRDA:445,39,1,0
BRDA:446,40,0,0
BRDA:446,40,1,0
BRDA:465,41,0,0
BRDA:465,41,1,0
BRDA:470,42,0,0
BRDA:470,42,1,0
BRDA:518,43,0,0
BRDA:518,43,1,0
BRDA:524,44,0,0
BRDA:524,44,1,0
BRDA:527,45,0,0
BRDA:527,45,1,0
BRDA:535,46,0,0
BRDA:535,46,1,0
BRDA:542,47,0,0
BRDA:542,47,1,0
BRDA:542,48,0,0
BRDA:542,48,1,0
BRDA:554,49,0,0
BRDA:554,49,1,0
BRDA:561,50,0,0
BRDA:561,50,1,0
BRDA:564,51,0,0
BRDA:564,51,1,0
BRDA:575,52,0,0
BRDA:575,52,1,0
BRDA:581,53,0,0
BRDA:581,53,1,0
BRDA:666,54,0,0
BRDA:666,54,1,0
BRDA:691,55,0,0
BRDA:691,55,1,0
BRDA:708,56,0,0
BRDA:708,56,1,0
BRDA:733,57,0,0
BRDA:733,57,1,0
BRDA:749,58,0,0
BRDA:749,58,1,0
BRDA:752,59,0,0
BRDA:752,59,1,0
BRDA:767,60,0,0
BRDA:767,60,1,0
BRDA:770,61,0,0
BRDA:770,61,1,0
BRDA:777,62,0,0
BRDA:777,62,1,0
BRDA:777,63,0,0
BRDA:777,63,1,0
BRDA:806,64,0,0
BRDA:806,64,1,0
BRDA:826,65,0,0
BRDA:826,65,1,0
BRDA:829,66,0,0
BRDA:829,66,1,0
BRDA:909,67,0,0
BRDA:909,67,1,0
BRDA:915,68,0,0
BRDA:915,68,1,0
BRDA:915,69,0,0
BRDA:915,69,1,0
BRDA:916,70,0,0
BRDA:916,70,1,0
BRDA:916,71,0,0
BRDA:916,71,1,0
BRDA:920,72,0,0
BRDA:920,72,1,0
BRDA:966,73,0,0
BRDA:966,73,1,0
BRDA:982,74,0,0
BRDA:982,74,1,0
BRDA:1036,75,0,0
BRDA:1036,75,1,0
BRDA:1089,76,0,0
BRDA:1089,76,1,0
BRDA:1089,77,0,0
BRDA:1089,77,1,0
BRDA:1104,78,0,0
BRDA:1104,78,1,0
BRDA:1104,79,0,0
BRDA:1104,79,1,0
BRDA:1118,80,0,0
BRDA:1118,80,1,0
BRDA:1153,81,0,0
BRDA:1153,81,1,0
BRDA:1167,82,0,0
BRDA:1167,82,1,0
BRDA:1215,83,0,0
BRDA:1215,83,1,0
BRF:170
BRH:0
end_of_record
TN:
SF:server.js
FN:22,(anonymous_0)
FN:44,(anonymous_1)
FN:70,(anonymous_2)
FN:76,(anonymous_3)
FN:78,(anonymous_4)
FNF:5
FNH:0
FNDA:0,(anonymous_0)
FNDA:0,(anonymous_1)
FNDA:0,(anonymous_2)
FNDA:0,(anonymous_3)
FNDA:0,(anonymous_4)
DA:1,0
DA:2,0
DA:3,0
DA:6,0
DA:22,0
DA:23,0
DA:24,0
DA:27,0
DA:28,0
DA:32,0
DA:33,0
DA:34,0
DA:35,0
DA:36,0
DA:40,0
DA:41,0
DA:44,0
DA:45,0
DA:46,0
DA:48,0
DA:49,0
DA:52,0
DA:53,0
DA:54,0
DA:58,0
DA:59,0
DA:63,0
DA:64,0
DA:65,0
DA:69,0
DA:70,0
DA:71,0
DA:72,0
DA:76,0
DA:77,0
DA:78,0
DA:79,0
DA:80,0
LF:38
LH:0
BRDA:27,0,0,0
BRDA:27,0,1,0
BRDA:33,1,0,0
BRDA:33,1,1,0
BRDA:41,2,0,0
BRDA:41,2,1,0
BRDA:45,3,0,0
BRDA:45,3,1,0
BRDA:46,4,0,0
BRDA:46,4,1,0
BRDA:69,5,0,0
BRDA:69,5,1,0
BRF:12
BRH:0
end_of_record
TN:
SF:sw.js
FN:12,(anonymous_0)
FN:15,(anonymous_1)
FN:23,(anonymous_2)
FN:26,(anonymous_3)
FN:38,(anonymous_4)
FN:41,(anonymous_5)
FN:43,(anonymous_6)
FN:54,(anonymous_7)
FN:60,doBackgroundSync
FNF:9
FNH:0
FNDA:0,(anonymous_0)
FNDA:0,(anonymous_1)
FNDA:0,(anonymous_2)
FNDA:0,(anonymous_3)
FNDA:0,(anonymous_4)
FNDA:0,(anonymous_5)
FNDA:0,(anonymous_6)
FNDA:0,(anonymous_7)
FNDA:0,doBackgroundSync
DA:1,0
DA:2,0
DA:12,0
DA:13,0
DA:16,0
DA:17,0
DA:23,0
DA:24,0
DA:28,0
DA:29,0
DA:31,0
DA:38,0
DA:39,0
DA:40,0
DA:42,0
DA:44,0
DA:45,0
DA:54,0
DA:55,0
DA:56,0
DA:62,0
LF:21
LH:0
BRDA:28,0,0,0
BRDA:28,0,1,0
BRDA:44,1,0,0
BRDA:44,1,1,0
BRDA:55,2,0,0
BRDA:55,2,1,0
BRF:6
BRH:0
end_of_record
TN:
SF:translations.js
FNF:0
FNH:0
DA:2,0
LF:1
LH:0
BRF:0
BRH:0
end_of_record
