TN:
SF:config.js
FNF:0
FNH:0
DA:4,0
DA:34,0
DA:35,0
DA:37,0
LF:4
LH:0
BRDA:34,0,0,0
BRDA:34,0,1,0
BRDA:34,1,0,0
BRDA:34,1,1,0
BRF:4
BRH:0
end_of_record
TN:
SF:script.js
FN:213,changeLanguage
FN:218,(anonymous_1)
FN:229,(anonymous_2)
FN:244,(anonymous_3)
FN:248,(anonymous_4)
FN:249,(anonymous_5)
FN:263,(anonymous_6)
FN:269,(anonymous_7)
FN:271,(anonymous_8)
FN:279,(anonymous_9)
FN:311,(anonymous_10)
FN:313,(anonymous_11)
FN:314,(anonymous_12)
FN:321,(anonymous_13)
FN:327,(anonymous_14)
FN:330,(anonymous_15)
FN:336,(anonymous_16)
FN:343,(anonymous_17)
FN:353,(anonymous_18)
FN:369,(anonymous_19)
FN:370,(anonymous_20)
FN:373,(anonymous_21)
FN:375,(anonymous_22)
FN:378,(anonymous_23)
FN:383,(anonymous_24)
FN:399,(anonymous_25)
FN:425,(anonymous_26)
FN:430,(anonymous_27)
FN:437,(anonymous_28)
FN:448,(anonymous_29)
FN:451,(anonymous_30)
FN:455,(anonymous_31)
FN:469,(anonymous_32)
FN:470,(anonymous_33)
FN:506,(anonymous_34)
FN:512,(anonymous_35)
FN:524,(anonymous_36)
FN:530,(anonymous_37)
FN:538,(anonymous_38)
FN:548,(anonymous_39)
FN:554,(anonymous_40)
FN:570,(anonymous_41)
FN:585,(anonymous_42)
FN:591,(anonymous_43)
FN:603,(anonymous_44)
FN:609,(anonymous_45)
FN:611,(anonymous_46)
FN:614,(anonymous_47)
FN:619,(anonymous_48)
FN:637,(anonymous_49)
FN:648,(anonymous_50)
FN:651,(anonymous_51)
FN:705,(anonymous_52)
FN:711,(anonymous_53)
FN:722,(anonymous_54)
FN:724,(anonymous_55)
FN:725,(anonymous_56)
FN:732,(anonymous_57)
FN:739,(anonymous_58)
FN:744,(anonymous_59)
FN:749,(anonymous_60)
FN:772,(anonymous_61)
FN:775,(anonymous_62)
FN:784,(anonymous_63)
FN:828,(anonymous_64)
FN:829,(anonymous_65)
FN:830,(anonymous_66)
FN:833,(anonymous_67)
FN:848,(anonymous_68)
FN:861,(anonymous_69)
FN:867,(anonymous_70)
FN:879,(anonymous_71)
FN:897,(anonymous_72)
FN:949,shuffleTarot
FN:954,(anonymous_74)
FN:971,(anonymous_75)
FN:978,(anonymous_76)
FN:992,(anonymous_77)
FN:993,(anonymous_78)
FN:1002,(anonymous_79)
FN:1011,(anonymous_80)
FN:1013,(anonymous_81)
FN:1017,(anonymous_82)
FN:1018,(anonymous_83)
FN:1022,(anonymous_84)
FN:1029,(anonymous_85)
FN:1036,(anonymous_86)
FN:1046,(anonymous_87)
FN:1052,(anonymous_88)
FN:1058,(anonymous_89)
FN:1064,(anonymous_90)
FN:1072,(anonymous_91)
FN:1081,(anonymous_92)
FN:1083,(anonymous_93)
FN:1084,(anonymous_94)
FN:1093,(anonymous_95)
FN:1100,(anonymous_96)
FN:1105,(anonymous_97)
FN:1119,(anonymous_98)
FN:1122,(anonymous_99)
FN:1131,(anonymous_100)
FN:1132,(anonymous_101)
FN:1133,(anonymous_102)
FN:1149,(anonymous_103)
FN:1150,(anonymous_104)
FN:1154,(anonymous_105)
FN:1164,(anonymous_106)
FN:1173,(anonymous_107)
FN:1179,(anonymous_108)
FN:1183,(anonymous_109)
FN:1184,(anonymous_110)
FN:1189,(anonymous_111)
FN:1196,(anonymous_112)
FN:1212,(anonymous_113)
FN:1221,(anonymous_114)
FN:1230,(anonymous_115)
FN:1243,(anonymous_116)
FN:1258,(anonymous_117)
FNF:118
FNH:0
FNDA:0,changeLanguage
FNDA:0,(anonymous_1)
FNDA:0,(anonymous_2)
FNDA:0,(anonymous_3)
FNDA:0,(anonymous_4)
FNDA:0,(anonymous_5)
FNDA:0,(anonymous_6)
FNDA:0,(anonymous_7)
FNDA:0,(anonymous_8)
FNDA:0,(anonymous_9)
FNDA:0,(anonymous_10)
FNDA:0,(anonymous_11)
FNDA:0,(anonymous_12)
FNDA:0,(anonymous_13)
FNDA:0,(anonymous_14)
FNDA:0,(anonymous_15)
FNDA:0,(anonymous_16)
FNDA:0,(anonymous_17)
FNDA:0,(anonymous_18)
FNDA:0,(anonymous_19)
FNDA:0,(anonymous_20)
FNDA:0,(anonymous_21)
FNDA:0,(anonymous_22)
FNDA:0,(anonymous_23)
FNDA:0,(anonymous_24)
FNDA:0,(anonymous_25)
FNDA:0,(anonymous_26)
FNDA:0,(anonymous_27)
FNDA:0,(anonymous_28)
FNDA:0,(anonymous_29)
FNDA:0,(anonymous_30)
FNDA:0,(anonymous_31)
FNDA:0,(anonymous_32)
FNDA:0,(anonymous_33)
FNDA:0,(anonymous_34)
FNDA:0,(anonymous_35)
FNDA:0,(anonymous_36)
FNDA:0,(anonymous_37)
FNDA:0,(anonymous_38)
FNDA:0,(anonymous_39)
FNDA:0,(anonymous_40)
FNDA:0,(anonymous_41)
FNDA:0,(anonymous_42)
FNDA:0,(anonymous_43)
FNDA:0,(anonymous_44)
FNDA:0,(anonymous_45)
FNDA:0,(anonymous_46)
FNDA:0,(anonymous_47)
FNDA:0,(anonymous_48)
FNDA:0,(anonymous_49)
FNDA:0,(anonymous_50)
FNDA:0,(anonymous_51)
FNDA:0,(anonymous_52)
FNDA:0,(anonymous_53)
FNDA:0,(anonymous_54)
FNDA:0,(anonymous_55)
FNDA:0,(anonymous_56)
FNDA:0,(anonymous_57)
FNDA:0,(anonymous_58)
FNDA:0,(anonymous_59)
FNDA:0,(anonymous_60)
FNDA:0,(anonymous_61)
FNDA:0,(anonymous_62)
FNDA:0,(anonymous_63)
FNDA:0,(anonymous_64)
FNDA:0,(anonymous_65)
FNDA:0,(anonymous_66)
FNDA:0,(anonymous_67)
FNDA:0,(anonymous_68)
FNDA:0,(anonymous_69)
FNDA:0,(anonymous_70)
FNDA:0,(anonymous_71)
FNDA:0,(anonymous_72)
FNDA:0,shuffleTarot
FNDA:0,(anonymous_74)
FNDA:0,(anonymous_75)
FNDA:0,(anonymous_76)
FNDA:0,(anonymous_77)
FNDA:0,(anonymous_78)
FNDA:0,(anonymous_79)
FNDA:0,(anonymous_80)
FNDA:0,(anonymous_81)
FNDA:0,(anonymous_82)
FNDA:0,(anonymous_83)
FNDA:0,(anonymous_84)
FNDA:0,(anonymous_85)
FNDA:0,(anonymous_86)
FNDA:0,(anonymous_87)
FNDA:0,(anonymous_88)
FNDA:0,(anonymous_89)
FNDA:0,(anonymous_90)
FNDA:0,(anonymous_91)
FNDA:0,(anonymous_92)
FNDA:0,(anonymous_93)
FNDA:0,(anonymous_94)
FNDA:0,(anonymous_95)
FNDA:0,(anonymous_96)
FNDA:0,(anonymous_97)
FNDA:0,(anonymous_98)
FNDA:0,(anonymous_99)
FNDA:0,(anonymous_100)
FNDA:0,(anonymous_101)
FNDA:0,(anonymous_102)
FNDA:0,(anonymous_103)
FNDA:0,(anonymous_104)
FNDA:0,(anonymous_105)
FNDA:0,(anonymous_106)
FNDA:0,(anonymous_107)
FNDA:0,(anonymous_108)
FNDA:0,(anonymous_109)
FNDA:0,(anonymous_110)
FNDA:0,(anonymous_111)
FNDA:0,(anonymous_112)
FNDA:0,(anonymous_113)
FNDA:0,(anonymous_114)
FNDA:0,(anonymous_115)
FNDA:0,(anonymous_116)
FNDA:0,(anonymous_117)
DA:2,0
DA:210,0
DA:214,0
DA:215,0
DA:218,0
DA:219,0
DA:220,0
DA:221,0
DA:226,0
DA:229,0
DA:230,0
DA:231,0
DA:232,0
DA:233,0
DA:235,0
DA:240,0
DA:244,0
DA:245,0
DA:248,0
DA:249,0
DA:250,0
DA:251,0
DA:252,0
DA:257,0
DA:258,0
DA:264,0
DA:265,0
DA:266,0
DA:270,0
DA:271,0
DA:274,0
DA:275,0
DA:280,0
DA:282,0
DA:283,0
DA:286,0
DA:287,0
DA:288,0
DA:289,0
DA:291,0
DA:293,0
DA:296,0
DA:299,0
DA:302,0
DA:303,0
DA:306,0
DA:307,0
DA:313,0
DA:314,0
DA:315,0
DA:316,0
DA:322,0
DA:323,0
DA:328,0
DA:329,0
DA:330,0
DA:331,0
DA:336,0
DA:337,0
DA:338,0
DA:343,0
DA:344,0
DA:345,0
DA:354,0
DA:355,0
DA:357,0
DA:358,0
DA:359,0
DA:360,0
DA:361,0
DA:363,0
DA:364,0
DA:365,0
DA:366,0
DA:369,0
DA:370,0
DA:374,0
DA:375,0
DA:379,0
DA:380,0
DA:384,0
DA:386,0
DA:387,0
DA:400,0
DA:406,0
DA:421,0
DA:422,0
DA:425,0
DA:431,0
DA:432,0
DA:433,0
DA:439,0
DA:440,0
DA:443,0
DA:446,0
DA:448,0
DA:452,0
DA:453,0
DA:455,0
DA:456,0
DA:457,0
DA:458,0
DA:460,0
DA:461,0
DA:464,0
DA:470,0
DA:472,0
DA:473,0
DA:475,0
DA:478,0
DA:482,0
DA:483,0
DA:484,0
DA:486,0
DA:487,0
DA:488,0
DA:489,0
DA:492,0
DA:493,0
DA:494,0
DA:495,0
DA:498,0
DA:499,0
DA:500,0
DA:501,0
DA:507,0
DA:508,0
DA:509,0
DA:512,0
DA:513,0
DA:514,0
DA:517,0
DA:518,0
DA:519,0
DA:520,0
DA:525,0
DA:526,0
DA:527,0
DA:530,0
DA:531,0
DA:532,0
DA:535,0
DA:539,0
DA:540,0
DA:542,0
DA:543,0
DA:544,0
DA:547,0
DA:548,0
DA:549,0
DA:556,0
DA:557,0
DA:566,0
DA:571,0
DA:573,0
DA:574,0
DA:575,0
DA:576,0
DA:578,0
DA:579,0
DA:580,0
DA:581,0
DA:582,0
DA:583,0
DA:585,0
DA:592,0
DA:593,0
DA:594,0
DA:595,0
DA:596,0
DA:598,0
DA:599,0
DA:600,0
DA:601,0
DA:603,0
DA:604,0
DA:605,0
DA:610,0
DA:611,0
DA:615,0
DA:616,0
DA:620,0
DA:622,0
DA:623,0
DA:638,0
DA:645,0
DA:649,0
DA:651,0
DA:653,0
DA:654,0
DA:657,0
DA:658,0
DA:659,0
DA:661,0
DA:662,0
DA:663,0
DA:667,0
DA:668,0
DA:671,0
DA:672,0
DA:673,0
DA:674,0
DA:675,0
DA:676,0
DA:680,0
DA:681,0
DA:684,0
DA:688,0
DA:689,0
DA:691,0
DA:692,0
DA:693,0
DA:694,0
DA:697,0
DA:698,0
DA:699,0
DA:700,0
DA:702,0
DA:705,0
DA:712,0
DA:713,0
DA:714,0
DA:715,0
DA:717,0
DA:718,0
DA:723,0
DA:724,0
DA:725,0
DA:729,0
DA:733,0
DA:735,0
DA:736,0
DA:739,0
DA:740,0
DA:744,0
DA:745,0
DA:750,0
DA:765,0
DA:766,0
DA:769,0
DA:773,0
DA:775,0
DA:776,0
DA:777,0
DA:785,0
DA:786,0
DA:788,0
DA:789,0
DA:790,0
DA:791,0
DA:792,0
DA:794,0
DA:809,0
DA:824,0
DA:825,0
DA:829,0
DA:830,0
DA:834,0
DA:835,0
DA:836,0
DA:837,0
DA:839,0
DA:840,0
DA:841,0
DA:842,0
DA:844,0
DA:849,0
DA:850,0
DA:851,0
DA:852,0
DA:854,0
DA:855,0
DA:857,0
DA:862,0
DA:863,0
DA:864,0
DA:868,0
DA:870,0
DA:871,0
DA:873,0
DA:874,0
DA:875,0
DA:876,0
DA:880,0
DA:883,0
DA:884,0
DA:885,0
DA:886,0
DA:887,0
DA:890,0
DA:891,0
DA:892,0
DA:893,0
DA:894,0
DA:897,0
DA:898,0
DA:899,0
DA:900,0
DA:903,0
DA:904,0
DA:905,0
DA:906,0
DA:907,0
DA:909,0
DA:910,0
DA:911,0
DA:912,0
DA:913,0
DA:917,0
DA:918,0
DA:919,0
DA:920,0
DA:921,0
DA:924,0
DA:925,0
DA:926,0
DA:930,0
DA:931,0
DA:933,0
DA:934,0
DA:935,0
DA:936,0
DA:937,0
DA:938,0
DA:940,0
DA:941,0
DA:942,0
DA:943,0
DA:950,0
DA:951,0
DA:954,0
DA:955,0
DA:956,0
DA:960,0
DA:963,0
DA:964,0
DA:965,0
DA:972,0
DA:973,0
DA:974,0
DA:975,0
DA:979,0
DA:980,0
DA:981,0
DA:982,0
DA:983,0
DA:984,0
DA:985,0
DA:987,0
DA:988,0
DA:993,0
DA:994,0
DA:995,0
DA:1003,0
DA:1004,0
DA:1005,0
DA:1006,0
DA:1008,0
DA:1012,0
DA:1013,0
DA:1017,0
DA:1018,0
DA:1022,0
DA:1023,0
DA:1024,0
DA:1029,0
DA:1030,0
DA:1031,0
DA:1037,0
DA:1039,0
DA:1040,0
DA:1042,0
DA:1047,0
DA:1048,0
DA:1049,0
DA:1052,0
DA:1053,0
DA:1054,0
DA:1059,0
DA:1060,0
DA:1061,0
DA:1064,0
DA:1065,0
DA:1073,0
DA:1078,0
DA:1082,0
DA:1083,0
DA:1084,0
DA:1085,0
DA:1086,0
DA:1092,0
DA:1093,0
DA:1101,0
DA:1102,0
DA:1106,0
DA:1107,0
DA:1111,0
DA:1114,0
DA:1115,0
DA:1121,0
DA:1122,0
DA:1125,0
DA:1126,0
DA:1127,0
DA:1132,0
DA:1133,0
DA:1134,0
DA:1135,0
DA:1136,0
DA:1137,0
DA:1138,0
DA:1140,0
DA:1150,0
DA:1151,0
DA:1152,0
DA:1154,0
DA:1155,0
DA:1156,0
DA:1165,0
DA:1166,0
DA:1167,0
DA:1168,0
DA:1170,0
DA:1174,0
DA:1175,0
DA:1180,0
DA:1184,0
DA:1185,0
DA:1186,0
DA:1189,0
DA:1190,0
DA:1191,0
DA:1192,0
DA:1197,0
DA:1198,0
DA:1201,0
DA:1202,0
DA:1204,0
DA:1207,0
DA:1213,0
DA:1214,0
DA:1215,0
DA:1216,0
DA:1218,0
DA:1222,0
DA:1223,0
DA:1224,0
DA:1225,0
DA:1227,0
DA:1231,0
DA:1232,0
DA:1234,0
DA:1235,0
DA:1236,0
DA:1237,0
DA:1240,0
DA:1244,0
DA:1245,0
DA:1246,0
DA:1247,0
DA:1249,0
DA:1258,0
DA:1259,0
DA:1260,0
DA:1261,0
DA:1262,0
DA:1263,0
DA:1264,0
DA:1267,0
DA:1268,0
DA:1269,0
DA:1270,0
DA:1272,0
LF:473
LH:0
BRDA:220,0,0,0
BRDA:220,0,1,0
BRDA:231,1,0,0
BRDA:231,1,1,0
BRDA:232,2,0,0
BRDA:232,2,1,0
BRDA:232,3,0,0
BRDA:232,3,1,0
BRDA:270,4,0,0
BRDA:270,4,1,0
BRDA:274,5,0,0
BRDA:274,5,1,0
BRDA:322,6,0,0
BRDA:322,6,1,0
BRDA:329,7,0,0
BRDA:329,7,1,0
BRDA:337,8,0,0
BRDA:337,8,1,0
BRDA:344,9,0,0
BRDA:344,9,1,0
BRDA:344,10,0,0
BRDA:344,10,1,0
BRDA:355,11,0,0
BRDA:355,11,1,0
BRDA:431,12,0,0
BRDA:431,12,1,0
BRDA:456,13,0,0
BRDA:456,13,1,0
BRDA:473,14,0,0
BRDA:473,14,1,0
BRDA:498,15,0,0
BRDA:498,15,1,0
BRDA:514,16,0,0
BRDA:514,16,1,0
BRDA:517,17,0,0
BRDA:517,17,1,0
BRDA:532,18,0,0
BRDA:532,18,1,0
BRDA:535,19,0,0
BRDA:535,19,1,0
BRDA:542,20,0,0
BRDA:542,20,1,0
BRDA:542,21,0,0
BRDA:542,21,1,0
BRDA:571,22,0,0
BRDA:571,22,1,0
BRDA:661,23,0,0
BRDA:661,23,1,0
BRDA:667,24,0,0
BRDA:667,24,1,0
BRDA:667,25,0,0
BRDA:667,25,1,0
BRDA:668,26,0,0
BRDA:668,26,1,0
BRDA:668,27,0,0
BRDA:668,27,1,0
BRDA:672,28,0,0
BRDA:672,28,1,0
BRDA:717,29,0,0
BRDA:717,29,1,0
BRDA:733,30,0,0
BRDA:733,30,1,0
BRDA:786,31,0,0
BRDA:786,31,1,0
BRDA:839,32,0,0
BRDA:839,32,1,0
BRDA:839,33,0,0
BRDA:839,33,1,0
BRDA:854,34,0,0
BRDA:854,34,1,0
BRDA:854,35,0,0
BRDA:854,35,1,0
BRDA:868,36,0,0
BRDA:868,36,1,0
BRDA:903,37,0,0
BRDA:903,37,1,0
BRDA:917,38,0,0
BRDA:917,38,1,0
BRDA:964,39,0,0
BRDA:964,39,1,0
BRDA:1012,40,0,0
BRDA:1012,40,1,0
BRDA:1023,41,0,0
BRDA:1023,41,1,0
BRDA:1023,42,0,0
BRDA:1023,42,1,0
BRDA:1030,43,0,0
BRDA:1030,43,1,0
BRDA:1039,44,0,0
BRDA:1039,44,1,0
BRDA:1082,45,0,0
BRDA:1082,45,1,0
BRDA:1085,46,0,0
BRDA:1085,46,1,0
BRDA:1106,47,0,0
BRDA:1106,47,1,0
BRDA:1114,48,0,0
BRDA:1114,48,1,0
BRDA:1126,49,0,0
BRDA:1126,49,1,0
BRDA:1136,50,0,0
BRDA:1136,50,1,0
BRDA:1174,51,0,0
BRDA:1174,51,1,0
BRDA:1180,52,0,0
BRDA:1180,52,1,0
BRDA:1201,53,0,0
BRDA:1201,53,1,0
BRDA:1201,54,0,0
BRDA:1201,54,1,0
BRDA:1202,55,0,0
BRDA:1202,55,1,0
BRDA:1225,56,0,0
BRDA:1225,56,1,0
BRDA:1236,57,0,0
BRDA:1236,57,1,0
BRDA:1236,58,0,0
BRDA:1236,58,1,0
BRDA:1245,59,0,0
BRDA:1245,59,1,0
BRF:120
BRH:0
end_of_record
TN:
SF:sw.js
FN:12,(anonymous_0)
FN:15,(anonymous_1)
FN:23,(anonymous_2)
FN:26,(anonymous_3)
FN:38,(anonymous_4)
FN:41,(anonymous_5)
FN:43,(anonymous_6)
FN:54,(anonymous_7)
FN:60,doBackgroundSync
FNF:9
FNH:0
FNDA:0,(anonymous_0)
FNDA:0,(anonymous_1)
FNDA:0,(anonymous_2)
FNDA:0,(anonymous_3)
FNDA:0,(anonymous_4)
FNDA:0,(anonymous_5)
FNDA:0,(anonymous_6)
FNDA:0,(anonymous_7)
FNDA:0,doBackgroundSync
DA:1,0
DA:2,0
DA:12,0
DA:13,0
DA:16,0
DA:17,0
DA:23,0
DA:24,0
DA:28,0
DA:29,0
DA:31,0
DA:38,0
DA:39,0
DA:40,0
DA:42,0
DA:44,0
DA:45,0
DA:54,0
DA:55,0
DA:56,0
DA:62,0
LF:21
LH:0
BRDA:28,0,0,0
BRDA:28,0,1,0
BRDA:44,1,0,0
BRDA:44,1,1,0
BRDA:55,2,0,0
BRDA:55,2,1,0
BRF:6
BRH:0
end_of_record
